#
# A fatal error has been detected by the Java Runtime Environment:
#
#  EXCEPTION_ACCESS_VIOLATION (0xc0000005) at pc=0x00007ff9f8885507, pid=18504, tid=4596
#
# JRE version: OpenJDK Runtime Environment (18.0.2+9) (build 18.0.2+9-61)
# Java VM: OpenJDK 64-Bit Server VM (18.0.2+9-61, mixed mode, emulated-client, sharing, tiered, compressed oops, compressed class ptrs, g1 gc, windows-amd64)
# Problematic frame:
# V  [jvm.dll+0x325507]
#
# No core dump will be written. Minidumps are not enabled by default on client versions of Windows
#
# If you would like to submit a bug report, please visit:
#   https://bugreport.java.com/bugreport/crash.jsp
#

---------------  S U M M A R Y ------------

Command Line: -XX:TieredStopAtLevel=1 -Xverify:none -Dspring.output.ansi.enabled=always -javaagent:C:\Program Files\JetBrains\IntelliJ IDEA 2021.2.3\lib\idea_rt.jar=59660:C:\Program Files\JetBrains\IntelliJ IDEA 2021.2.3\bin -Dcom.sun.management.jmxremote -Dspring.jmx.enabled=true -Dspring.liveBeansView.mbeanDomain -Dspring.application.admin.enabled=true -Dfile.encoding=UTF-8 com.tc.TravelingCrewApiApplication

Host: Intel(R) Core(TM) i5-5300U CPU @ 2.30GHz, 4 cores, 7G,  Windows 11 , 64 bit Build 22621 (10.0.22621.580)
Time: Sun Sep  4 19:52:55 2022 SE Asia Standard Time elapsed time: 2157.302767 seconds (0d 0h 35m 57s)

---------------  T H R E A D  ---------------

Current thread (0x0000017444921c20):  WorkerThread "GC Thread#3" [stack: 0x0000002b2ed00000,0x0000002b2ee00000] [id=4596]

Stack: [0x0000002b2ed00000,0x0000002b2ee00000],  sp=0x0000002b2edff590,  free space=1021k
Native frames: (J=compiled Java code, j=interpreted, Vv=VM code, C=native code)
V  [jvm.dll+0x325507]
V  [jvm.dll+0x321d4e]
V  [jvm.dll+0x3359c4]
V  [jvm.dll+0x20d7e4]
V  [jvm.dll+0x321ccb]
V  [jvm.dll+0x20fc78]
V  [jvm.dll+0x336790]
V  [jvm.dll+0x3365d5]
V  [jvm.dll+0x33ebf4]
V  [jvm.dll+0x33ed6b]
V  [jvm.dll+0x820a44]
V  [jvm.dll+0x7a125a]
V  [jvm.dll+0x698275]
C  [ucrtbase.dll+0x29363]
C  [KERNEL32.DLL+0x1244d]
C  [ntdll.dll+0x5df78]


siginfo: EXCEPTION_ACCESS_VIOLATION (0xc0000005), reading address 0x000000007f480606


Register to memory mapping:

RIP=0x00007ff9f8885507 jvm.dll
RAX=0x0 is NULL
RBX=0x0000017447226f60 points into unknown readable memory: 0x00007ff9f8e84db0 | b0 4d e8 f8 f9 7f 00 00
RCX=0x0000000000000014 is an unknown value
RDX=0x0 is NULL
RSP=0x0000002b2edff590 points into unknown readable memory: 0x0000017447220000 | 00 00 22 47 74 01 00 00
RBP=0x000000000000040f is an unknown value
RSI=0x000001742e78ff30 points into unknown readable memory: 0x0000000000000000 | 00 00 00 00 00 00 00 00
RDI=0x00000000853cffec is pointing into object: java.lang.Class 
{0x00000000853cff88} - klass: 'java/lang/Class'
 - ---- fields (total size 15 words):
 - private volatile transient 'classRedefinedCount' 'I' @12  0
 - abstract internal 'klass' 'J' @16  34383151784 (16542a8 8)
 - abstract internal 'array_klass' 'J' @24  0 (0 0)
 - abstract internal 'oop_size' 'I' @32  15 (f)
 - abstract internal 'static_oop_field_count' 'I' @36  1
 - private volatile transient 'cachedConstructor' 'Ljava/lang/reflect/Constructor;' @40  NULL (0)
 - private transient 'name' 'Ljava/lang/String;' @44  "org.hibernate.query.spi.QueryParameterBindingValidator"{0x00000000853d1398} (853d1398)
 - private transient 'module' 'Ljava/lang/Module;' @48  a 'java/lang/Module'{0x00000000822ba6d0} (822ba6d0)
 - private final 'classLoader' 'Ljava/lang/ClassLoader;' @52  a 'jdk/internal/loader/ClassLoaders$AppClassLoader'{0x0000000082222c00} (82222c00)
 - private transient 'classData' 'Ljava/lang/Object;' @56  NULL (0)
 - private transient 'packageName' 'Ljava/lang/String;' @60  "org.hibernate.query.spi"{0x000000008272d2b8} (8272d2b8)
 - private final 'componentType' 'Ljava/lang/Class;' @64  NULL (0)
 - private volatile transient 'reflectionData' 'Ljava/lang/ref/SoftReference;' @68  NULL (0)
 - private volatile transient 'genericInfo' 'Lsun/reflect/generics/repository/ClassRepository;' @72  NULL (0)
 - private volatile transient 'enumConstants' '[Ljava/lang/Object;' @76  NULL (0)
 - private volatile transient 'enumConstantDirectory' 'Ljava/util/Map;' @80  NULL (0)
 - private volatile transient 'annotationData' 'Ljava/lang/Class$AnnotationData;' @84  NULL (0)
 - private volatile transient 'annotationType' 'Lsun/reflect/annotation/AnnotationType;' @88  NULL (0)
 - transient 'classValueMap' 'Ljava/lang/ClassValue$ClassValueMap;' @92  NULL (0)
 - abstract internal 'protection_domain' 'Ljava/lang/Object;' @96  a 'java/security/ProtectionDomain'{0x000000008271bb60} (8271bb60)
 - abstract internal 'signers_name' 'Ljava/lang/Object;' @100  
[error occurred during error reporting (printing register info), id 0xc0000005, EXCEPTION_ACCESS_VIOLATION (0xc0000005) at pc=0x00007ff9f8be5c7d]

Registers:
RAX=0x0000000000000000, RBX=0x0000017447226f60, RCX=0x0000000000000014, RDX=0x0000000000000000
RSP=0x0000002b2edff590, RBP=0x000000000000040f, RSI=0x000001742e78ff30, RDI=0x00000000853cffec
R8 =0x00000000853d13b0, R9 =0x00000000853d13f8, R10=0x000000007f480606, R11=0x00007ffa543d15c3
R12=0x000001743ff96808, R13=0x00000000000003d8, R14=0x0000000000000040, R15=0x0000000000000000
RIP=0x00007ff9f8885507, EFLAGS=0x0000000000010246

Top of Stack: (sp=0x0000002b2edff590)
0x0000002b2edff590:   0000017447220000 0000000000000100
0x0000002b2edff5a0:   0000017400000000 0000000000000019
0x0000002b2edff5b0:   00000174476859a0 00000174476859d8
0x0000002b2edff5c0:   0000017446ed7850 0000017446ed77c0
0x0000002b2edff5d0:   0000000000000020 00007ff9f8881d4e
0x0000002b2edff5e0:   0000000000000014 0000017447226f60
0x0000002b2edff5f0:   00000174476859d8 00000000000003d8
0x0000002b2edff600:   0000000505cec6ba 0000043d722b6709
0x0000002b2edff610:   0000017446ed77c0 0000000000000020
0x0000002b2edff620:   00000174476859d8 00007ff9f88959c4
0x0000002b2edff630:   0000000000000000 00007ff9f8d00100
0x0000002b2edff640:   0000017400000000 00000038b6d5b119
0x0000002b2edff650:   0000017446ed7850 00007ff9f876d7e4
0x0000002b2edff660:   0000000000000012 0000017447685a38
0x0000002b2edff670:   000001744766d1c0 00000174476859d8
0x0000002b2edff680:   0000002b2e0fe990 00007ff9f8881ccb 

Instructions: (pc=0x00007ff9f8885507)
0x00007ff9f8885407:   e9 e4 fd ff ff 48 8d 57 fe 48 8b cb e8 48 f4 ff
0x00007ff9f8885417:   ff e9 d3 fd ff ff 0f 1f 00 48 8b 73 10 8b ae 80
0x00007ff9f8885427:   00 00 00 8b cd 8b 86 00 01 00 00 2b c8 81 e1 ff
0x00007ff9f8885437:   ff 01 00 41 3b ce 0f 86 49 02 00 00 ff cd 81 e5
0x00007ff9f8885447:   ff ff 01 00 89 ae 80 00 00 00 e8 ba 53 36 00 48
0x00007ff9f8885457:   8b 86 80 01 00 00 8b cd 8b d5 48 8b 3c e8 8b 86
0x00007ff9f8885467:   00 01 00 00 2b c8 81 e1 ff ff 01 00 81 f9 ff ff
0x00007ff9f8885477:   01 00 41 0f 44 cf 85 c9 75 3c 48 8b 86 00 01 00
0x00007ff9f8885487:   00 48 8b c8 89 6c 24 50 48 c1 e9 20 ff c1 89 4c
0x00007ff9f8885497:   24 54 3b e8 0f 85 d9 01 00 00 48 c1 e1 20 48 0b
0x00007ff9f88854a7:   ca f0 48 0f b1 8e 00 01 00 00 0f 85 c3 01 00 00
0x00007ff9f88854b7:   8b 86 00 01 00 00 40 f6 c7 01 0f 84 a7 00 00 00
0x00007ff9f88854c7:   8b 0d c3 a4 79 00 48 ff cf 48 8b 43 08 44 8b 17
0x00007ff9f88854d7:   49 d3 e2 8b 88 20 06 00 00 48 8b 80 10 06 00 00
0x00007ff9f88854e7:   4c 03 15 9a a4 79 00 49 8b d2 48 d3 ea 0f b7 14
0x00007ff9f88854f7:   50 0f b7 c2 66 c1 e8 08 84 c0 0f 88 19 ff ff ff
0x00007ff9f8885507:   4d 8b 02 41 0f b6 c0 24 03 3c 03 75 06 49 83 e0
0x00007ff9f8885517:   fc eb 11 4d 8b c8 48 8b cb 4d 8b c2 e8 28 ee ff
0x00007ff9f8885527:   ff 4c 8b c0 8b 0d 5f a4 79 00 49 8b d0 48 2b 15
0x00007ff9f8885537:   4d a4 79 00 48 d3 ea 89 17 49 8b d0 8b 0d f7 ef
0x00007ff9f8885547:   80 00 48 33 d7 48 d3 ea 48 85 d2 0f 84 c8 fe ff
0x00007ff9f8885557:   ff 48 8b 43 08 8b 88 20 06 00 00 4c 8b 88 10 06
0x00007ff9f8885567:   00 00 e9 87 00 00 00 40 f6 c7 03 0f 85 f1 00 00
0x00007ff9f8885577:   00 48 8b 43 08 4c 8b 17 49 8b d2 8b 88 20 06 00
0x00007ff9f8885587:   00 48 8b 80 10 06 00 00 48 d3 ea 0f b7 14 50 0f
0x00007ff9f8885597:   b7 c2 66 c1 e8 08 84 c0 0f 88 7b fe ff ff 4d 8b
0x00007ff9f88855a7:   02 41 0f b6 c0 24 03 3c 03 75 06 49 83 e0 fc eb
0x00007ff9f88855b7:   11 4d 8b c8 48 8b cb 4d 8b c2 e8 8a ed ff ff 4c
0x00007ff9f88855c7:   8b c0 49 8b d0 4c 89 07 8b 0d 6b ef 80 00 48 33
0x00007ff9f88855d7:   d7 48 d3 ea 48 85 d2 0f 84 3c fe ff ff 48 8b 53
0x00007ff9f88855e7:   08 8b 8a 20 06 00 00 4c 8b 8a 10 06 00 00 48 8b
0x00007ff9f88855f7:   c7 48 d3 e8 41 0f b7 14 41 66 c1 ea 08 80 fa fe 


Stack slot to memory mapping:
stack at sp + 0 slots: 0x0000017447220000 points into unknown readable memory: 0x00000174471dc550 | 50 c5 1d 47 74 01 00 00
stack at sp + 1 slots: 0x0000000000000100 is an unknown value
stack at sp + 2 slots: 0x0000017400000000 is an unknown value
stack at sp + 3 slots: 0x0000000000000019 is an unknown value
stack at sp + 4 slots: 0x00000174476859a0 points into unknown readable memory: 0x00007ff9f8e868b0 | b0 68 e8 f8 f9 7f 00 00
stack at sp + 5 slots: 0x00000174476859d8 points into unknown readable memory: 0x00007ff9f8e86880 | 80 68 e8 f8 f9 7f 00 00
stack at sp + 6 slots: 0x0000017446ed7850 points into unknown readable memory: 0x00000000853d0a08 | 08 0a 3d 85 00 00 00 00
stack at sp + 7 slots: 0x0000017446ed77c0 points into unknown readable memory: 0x00000000853d0108 | 08 01 3d 85 00 00 00 00


---------------  P R O C E S S  ---------------

Threads class SMR info:
_java_thread_list=0x0000017447485a30, length=40, elements={
0x000001743ff3be30, 0x000001743ff407e0, 0x000001743ff5b3a0, 0x000001743ff5bd40,
0x000001743ff5e6f0, 0x000001743ff5f090, 0x000001743ff5fa30, 0x000001743ff8b740,
0x000001743ff24e70, 0x0000017444a841e0, 0x0000017444a75780, 0x0000017444b932f0,
0x0000017445f959a0, 0x0000017446426770, 0x0000017446067800, 0x0000017446d246b0,
0x0000017445e4c4e0, 0x0000017445e4c9b0, 0x0000017445e4ce80, 0x0000017445e4a330,
0x0000017445e49990, 0x0000017445e4a800, 0x0000017445e4acd0, 0x0000017445e4b670,
0x0000017445e494c0, 0x000001744705a0b0, 0x00000174470566f0, 0x00000174470588a0,
0x0000017447056bc0, 0x0000017447057f00, 0x0000017447054ee0, 0x0000017447055880,
0x0000017447058d70, 0x00000174470553b0, 0x0000017447057090, 0x00000174470583d0,
0x0000017447055d50, 0x000001744705aa50, 0x000001744705b3f0, 0x0000017445ae54c0
}

Java Threads: ( => current thread )
  0x000001743ff3be30 JavaThread "Reference Handler" daemon [_thread_blocked, id=13516, stack(0x0000002b2e100000,0x0000002b2e200000)]
  0x000001743ff407e0 JavaThread "Finalizer" daemon [_thread_blocked, id=17944, stack(0x0000002b2e200000,0x0000002b2e300000)]
  0x000001743ff5b3a0 JavaThread "Signal Dispatcher" daemon [_thread_blocked, id=19164, stack(0x0000002b2e300000,0x0000002b2e400000)]
  0x000001743ff5bd40 JavaThread "Attach Listener" daemon [_thread_blocked, id=9332, stack(0x0000002b2e400000,0x0000002b2e500000)]
  0x000001743ff5e6f0 JavaThread "Service Thread" daemon [_thread_blocked, id=19320, stack(0x0000002b2e500000,0x0000002b2e600000)]
  0x000001743ff5f090 JavaThread "Monitor Deflation Thread" daemon [_thread_blocked, id=10196, stack(0x0000002b2e600000,0x0000002b2e700000)]
  0x000001743ff5fa30 JavaThread "C1 CompilerThread0" daemon [_thread_blocked, id=12724, stack(0x0000002b2e700000,0x0000002b2e800000)]
  0x000001743ff8b740 JavaThread "Sweeper thread" daemon [_thread_blocked, id=14228, stack(0x0000002b2e800000,0x0000002b2e900000)]
  0x000001743ff24e70 JavaThread "Common-Cleaner" daemon [_thread_blocked, id=17416, stack(0x0000002b2e900000,0x0000002b2ea00000)]
  0x0000017444a841e0 JavaThread "Monitor Ctrl-Break" daemon [_thread_in_native, id=3096, stack(0x0000002b2ee00000,0x0000002b2ef00000)]
  0x0000017444a75780 JavaThread "Notification Thread" daemon [_thread_blocked, id=3760, stack(0x0000002b2ef00000,0x0000002b2f000000)]
  0x0000017444b932f0 JavaThread "RMI TCP Accept-0" daemon [_thread_in_native, id=12824, stack(0x0000002b2f000000,0x0000002b2f100000)]
  0x0000017445f959a0 JavaThread "mysql-cj-abandoned-connection-cleanup" daemon [_thread_blocked, id=640, stack(0x0000002b2f400000,0x0000002b2f500000)]
  0x0000017446426770 JavaThread "HikariPool-1 housekeeper" daemon [_thread_blocked, id=14564, stack(0x0000002b2f600000,0x0000002b2f700000)]
  0x0000017446067800 JavaThread "spring.cloud.inetutils" daemon [_thread_blocked, id=2864, stack(0x0000002b2f800000,0x0000002b2f900000)]
  0x0000017446d246b0 JavaThread "Catalina-utility-1" [_thread_blocked, id=5948, stack(0x0000002b2f900000,0x0000002b2fa00000)]
  0x0000017445e4c4e0 JavaThread "Catalina-utility-2" [_thread_blocked, id=1448, stack(0x0000002b2fa00000,0x0000002b2fb00000)]
  0x0000017445e4c9b0 JavaThread "container-0" [_thread_blocked, id=10960, stack(0x0000002b2fb00000,0x0000002b2fc00000)]
  0x0000017445e4ce80 JavaThread "AsyncResolver-bootstrap-0" daemon [_thread_blocked, id=6160, stack(0x0000002b2f700000,0x0000002b2f800000)]
  0x0000017445e4a330 JavaThread "DiscoveryClient-0" daemon [_thread_blocked, id=8396, stack(0x0000002b2fc00000,0x0000002b2fd00000)]
  0x0000017445e49990 JavaThread "DiscoveryClient-1" daemon [_thread_blocked, id=17628, stack(0x0000002b2fd00000,0x0000002b2fe00000)]
  0x0000017445e4a800 JavaThread "DiscoveryClient-InstanceInfoReplicator-0" daemon [_thread_blocked, id=3664, stack(0x0000002b2fe00000,0x0000002b2ff00000)]
  0x0000017445e4acd0 JavaThread "http-nio-8080-Poller" daemon [_thread_in_native, id=15048, stack(0x0000002b2ff00000,0x0000002b30000000)]
  0x0000017445e4b670 JavaThread "http-nio-8080-Acceptor" daemon [_thread_in_native, id=7096, stack(0x0000002b30000000,0x0000002b30100000)]
  0x0000017445e494c0 JavaThread "DestroyJavaVM" [_thread_blocked, id=17208, stack(0x0000002b2da00000,0x0000002b2db00000)]
  0x000001744705a0b0 JavaThread "DiscoveryClient-CacheRefreshExecutor-0" daemon [_thread_blocked, id=21124, stack(0x0000002b30100000,0x0000002b30200000)]
  0x00000174470566f0 JavaThread "DiscoveryClient-HeartbeatExecutor-0" daemon [_thread_blocked, id=8736, stack(0x0000002b30200000,0x0000002b30300000)]
  0x00000174470588a0 JavaThread "http-nio-8080-exec-1" daemon [_thread_blocked, id=17272, stack(0x0000002b2d800000,0x0000002b2d900000)]
  0x0000017447056bc0 JavaThread "http-nio-8080-exec-2" daemon [_thread_blocked, id=18172, stack(0x0000002b2d900000,0x0000002b2da00000)]
  0x0000017447057f00 JavaThread "http-nio-8080-exec-3" daemon [_thread_blocked, id=9748, stack(0x0000002b30300000,0x0000002b30400000)]
  0x0000017447054ee0 JavaThread "http-nio-8080-exec-4" daemon [_thread_blocked, id=9288, stack(0x0000002b30400000,0x0000002b30500000)]
  0x0000017447055880 JavaThread "http-nio-8080-exec-5" daemon [_thread_blocked, id=1080, stack(0x0000002b30500000,0x0000002b30600000)]
  0x0000017447058d70 JavaThread "http-nio-8080-exec-6" daemon [_thread_blocked, id=10880, stack(0x0000002b30600000,0x0000002b30700000)]
  0x00000174470553b0 JavaThread "http-nio-8080-exec-7" daemon [_thread_blocked, id=10144, stack(0x0000002b30700000,0x0000002b30800000)]
  0x0000017447057090 JavaThread "AsyncReporter{RestTemplateSender{http://localhost:9411/api/v2/spans}}" daemon [_thread_blocked, id=8284, stack(0x0000002b30b00000,0x0000002b30c00000)]
  0x00000174470583d0 JavaThread "http-nio-8080-exec-8" daemon [_thread_blocked, id=12584, stack(0x0000002b30c00000,0x0000002b30d00000)]
  0x0000017447055d50 JavaThread "http-nio-8080-exec-9" daemon [_thread_blocked, id=8140, stack(0x0000002b30d00000,0x0000002b30e00000)]
  0x000001744705aa50 JavaThread "http-nio-8080-exec-10" daemon [_thread_blocked, id=22084, stack(0x0000002b30800000,0x0000002b30900000)]
  0x000001744705b3f0 JavaThread "AsyncResolver-bootstrap-executor-0" daemon [_thread_blocked, id=15256, stack(0x0000002b2eb00000,0x0000002b2ec00000)]
  0x0000017445ae54c0 JavaThread "C1 CompilerThread1" daemon [_thread_blocked, id=1700, stack(0x0000002b2f200000,0x0000002b2f300000)]

Other Threads:
  0x000001743ff37e20 VMThread "VM Thread" [stack: 0x0000002b2e000000,0x0000002b2e100000] [id=18352]
  0x000001742e772f80 WatcherThread "VM Periodic Task Thread" [stack: 0x0000002b2f100000,0x0000002b2f200000] [id=16412]
  0x000001742e7cf710 WorkerThread "GC Thread#0" [stack: 0x0000002b2db00000,0x0000002b2dc00000] [id=20740]
  0x00000174444fe3b0 WorkerThread "GC Thread#1" [stack: 0x0000002b2ea00000,0x0000002b2eb00000] [id=20268]
  0x00000174444fe650 WorkerThread "GC Thread#2" [stack: 0x0000002b2ec00000,0x0000002b2ed00000] [id=2100]
=>0x0000017444921c20 WorkerThread "GC Thread#3" [stack: 0x0000002b2ed00000,0x0000002b2ee00000] [id=4596]
  0x000001742e7e0300 ConcurrentGCThread "G1 Main Marker" [stack: 0x0000002b2dc00000,0x0000002b2dd00000] [id=19480]
  0x000001742e7e1e60 WorkerThread "G1 Conc#0" [stack: 0x0000002b2dd00000,0x0000002b2de00000] [id=18612]
  0x000001742e80e7e0 ConcurrentGCThread "G1 Refine#0" [stack: 0x0000002b2de00000,0x0000002b2df00000] [id=19888]
  0x000001744414b430 ConcurrentGCThread "G1 Refine#1" [stack: 0x0000002b2f300000,0x0000002b2f400000] [id=1996]
  0x000001743fdf2260 ConcurrentGCThread "G1 Service" [stack: 0x0000002b2df00000,0x0000002b2e000000] [id=18016]

Threads with active compile tasks:
C1 CompilerThread0  2157420 13566   !   1       sun.nio.ch.SocketChannelImpl::socket (54 bytes)
C1 CompilerThread1  2157420 13568       1       java.lang.invoke.VarHandleGuards::guard_LIL_V (137 bytes)

VM state: at safepoint (normal execution)

VM Mutex/Monitor currently owned by a thread:  ([mutex/lock_event])
[0x000001742e76d770] Threads_lock - owner thread: 0x000001743ff37e20
[0x000001742e76dec0] Heap_lock - owner thread: 0x0000017447057f00

Heap address: 0x0000000081a00000, size: 2022 MB, Compressed Oops mode: 32-bit

CDS archive(s) mapped at: [0x0000000800000000-0x0000000800ba0000-0x0000000800ba0000), size 12189696, SharedBaseAddress: 0x0000000800000000, ArchiveRelocationMode: 0.
Compressed class space mapped at: 0x0000000800c00000-0x0000000840c00000, reserved size: 1073741824
Narrow klass base: 0x0000000800000000, Narrow klass shift: 0, Narrow klass range: 0x100000000

GC Precious Log:
 CardTable entry size: 512
 Card Set container configuration: InlinePtr #cards 5 size 8 Array Of Cards #cards 12 size 40 Howl #buckets 4 coarsen threshold 1843 Howl Bitmap #cards 512 size 80 coarsen threshold 460 Card regions per heap region 1 cards per card region 2048
 CPUs: 4 total, 4 available
 Memory: 8087M
 Large Page Support: Disabled
 NUMA Support: Disabled
 Compressed Oops: Enabled (32-bit)
 Heap Region Size: 1M
 Heap Min Capacity: 8M
 Heap Initial Capacity: 128M
 Heap Max Capacity: 2022M
 Pre-touch: Disabled
 Parallel Workers: 4
 Concurrent Workers: 1
 Concurrent Refinement Workers: 4
 Periodic GC: Disabled

Heap:
 garbage-first heap   total 154624K, used 128899K [0x0000000081a00000, 0x0000000100000000)
  region size 1024K, 68 young (69632K), 4 survivors (4096K)
 Metaspace       used 79096K, committed 80064K, reserved 1179648K
  class space    used 11091K, committed 11584K, reserved 1048576K

Heap Regions: E=young(eden), S=young(survivor), O=old, HS=humongous(starts), HC=humongous(continues), CS=collection set, F=free, OA=open archive, CA=closed archive, TAMS=top-at-mark-start (previous, next)
|   0|0x0000000081a00000, 0x0000000081b00000, 0x0000000081b00000|100%|HS|  |TAMS 0x0000000081b00000, 0x0000000081a00000| Complete 
|   1|0x0000000081b00000, 0x0000000081c00000, 0x0000000081c00000|100%| O|  |TAMS 0x0000000081c00000, 0x0000000081b00000| Untracked 
|   2|0x0000000081c00000, 0x0000000081d00000, 0x0000000081d00000|100%| O|  |TAMS 0x0000000081d00000, 0x0000000081c00000| Untracked 
|   3|0x0000000081d00000, 0x0000000081e00000, 0x0000000081e00000|100%| O|  |TAMS 0x0000000081e00000, 0x0000000081d00000| Untracked 
|   4|0x0000000081e00000, 0x0000000081f00000, 0x0000000081f00000|100%| O|  |TAMS 0x0000000081f00000, 0x0000000081e00000| Untracked 
|   5|0x0000000081f00000, 0x0000000082000000, 0x0000000082000000|100%| O|  |TAMS 0x0000000082000000, 0x0000000081f00000| Untracked 
|   6|0x0000000082000000, 0x0000000082100000, 0x0000000082100000|100%| O|  |TAMS 0x0000000082100000, 0x0000000082000000| Untracked 
|   7|0x0000000082100000, 0x0000000082200000, 0x0000000082200000|100%| O|  |TAMS 0x0000000082200000, 0x0000000082100000| Untracked 
|   8|0x0000000082200000, 0x0000000082300000, 0x0000000082300000|100%| O|  |TAMS 0x0000000082300000, 0x0000000082200000| Untracked 
|   9|0x0000000082300000, 0x0000000082400000, 0x0000000082400000|100%| O|  |TAMS 0x0000000082400000, 0x0000000082300000| Untracked 
|  10|0x0000000082400000, 0x0000000082500000, 0x0000000082500000|100%| O|  |TAMS 0x0000000082500000, 0x0000000082400000| Untracked 
|  11|0x0000000082500000, 0x0000000082600000, 0x0000000082600000|100%| O|  |TAMS 0x0000000082600000, 0x0000000082500000| Untracked 
|  12|0x0000000082600000, 0x00000000826d5400, 0x0000000082700000| 83%| O|  |TAMS 0x00000000826d5400, 0x0000000082600000| Untracked 
|  13|0x0000000082700000, 0x0000000082800000, 0x0000000082800000|100%| O|  |TAMS 0x0000000082800000, 0x0000000082700000| Untracked 
|  14|0x0000000082800000, 0x0000000082900000, 0x0000000082900000|100%| O|  |TAMS 0x0000000082900000, 0x0000000082800000| Untracked 
|  15|0x0000000082900000, 0x0000000082a00000, 0x0000000082a00000|100%| O|  |TAMS 0x0000000082a00000, 0x0000000082900000| Untracked 
|  16|0x0000000082a00000, 0x0000000082b00000, 0x0000000082b00000|100%| O|  |TAMS 0x0000000082b00000, 0x0000000082a00000| Untracked 
|  17|0x0000000082b00000, 0x0000000082c00000, 0x0000000082c00000|100%| O|  |TAMS 0x0000000082c00000, 0x0000000082b00000| Untracked 
|  18|0x0000000082c00000, 0x0000000082d00000, 0x0000000082d00000|100%| O|  |TAMS 0x0000000082c00000, 0x0000000082c00000| Untracked 
|  19|0x0000000082d00000, 0x0000000082e00000, 0x0000000082e00000|100%| O|  |TAMS 0x0000000082d00000, 0x0000000082d00000| Untracked 
|  20|0x0000000082e00000, 0x0000000082f00000, 0x0000000082f00000|100%| O|  |TAMS 0x0000000082f00000, 0x0000000082e00000| Untracked 
|  21|0x0000000082f00000, 0x0000000083000000, 0x0000000083000000|100%| O|  |TAMS 0x0000000083000000, 0x0000000082f00000| Untracked 
|  22|0x0000000083000000, 0x0000000083100000, 0x0000000083100000|100%| O|  |TAMS 0x0000000083100000, 0x0000000083000000| Untracked 
|  23|0x0000000083100000, 0x0000000083200000, 0x0000000083200000|100%| O|  |TAMS 0x0000000083200000, 0x0000000083100000| Untracked 
|  24|0x0000000083200000, 0x0000000083300000, 0x0000000083300000|100%| O|  |TAMS 0x0000000083300000, 0x0000000083200000| Untracked 
|  25|0x0000000083300000, 0x0000000083400000, 0x0000000083400000|100%| O|  |TAMS 0x0000000083400000, 0x0000000083300000| Untracked 
|  26|0x0000000083400000, 0x0000000083500000, 0x0000000083500000|100%| O|  |TAMS 0x0000000083500000, 0x0000000083400000| Untracked 
|  27|0x0000000083500000, 0x0000000083600000, 0x0000000083600000|100%| O|  |TAMS 0x0000000083600000, 0x0000000083500000| Untracked 
|  28|0x0000000083600000, 0x0000000083700000, 0x0000000083700000|100%| O|  |TAMS 0x0000000083700000, 0x0000000083600000| Untracked 
|  29|0x0000000083700000, 0x0000000083800000, 0x0000000083800000|100%| O|  |TAMS 0x0000000083800000, 0x0000000083700000| Untracked 
|  30|0x0000000083800000, 0x0000000083900000, 0x0000000083900000|100%| O|  |TAMS 0x0000000083900000, 0x0000000083800000| Untracked 
|  31|0x0000000083900000, 0x0000000083a00000, 0x0000000083a00000|100%| O|  |TAMS 0x0000000083a00000, 0x0000000083900000| Untracked 
|  32|0x0000000083a00000, 0x0000000083b00000, 0x0000000083b00000|100%| O|  |TAMS 0x0000000083b00000, 0x0000000083a00000| Untracked 
|  33|0x0000000083b00000, 0x0000000083c00000, 0x0000000083c00000|100%| O|  |TAMS 0x0000000083c00000, 0x0000000083b00000| Untracked 
|  34|0x0000000083c00000, 0x0000000083d00000, 0x0000000083d00000|100%| O|  |TAMS 0x0000000083d00000, 0x0000000083c00000| Untracked 
|  35|0x0000000083d00000, 0x0000000083e00000, 0x0000000083e00000|100%| O|  |TAMS 0x0000000083e00000, 0x0000000083d00000| Untracked 
|  36|0x0000000083e00000, 0x0000000083f00000, 0x0000000083f00000|100%| O|  |TAMS 0x0000000083f00000, 0x0000000083e00000| Untracked 
|  37|0x0000000083f00000, 0x0000000084000000, 0x0000000084000000|100%| O|  |TAMS 0x0000000084000000, 0x0000000083f00000| Untracked 
|  38|0x0000000084000000, 0x0000000084100000, 0x0000000084100000|100%| O|  |TAMS 0x0000000084100000, 0x0000000084000000| Untracked 
|  39|0x0000000084100000, 0x0000000084200000, 0x0000000084200000|100%| O|  |TAMS 0x0000000084200000, 0x0000000084100000| Untracked 
|  40|0x0000000084200000, 0x0000000084300000, 0x0000000084300000|100%| O|  |TAMS 0x0000000084300000, 0x0000000084200000| Untracked 
|  41|0x0000000084300000, 0x0000000084400000, 0x0000000084400000|100%| O|  |TAMS 0x0000000084400000, 0x0000000084300000| Untracked 
|  42|0x0000000084400000, 0x0000000084500000, 0x0000000084500000|100%| O|  |TAMS 0x0000000084500000, 0x0000000084400000| Untracked 
|  43|0x0000000084500000, 0x0000000084600000, 0x0000000084600000|100%| O|  |TAMS 0x0000000084540400, 0x0000000084500000| Untracked 
|  44|0x0000000084600000, 0x0000000084700000, 0x0000000084700000|100%| O|  |TAMS 0x0000000084600000, 0x0000000084600000| Untracked 
|  45|0x0000000084700000, 0x0000000084800000, 0x0000000084800000|100%| O|  |TAMS 0x0000000084700000, 0x0000000084700000| Untracked 
|  46|0x0000000084800000, 0x0000000084900000, 0x0000000084900000|100%| O|  |TAMS 0x0000000084800000, 0x0000000084800000| Untracked 
|  47|0x0000000084900000, 0x0000000084a00000, 0x0000000084a00000|100%| O|  |TAMS 0x0000000084900000, 0x0000000084900000| Untracked 
|  48|0x0000000084a00000, 0x0000000084b00000, 0x0000000084b00000|100%| O|  |TAMS 0x0000000084a00000, 0x0000000084a00000| Untracked 
|  49|0x0000000084b00000, 0x0000000084c00000, 0x0000000084c00000|100%| O|  |TAMS 0x0000000084b00000, 0x0000000084b00000| Untracked 
|  50|0x0000000084c00000, 0x0000000084d00000, 0x0000000084d00000|100%| O|  |TAMS 0x0000000084c00000, 0x0000000084c00000| Untracked 
|  51|0x0000000084d00000, 0x0000000084e00000, 0x0000000084e00000|100%| O|  |TAMS 0x0000000084d00000, 0x0000000084d00000| Untracked 
|  52|0x0000000084e00000, 0x0000000084f00000, 0x0000000084f00000|100%| O|  |TAMS 0x0000000084e00000, 0x0000000084e00000| Untracked 
|  53|0x0000000084f00000, 0x0000000085000000, 0x0000000085000000|100%| O|  |TAMS 0x0000000084f00000, 0x0000000084f00000| Untracked 
|  54|0x0000000085000000, 0x0000000085100000, 0x0000000085100000|100%| O|  |TAMS 0x0000000085000000, 0x0000000085000000| Untracked 
|  55|0x0000000085100000, 0x0000000085200000, 0x0000000085200000|100%| O|  |TAMS 0x0000000085100000, 0x0000000085100000| Untracked 
|  56|0x0000000085200000, 0x0000000085300000, 0x0000000085300000|100%| O|  |TAMS 0x0000000085200000, 0x0000000085200000| Untracked 
|  57|0x0000000085300000, 0x0000000085400000, 0x0000000085400000|100%| O|  |TAMS 0x0000000085300000, 0x0000000085300000| Untracked 
|  58|0x0000000085400000, 0x0000000085500000, 0x0000000085500000|100%| O|  |TAMS 0x0000000085400000, 0x0000000085400000| Untracked 
|  59|0x0000000085500000, 0x000000008550ca30, 0x0000000085600000|  4%| O|  |TAMS 0x0000000085500000, 0x0000000085500000| Untracked 
|  60|0x0000000085600000, 0x0000000085600000, 0x0000000085700000|  0%| F|  |TAMS 0x0000000085600000, 0x0000000085600000| Untracked 
|  61|0x0000000085700000, 0x0000000085700000, 0x0000000085800000|  0%| F|  |TAMS 0x0000000085700000, 0x0000000085700000| Untracked 
|  62|0x0000000085800000, 0x0000000085800000, 0x0000000085900000|  0%| F|  |TAMS 0x0000000085800000, 0x0000000085800000| Untracked 
|  63|0x0000000085900000, 0x0000000085900000, 0x0000000085a00000|  0%| F|  |TAMS 0x0000000085900000, 0x0000000085900000| Untracked 
|  64|0x0000000085a00000, 0x0000000085a00000, 0x0000000085b00000|  0%| F|  |TAMS 0x0000000085a00000, 0x0000000085a00000| Untracked 
|  65|0x0000000085b00000, 0x0000000085b00000, 0x0000000085c00000|  0%| F|  |TAMS 0x0000000085b00000, 0x0000000085b00000| Untracked 
|  66|0x0000000085c00000, 0x0000000085c00000, 0x0000000085d00000|  0%| F|  |TAMS 0x0000000085c00000, 0x0000000085c00000| Untracked 
|  67|0x0000000085d00000, 0x0000000085d00000, 0x0000000085e00000|  0%| F|  |TAMS 0x0000000085d00000, 0x0000000085d00000| Untracked 
|  68|0x0000000085e00000, 0x0000000085e00000, 0x0000000085f00000|  0%| F|  |TAMS 0x0000000085e00000, 0x0000000085e00000| Untracked 
|  69|0x0000000085f00000, 0x0000000085f00000, 0x0000000086000000|  0%| F|  |TAMS 0x0000000085f00000, 0x0000000085f00000| Untracked 
|  70|0x0000000086000000, 0x0000000086000000, 0x0000000086100000|  0%| F|  |TAMS 0x0000000086000000, 0x0000000086000000| Untracked 
|  71|0x0000000086100000, 0x0000000086100000, 0x0000000086200000|  0%| F|  |TAMS 0x0000000086100000, 0x0000000086100000| Untracked 
|  72|0x0000000086200000, 0x0000000086200000, 0x0000000086300000|  0%| F|  |TAMS 0x0000000086200000, 0x0000000086200000| Untracked 
|  73|0x0000000086300000, 0x0000000086300000, 0x0000000086400000|  0%| F|  |TAMS 0x0000000086300000, 0x0000000086300000| Untracked 
|  74|0x0000000086400000, 0x0000000086400000, 0x0000000086500000|  0%| F|  |TAMS 0x0000000086400000, 0x0000000086400000| Untracked 
|  75|0x0000000086500000, 0x0000000086500000, 0x0000000086600000|  0%| F|  |TAMS 0x0000000086500000, 0x0000000086500000| Untracked 
|  76|0x0000000086600000, 0x0000000086600000, 0x0000000086700000|  0%| F|  |TAMS 0x0000000086600000, 0x0000000086600000| Untracked 
|  77|0x0000000086700000, 0x0000000086700000, 0x0000000086800000|  0%| F|  |TAMS 0x0000000086700000, 0x0000000086700000| Untracked 
|  78|0x0000000086800000, 0x00000000868f60c0, 0x0000000086900000| 96%| E|CS|TAMS 0x0000000086800000, 0x0000000086800000| Complete 
|  79|0x0000000086900000, 0x0000000086a00000, 0x0000000086a00000|100%| E|CS|TAMS 0x0000000086900000, 0x0000000086900000| Complete 
|  80|0x0000000086a00000, 0x0000000086b00000, 0x0000000086b00000|100%| S|  |TAMS 0x0000000086a00000, 0x0000000086a00000| Complete 
|  81|0x0000000086b00000, 0x0000000086c00000, 0x0000000086c00000|100%| S|  |TAMS 0x0000000086b00000, 0x0000000086b00000| Complete 
|  82|0x0000000086c00000, 0x0000000086d00000, 0x0000000086d00000|100%| E|CS|TAMS 0x0000000086c00000, 0x0000000086c00000| Complete 
|  83|0x0000000086d00000, 0x0000000086e00000, 0x0000000086e00000|100%| E|CS|TAMS 0x0000000086d00000, 0x0000000086d00000| Complete 
|  84|0x0000000086e00000, 0x0000000086f00000, 0x0000000086f00000|100%| E|CS|TAMS 0x0000000086e00000, 0x0000000086e00000| Complete 
|  85|0x0000000086f00000, 0x0000000087000000, 0x0000000087000000|100%| S|  |TAMS 0x0000000086f00000, 0x0000000086f00000| Complete 
|  86|0x0000000087000000, 0x0000000087100000, 0x0000000087100000|100%| S|  |TAMS 0x0000000087000000, 0x0000000087000000| Complete 
|  87|0x0000000087100000, 0x0000000087200000, 0x0000000087200000|100%| E|CS|TAMS 0x0000000087100000, 0x0000000087100000| Complete 
|  88|0x0000000087200000, 0x0000000087300000, 0x0000000087300000|100%| E|CS|TAMS 0x0000000087200000, 0x0000000087200000| Complete 
|  89|0x0000000087300000, 0x0000000087400000, 0x0000000087400000|100%| E|CS|TAMS 0x0000000087300000, 0x0000000087300000| Complete 
|  90|0x0000000087400000, 0x0000000087500000, 0x0000000087500000|100%| E|CS|TAMS 0x0000000087400000, 0x0000000087400000| Complete 
|  91|0x0000000087500000, 0x0000000087600000, 0x0000000087600000|100%| E|CS|TAMS 0x0000000087500000, 0x0000000087500000| Complete 
|  92|0x0000000087600000, 0x0000000087700000, 0x0000000087700000|100%| E|CS|TAMS 0x0000000087600000, 0x0000000087600000| Complete 
|  93|0x0000000087700000, 0x0000000087800000, 0x0000000087800000|100%| E|CS|TAMS 0x0000000087700000, 0x0000000087700000| Complete 
|  94|0x0000000087800000, 0x0000000087900000, 0x0000000087900000|100%| E|CS|TAMS 0x0000000087800000, 0x0000000087800000| Complete 
|  95|0x0000000087900000, 0x0000000087a00000, 0x0000000087a00000|100%| E|CS|TAMS 0x0000000087900000, 0x0000000087900000| Complete 
|  96|0x0000000087a00000, 0x0000000087b00000, 0x0000000087b00000|100%| E|CS|TAMS 0x0000000087a00000, 0x0000000087a00000| Complete 
|  97|0x0000000087b00000, 0x0000000087c00000, 0x0000000087c00000|100%| E|CS|TAMS 0x0000000087b00000, 0x0000000087b00000| Complete 
|  98|0x0000000087c00000, 0x0000000087d00000, 0x0000000087d00000|100%| E|CS|TAMS 0x0000000087c00000, 0x0000000087c00000| Complete 
|  99|0x0000000087d00000, 0x0000000087e00000, 0x0000000087e00000|100%| E|CS|TAMS 0x0000000087d00000, 0x0000000087d00000| Complete 
| 100|0x0000000087e00000, 0x0000000087f00000, 0x0000000087f00000|100%| E|CS|TAMS 0x0000000087e00000, 0x0000000087e00000| Complete 
| 101|0x0000000087f00000, 0x0000000088000000, 0x0000000088000000|100%| E|CS|TAMS 0x0000000087f00000, 0x0000000087f00000| Complete 
| 102|0x0000000088000000, 0x0000000088100000, 0x0000000088100000|100%| E|CS|TAMS 0x0000000088000000, 0x0000000088000000| Complete 
| 103|0x0000000088100000, 0x0000000088200000, 0x0000000088200000|100%| E|CS|TAMS 0x0000000088100000, 0x0000000088100000| Complete 
| 104|0x0000000088200000, 0x0000000088300000, 0x0000000088300000|100%| E|CS|TAMS 0x0000000088200000, 0x0000000088200000| Complete 
| 105|0x0000000088300000, 0x0000000088400000, 0x0000000088400000|100%| E|CS|TAMS 0x0000000088300000, 0x0000000088300000| Complete 
| 106|0x0000000088400000, 0x0000000088500000, 0x0000000088500000|100%| E|CS|TAMS 0x0000000088400000, 0x0000000088400000| Complete 
| 107|0x0000000088500000, 0x0000000088600000, 0x0000000088600000|100%| E|CS|TAMS 0x0000000088500000, 0x0000000088500000| Complete 
| 108|0x0000000088600000, 0x0000000088700000, 0x0000000088700000|100%| E|CS|TAMS 0x0000000088600000, 0x0000000088600000| Complete 
| 109|0x0000000088700000, 0x0000000088800000, 0x0000000088800000|100%| E|CS|TAMS 0x0000000088700000, 0x0000000088700000| Complete 
| 110|0x0000000088800000, 0x0000000088900000, 0x0000000088900000|100%| E|CS|TAMS 0x0000000088800000, 0x0000000088800000| Complete 
| 111|0x0000000088900000, 0x0000000088a00000, 0x0000000088a00000|100%| E|CS|TAMS 0x0000000088900000, 0x0000000088900000| Complete 
| 112|0x0000000088a00000, 0x0000000088b00000, 0x0000000088b00000|100%| E|CS|TAMS 0x0000000088a00000, 0x0000000088a00000| Complete 
| 113|0x0000000088b00000, 0x0000000088c00000, 0x0000000088c00000|100%| E|CS|TAMS 0x0000000088b00000, 0x0000000088b00000| Complete 
| 114|0x0000000088c00000, 0x0000000088d00000, 0x0000000088d00000|100%| E|CS|TAMS 0x0000000088c00000, 0x0000000088c00000| Complete 
| 115|0x0000000088d00000, 0x0000000088e00000, 0x0000000088e00000|100%| E|CS|TAMS 0x0000000088d00000, 0x0000000088d00000| Complete 
| 116|0x0000000088e00000, 0x0000000088f00000, 0x0000000088f00000|100%| E|CS|TAMS 0x0000000088e00000, 0x0000000088e00000| Complete 
| 117|0x0000000088f00000, 0x0000000089000000, 0x0000000089000000|100%| E|CS|TAMS 0x0000000088f00000, 0x0000000088f00000| Complete 
| 118|0x0000000089000000, 0x0000000089100000, 0x0000000089100000|100%| E|CS|TAMS 0x0000000089000000, 0x0000000089000000| Complete 
| 119|0x0000000089100000, 0x0000000089200000, 0x0000000089200000|100%| E|CS|TAMS 0x0000000089100000, 0x0000000089100000| Complete 
| 120|0x0000000089200000, 0x0000000089300000, 0x0000000089300000|100%| E|CS|TAMS 0x0000000089200000, 0x0000000089200000| Complete 
| 121|0x0000000089300000, 0x0000000089400000, 0x0000000089400000|100%| E|CS|TAMS 0x0000000089300000, 0x0000000089300000| Complete 
| 122|0x0000000089400000, 0x0000000089500000, 0x0000000089500000|100%| E|CS|TAMS 0x0000000089400000, 0x0000000089400000| Complete 
| 123|0x0000000089500000, 0x0000000089600000, 0x0000000089600000|100%| E|CS|TAMS 0x0000000089500000, 0x0000000089500000| Complete 
| 124|0x0000000089600000, 0x0000000089700000, 0x0000000089700000|100%| E|CS|TAMS 0x0000000089600000, 0x0000000089600000| Complete 
| 125|0x0000000089700000, 0x0000000089800000, 0x0000000089800000|100%| E|CS|TAMS 0x0000000089700000, 0x0000000089700000| Complete 
| 126|0x0000000089800000, 0x0000000089900000, 0x0000000089900000|100%| E|CS|TAMS 0x0000000089800000, 0x0000000089800000| Complete 
| 127|0x0000000089900000, 0x0000000089a00000, 0x0000000089a00000|100%| E|CS|TAMS 0x0000000089900000, 0x0000000089900000| Complete 
| 128|0x0000000089a00000, 0x0000000089b00000, 0x0000000089b00000|100%| E|CS|TAMS 0x0000000089a00000, 0x0000000089a00000| Complete 
| 129|0x0000000089b00000, 0x0000000089c00000, 0x0000000089c00000|100%| E|CS|TAMS 0x0000000089b00000, 0x0000000089b00000| Complete 
| 130|0x0000000089c00000, 0x0000000089d00000, 0x0000000089d00000|100%| E|CS|TAMS 0x0000000089c00000, 0x0000000089c00000| Complete 
| 131|0x0000000089d00000, 0x0000000089e00000, 0x0000000089e00000|100%| E|CS|TAMS 0x0000000089d00000, 0x0000000089d00000| Complete 
| 132|0x0000000089e00000, 0x0000000089f00000, 0x0000000089f00000|100%| E|CS|TAMS 0x0000000089e00000, 0x0000000089e00000| Complete 
| 133|0x0000000089f00000, 0x000000008a000000, 0x000000008a000000|100%| E|CS|TAMS 0x0000000089f00000, 0x0000000089f00000| Complete 
| 134|0x000000008a000000, 0x000000008a100000, 0x000000008a100000|100%| E|CS|TAMS 0x000000008a000000, 0x000000008a000000| Complete 
| 135|0x000000008a100000, 0x000000008a200000, 0x000000008a200000|100%| E|CS|TAMS 0x000000008a100000, 0x000000008a100000| Complete 
| 136|0x000000008a200000, 0x000000008a300000, 0x000000008a300000|100%| E|CS|TAMS 0x000000008a200000, 0x000000008a200000| Complete 
| 137|0x000000008a300000, 0x000000008a400000, 0x000000008a400000|100%| E|CS|TAMS 0x000000008a300000, 0x000000008a300000| Complete 
| 138|0x000000008a400000, 0x000000008a500000, 0x000000008a500000|100%| E|CS|TAMS 0x000000008a400000, 0x000000008a400000| Complete 
| 139|0x000000008a500000, 0x000000008a600000, 0x000000008a600000|100%| E|CS|TAMS 0x000000008a500000, 0x000000008a500000| Complete 
| 140|0x000000008a600000, 0x000000008a700000, 0x000000008a700000|100%| E|CS|TAMS 0x000000008a600000, 0x000000008a600000| Complete 
| 141|0x000000008a700000, 0x000000008a800000, 0x000000008a800000|100%| E|CS|TAMS 0x000000008a700000, 0x000000008a700000| Complete 
| 142|0x000000008a800000, 0x000000008a900000, 0x000000008a900000|100%| E|CS|TAMS 0x000000008a800000, 0x000000008a800000| Complete 
| 143|0x000000008a900000, 0x000000008aa00000, 0x000000008aa00000|100%| E|CS|TAMS 0x000000008a900000, 0x000000008a900000| Complete 
| 144|0x000000008aa00000, 0x000000008ab00000, 0x000000008ab00000|100%| E|CS|TAMS 0x000000008aa00000, 0x000000008aa00000| Complete 
| 145|0x000000008ab00000, 0x000000008ac00000, 0x000000008ac00000|100%| E|CS|TAMS 0x000000008ab00000, 0x000000008ab00000| Complete 
| 146|0x000000008ac00000, 0x000000008ad00000, 0x000000008ad00000|100%| E|CS|TAMS 0x000000008ac00000, 0x000000008ac00000| Complete 
| 147|0x000000008ad00000, 0x000000008ae00000, 0x000000008ae00000|100%| E|CS|TAMS 0x000000008ad00000, 0x000000008ad00000| Complete 
| 148|0x000000008ae00000, 0x000000008af00000, 0x000000008af00000|100%| E|CS|TAMS 0x000000008ae00000, 0x000000008ae00000| Complete 
| 149|0x000000008af00000, 0x000000008b000000, 0x000000008b000000|100%| E|CS|TAMS 0x000000008af00000, 0x000000008af00000| Complete 
| 150|0x000000008b000000, 0x000000008b100000, 0x000000008b100000|100%| E|CS|TAMS 0x000000008b000000, 0x000000008b000000| Complete 

Card table byte_map: [0x0000017439480000,0x0000017439880000] _byte_map_base: 0x0000017439073000

Marking Bits (Prev, Next): (CMBitMap*) 0x000001742e7cfd50, (CMBitMap*) 0x000001742e7cfd10
 Prev Bits: [0x000001743bc20000, 0x000001743dbb8000)
 Next Bits: [0x0000017439c80000, 0x000001743bc18000)

Polling page: 0x000001742c8e0000

Metaspace:

Usage:
  Non-class:     66.41 MB used.
      Class:     10.83 MB used.
       Both:     77.24 MB used.

Virtual space:
  Non-class space:      128.00 MB reserved,      66.88 MB ( 52%) committed,  2 nodes.
      Class space:        1.00 GB reserved,      11.31 MB (  1%) committed,  1 nodes.
             Both:        1.12 GB reserved,      78.19 MB (  7%) committed. 

Chunk freelists:
   Non-Class:  1.08 MB
       Class:  620.00 KB
        Both:  1.69 MB

MaxMetaspaceSize: unlimited
CompressedClassSpaceSize: 1.00 GB
Initial GC threshold: 21.00 MB
Current GC threshold: 99.81 MB
CDS: on
MetaspaceReclaimPolicy: balanced
 - commit_granule_bytes: 65536.
 - commit_granule_words: 8192.
 - virtual_space_node_default_size: 8388608.
 - enlarge_chunks_in_place: 1.
 - new_chunks_are_fully_committed: 0.
 - uncommit_free_chunks: 1.
 - use_allocation_guard: 0.


Internal statistics:

num_allocs_failed_limit: 12.
num_arena_births: 1520.
num_arena_deaths: 0.
num_vsnodes_births: 3.
num_vsnodes_deaths: 0.
num_space_committed: 1251.
num_space_uncommitted: 0.
num_chunks_returned_to_freelist: 12.
num_chunks_taken_from_freelist: 4391.
num_chunk_merges: 12.
num_chunk_splits: 3139.
num_chunks_enlarged: 2399.
num_inconsistent_stats: 0.

CodeCache: size=49152Kb used=23680Kb max_used=24150Kb free=25471Kb
 bounds [0x0000017436080000, 0x0000017437820000, 0x0000017439080000]
 total_blobs=14104 nmethods=13370 adapters=659
 compilation: enabled
              stopped_count=0, restarted_count=0
 full_count=0

Compilation events (20 events):
Event: 2156.077 Thread 0x000001743ff5fa30 13557   !   1       org.apache.http.impl.BHttpConnectionBase::setSocketTimeout (25 bytes)
Event: 2156.077 Thread 0x000001743ff5fa30 nmethod 13557 0x0000017437761390 code [0x0000017437761540, 0x00000174377616c8]
Event: 2156.077 Thread 0x000001743ff5fa30 13558       1       org.apache.http.client.config.RequestConfig::getSocketTimeout (5 bytes)
Event: 2156.077 Thread 0x000001743ff5fa30 nmethod 13558 0x0000017437761090 code [0x0000017437761220, 0x00000174377612f8]
Event: 2156.077 Thread 0x000001743ff5fa30 13559       1       org.apache.http.message.BasicRequestLine::getUri (5 bytes)
Event: 2156.077 Thread 0x000001743ff5fa30 nmethod 13559 0x0000017437760d90 code [0x0000017437760f20, 0x0000017437760ff8]
Event: 2156.077 Thread 0x000001743ff5fa30 13552       1       org.apache.http.impl.client.InternalHttpClient::getConfig (5 bytes)
Event: 2156.078 Thread 0x000001743ff5fa30 nmethod 13552 0x0000017437760a90 code [0x0000017437760c20, 0x0000017437760cf8]
Event: 2156.078 Thread 0x000001743ff5fa30 13560       1       org.apache.http.impl.conn.PoolingHttpClientConnectionManager$ConfigData::getDefaultSocketConfig (5 bytes)
Event: 2156.078 Thread 0x000001743ff5fa30 nmethod 13560 0x0000017437760790 code [0x0000017437760920, 0x00000174377609f8]
Event: 2156.078 Thread 0x000001743ff5fa30 13561       1       org.apache.http.config.SocketConfig::getSoTimeout (5 bytes)
Event: 2156.078 Thread 0x000001743ff5fa30 nmethod 13561 0x0000017437760490 code [0x0000017437760620, 0x00000174377606f8]
Event: 2156.925 Thread 0x000001743ff5fa30 13562       1       java.net.Inet4Address::<init> (29 bytes)
Event: 2156.928 Thread 0x000001743ff5fa30 nmethod 13562 0x0000017437760010 code [0x00000174377601a0, 0x0000017437760398]
Event: 2156.947 Thread 0x000001743ff5fa30 13563       1       org.hibernate.cfg.Settings::getMultiTenancyStrategy (10 bytes)
Event: 2156.950 Thread 0x000001743ff5fa30 nmethod 13563 0x000001743775fc90 code [0x000001743775fe20, 0x000001743775ff38]
Event: 2156.951 Thread 0x000001743ff5fa30 13567       1       java.util.concurrent.atomic.AtomicReferenceArray::set (13 bytes)
Event: 2156.951 Thread 0x0000017445ae54c0 13568       1       java.lang.invoke.VarHandleGuards::guard_LIL_V (137 bytes)
Event: 2156.959 Thread 0x000001743ff5fa30 nmethod 13567 0x000001743775f010 code [0x000001743775f240, 0x000001743775f898]
Event: 2156.959 Thread 0x000001743ff5fa30 13566   !   1       sun.nio.ch.SocketChannelImpl::socket (54 bytes)

GC Heap History (20 events):
Event: 16.140 GC heap after
{Heap after GC invocations=21 (full 0):
 garbage-first heap   total 124928K, used 46316K [0x0000000081a00000, 0x0000000100000000)
  region size 1024K, 4 young (4096K), 4 survivors (4096K)
 Metaspace       used 59042K, committed 59584K, reserved 1114112K
  class space    used 8162K, committed 8448K, reserved 1048576K
}
Event: 16.620 GC heap before
{Heap before GC invocations=21 (full 0):
 garbage-first heap   total 124928K, used 102636K [0x0000000081a00000, 0x0000000100000000)
  region size 1024K, 59 young (60416K), 4 survivors (4096K)
 Metaspace       used 60304K, committed 60928K, reserved 1114112K
  class space    used 8352K, committed 8640K, reserved 1048576K
}
Event: 16.635 GC heap after
{Heap after GC invocations=22 (full 0):
 garbage-first heap   total 124928K, used 47992K [0x0000000081a00000, 0x0000000100000000)
  region size 1024K, 6 young (6144K), 6 survivors (6144K)
 Metaspace       used 60304K, committed 60928K, reserved 1114112K
  class space    used 8352K, committed 8640K, reserved 1048576K
}
Event: 16.936 GC heap before
{Heap before GC invocations=22 (full 0):
 garbage-first heap   total 124928K, used 102264K [0x0000000081a00000, 0x0000000100000000)
  region size 1024K, 59 young (60416K), 6 survivors (6144K)
 Metaspace       used 60474K, committed 61056K, reserved 1114112K
  class space    used 8368K, committed 8640K, reserved 1048576K
}
Event: 16.947 GC heap after
{Heap after GC invocations=23 (full 0):
 garbage-first heap   total 124928K, used 49481K [0x0000000081a00000, 0x0000000100000000)
  region size 1024K, 6 young (6144K), 6 survivors (6144K)
 Metaspace       used 60474K, committed 61056K, reserved 1114112K
  class space    used 8368K, committed 8640K, reserved 1048576K
}
Event: 17.026 GC heap before
{Heap before GC invocations=23 (full 0):
 garbage-first heap   total 124928K, used 62793K [0x0000000081a00000, 0x0000000100000000)
  region size 1024K, 20 young (20480K), 6 survivors (6144K)
 Metaspace       used 60537K, committed 61120K, reserved 1114112K
  class space    used 8374K, committed 8640K, reserved 1048576K
}
Event: 17.035 GC heap after
{Heap after GC invocations=24 (full 0):
 garbage-first heap   total 154624K, used 50053K [0x0000000081a00000, 0x0000000100000000)
  region size 1024K, 5 young (5120K), 5 survivors (5120K)
 Metaspace       used 60537K, committed 61120K, reserved 1114112K
  class space    used 8374K, committed 8640K, reserved 1048576K
}
Event: 18.185 GC heap before
{Heap before GC invocations=25 (full 0):
 garbage-first heap   total 154624K, used 128901K [0x0000000081a00000, 0x0000000100000000)
  region size 1024K, 82 young (83968K), 5 survivors (5120K)
 Metaspace       used 64047K, committed 64704K, reserved 1114112K
  class space    used 8916K, committed 9216K, reserved 1048576K
}
Event: 18.200 GC heap after
{Heap after GC invocations=26 (full 0):
 garbage-first heap   total 154624K, used 54440K [0x0000000081a00000, 0x0000000100000000)
  region size 1024K, 9 young (9216K), 9 survivors (9216K)
 Metaspace       used 64047K, committed 64704K, reserved 1114112K
  class space    used 8916K, committed 9216K, reserved 1048576K
}
Event: 18.217 GC heap before
{Heap before GC invocations=26 (full 0):
 garbage-first heap   total 154624K, used 55464K [0x0000000081a00000, 0x0000000100000000)
  region size 1024K, 10 young (10240K), 9 survivors (9216K)
 Metaspace       used 64053K, committed 64704K, reserved 1114112K
  class space    used 8918K, committed 9216K, reserved 1048576K
}
Event: 18.232 GC heap after
{Heap after GC invocations=27 (full 0):
 garbage-first heap   total 154624K, used 54152K [0x0000000081a00000, 0x0000000100000000)
  region size 1024K, 2 young (2048K), 2 survivors (2048K)
 Metaspace       used 64053K, committed 64704K, reserved 1114112K
  class space    used 8918K, committed 9216K, reserved 1048576K
}
Event: 109.059 GC heap before
{Heap before GC invocations=27 (full 0):
 garbage-first heap   total 154624K, used 125832K [0x0000000081a00000, 0x0000000100000000)
  region size 1024K, 73 young (74752K), 2 survivors (2048K)
 Metaspace       used 69848K, committed 70592K, reserved 1114112K
  class space    used 9714K, committed 10112K, reserved 1048576K
}
Event: 109.070 GC heap after
{Heap after GC invocations=28 (full 0):
 garbage-first heap   total 154624K, used 58254K [0x0000000081a00000, 0x0000000100000000)
  region size 1024K, 6 young (6144K), 6 survivors (6144K)
 Metaspace       used 69848K, committed 70592K, reserved 1114112K
  class space    used 9714K, committed 10112K, reserved 1048576K
}
Event: 125.887 GC heap before
{Heap before GC invocations=28 (full 0):
 garbage-first heap   total 154624K, used 124814K [0x0000000081a00000, 0x0000000100000000)
  region size 1024K, 72 young (73728K), 6 survivors (6144K)
 Metaspace       used 74718K, committed 75584K, reserved 1114112K
  class space    used 10341K, committed 10752K, reserved 1048576K
}
Event: 125.901 GC heap after
{Heap after GC invocations=29 (full 0):
 garbage-first heap   total 154624K, used 61219K [0x0000000081a00000, 0x0000000100000000)
  region size 1024K, 3 young (3072K), 3 survivors (3072K)
 Metaspace       used 74718K, committed 75584K, reserved 1114112K
  class space    used 10341K, committed 10752K, reserved 1048576K
}
Event: 370.259 GC heap before
{Heap before GC invocations=29 (full 0):
 garbage-first heap   total 154624K, used 125731K [0x0000000081a00000, 0x0000000100000000)
  region size 1024K, 67 young (68608K), 3 survivors (3072K)
 Metaspace       used 75168K, committed 76032K, reserved 1114112K
  class space    used 10403K, committed 10816K, reserved 1048576K
}
Event: 370.265 GC heap after
{Heap after GC invocations=30 (full 0):
 garbage-first heap   total 154624K, used 62087K [0x0000000081a00000, 0x0000000100000000)
  region size 1024K, 4 young (4096K), 4 survivors (4096K)
 Metaspace       used 75168K, committed 76032K, reserved 1114112K
  class space    used 10403K, committed 10816K, reserved 1048576K
}
Event: 764.538 GC heap before
{Heap before GC invocations=30 (full 0):
 garbage-first heap   total 154624K, used 127623K [0x0000000081a00000, 0x0000000100000000)
  region size 1024K, 68 young (69632K), 4 survivors (4096K)
 Metaspace       used 78947K, committed 79872K, reserved 1179648K
  class space    used 11059K, committed 11520K, reserved 1048576K
}
Event: 764.550 GC heap after
{Heap after GC invocations=31 (full 0):
 garbage-first heap   total 154624K, used 63363K [0x0000000081a00000, 0x0000000100000000)
  region size 1024K, 5 young (5120K), 5 survivors (5120K)
 Metaspace       used 78947K, committed 79872K, reserved 1179648K
  class space    used 11059K, committed 11520K, reserved 1048576K
}
Event: 2156.976 GC heap before
{Heap before GC invocations=31 (full 0):
 garbage-first heap   total 154624K, used 128899K [0x0000000081a00000, 0x0000000100000000)
  region size 1024K, 69 young (70656K), 5 survivors (5120K)
 Metaspace       used 79096K, committed 80064K, reserved 1179648K
  class space    used 11091K, committed 11584K, reserved 1048576K
}

Deoptimization events (20 events):
Event: 9.640 Thread 0x000001742e771f10 DEOPT PACKING pc=0x0000017436937576 sp=0x0000002b2dafdef0
Event: 9.640 Thread 0x000001742e771f10 DEOPT UNPACKING pc=0x00000174360d2b43 sp=0x0000002b2dafd488 mode 0
Event: 10.651 Thread 0x000001742e771f10 DEOPT PACKING pc=0x000001743659752a sp=0x0000002b2daf7670
Event: 10.651 Thread 0x000001742e771f10 DEOPT UNPACKING pc=0x00000174360d2b43 sp=0x0000002b2daf6b78 mode 3
Event: 11.281 Thread 0x000001742e771f10 DEOPT PACKING pc=0x00000174369dd7dd sp=0x0000002b2daf59d0
Event: 11.281 Thread 0x000001742e771f10 DEOPT UNPACKING pc=0x00000174360d2b43 sp=0x0000002b2daf4f38 mode 3
Event: 11.749 Thread 0x0000017446426770 DEOPT PACKING pc=0x00000174364c5e97 sp=0x0000002b2f6fec50
Event: 11.749 Thread 0x0000017446426770 DEOPT UNPACKING pc=0x00000174360d2b43 sp=0x0000002b2f6fe0a8 mode 3
Event: 14.311 Thread 0x000001742e771f10 DEOPT PACKING pc=0x0000017436f35a99 sp=0x0000002b2dafc4a0
Event: 14.311 Thread 0x000001742e771f10 DEOPT UNPACKING pc=0x00000174360d2b43 sp=0x0000002b2dafb980 mode 3
Event: 16.231 Thread 0x000001742e771f10 DEOPT PACKING pc=0x000001743700da78 sp=0x0000002b2dafa840
Event: 16.231 Thread 0x000001742e771f10 DEOPT UNPACKING pc=0x00000174360d2b43 sp=0x0000002b2daf9d08 mode 3
Event: 17.216 Thread 0x000001742e771f10 DEOPT PACKING pc=0x00000174368b7645 sp=0x0000002b2dafdcd0
Event: 17.216 Thread 0x000001742e771f10 DEOPT UNPACKING pc=0x00000174360d2b43 sp=0x0000002b2dafd198 mode 0
Event: 17.222 Thread 0x000001742e771f10 DEOPT PACKING pc=0x000001743689d1cc sp=0x0000002b2dafdee0
Event: 17.222 Thread 0x000001742e771f10 DEOPT UNPACKING pc=0x00000174360d2b43 sp=0x0000002b2dafd470 mode 0
Event: 128.111 Thread 0x0000017447054ee0 DEOPT PACKING pc=0x00000174363c9a25 sp=0x0000002b304f8f00
Event: 128.111 Thread 0x0000017447054ee0 DEOPT UNPACKING pc=0x00000174360d2b43 sp=0x0000002b304f8408 mode 3
Event: 763.475 Thread 0x0000017447054ee0 DEOPT PACKING pc=0x00000174374facfe sp=0x0000002b304faa00
Event: 763.475 Thread 0x0000017447054ee0 DEOPT UNPACKING pc=0x00000174360d2b43 sp=0x0000002b304f9f08 mode 3

Classes loaded (20 events):
Event: 763.905 Loading class java/util/TreeMap$DescendingSubMap
Event: 763.906 Loading class java/util/TreeMap$NavigableSubMap
Event: 763.907 Loading class java/util/TreeMap$NavigableSubMap done
Event: 763.907 Loading class java/util/TreeMap$DescendingSubMap done
Event: 763.908 Loading class java/util/TreeMap$NavigableSubMap$DescendingSubMapKeyIterator
Event: 763.908 Loading class java/util/TreeMap$NavigableSubMap$SubMapIterator
Event: 763.908 Loading class java/util/TreeMap$NavigableSubMap$SubMapIterator done
Event: 763.908 Loading class java/util/TreeMap$NavigableSubMap$DescendingSubMapKeyIterator done
Event: 763.975 Loading class java/util/regex/Pattern$Bound
Event: 763.976 Loading class java/util/regex/Pattern$Bound done
Event: 764.082 Loading class java/lang/ObjectCustomizer
Event: 764.082 Loading class java/lang/ObjectCustomizer done
Event: 764.084 Loading class java/lang/ObjectCustomizer
Event: 764.084 Loading class java/lang/ObjectCustomizer done
Event: 1771.188 Loading class sun/security/ssl/Alert
Event: 1771.189 Loading class sun/security/ssl/Alert done
Event: 1771.194 Loading class sun/security/ssl/Alert$AlertConsumer
Event: 1771.195 Loading class sun/security/ssl/Alert$AlertConsumer done
Event: 1771.195 Loading class sun/security/ssl/Alert$Level
Event: 1771.196 Loading class sun/security/ssl/Alert$Level done

Classes unloaded (0 events):
No events

Classes redefined (0 events):
No events

Internal exceptions (20 events):
Event: 2086.131 Thread 0x0000017447057090 Exception <a 'java/net/ConnectException'{0x000000008759ed40}: Connection refused: no further information> (0x000000008759ed40) 
thrown [s\open\src\hotspot\share\prims\jni.cpp, line 535]
Event: 2086.131 Thread 0x0000017447057090 Exception <a 'java/net/SocketException'{0x000000008759f078}: Socket is not connected: shutdown> (0x000000008759f078) 
thrown [s\open\src\hotspot\share\prims\jni.cpp, line 535]
Event: 2087.138 Thread 0x0000017447057090 Exception <a 'java/net/ConnectException'{0x00000000875a27e0}: Connection refused: no further information> (0x00000000875a27e0) 
thrown [s\open\src\hotspot\share\prims\jni.cpp, line 535]
Event: 2087.138 Thread 0x0000017447057090 Exception <a 'java/net/SocketException'{0x00000000875a2b18}: Socket is not connected: shutdown> (0x00000000875a2b18) 
thrown [s\open\src\hotspot\share\prims\jni.cpp, line 535]
Event: 2088.152 Thread 0x0000017447057090 Exception <a 'java/net/ConnectException'{0x00000000875a6278}: Connection refused: no further information> (0x00000000875a6278) 
thrown [s\open\src\hotspot\share\prims\jni.cpp, line 535]
Event: 2088.152 Thread 0x0000017447057090 Exception <a 'java/net/SocketException'{0x00000000875a65b0}: Socket is not connected: shutdown> (0x00000000875a65b0) 
thrown [s\open\src\hotspot\share\prims\jni.cpp, line 535]
Event: 2090.175 Thread 0x0000017447057090 Exception <a 'java/net/ConnectException'{0x00000000873b02f8}: Connection refused: no further information> (0x00000000873b02f8) 
thrown [s\open\src\hotspot\share\prims\jni.cpp, line 535]
Event: 2090.175 Thread 0x0000017447057090 Exception <a 'java/net/SocketException'{0x00000000873b0630}: Socket is not connected: shutdown> (0x00000000873b0630) 
thrown [s\open\src\hotspot\share\prims\jni.cpp, line 535]
Event: 2091.182 Thread 0x0000017447057090 Exception <a 'java/net/ConnectException'{0x00000000873b3e28}: Connection refused: no further information> (0x00000000873b3e28) 
thrown [s\open\src\hotspot\share\prims\jni.cpp, line 535]
Event: 2091.182 Thread 0x0000017447057090 Exception <a 'java/net/SocketException'{0x00000000873b4160}: Socket is not connected: shutdown> (0x00000000873b4160) 
thrown [s\open\src\hotspot\share\prims\jni.cpp, line 535]
Event: 2095.219 Thread 0x0000017447057090 Exception <a 'java/net/ConnectException'{0x0000000087277fe8}: Connection refused: no further information> (0x0000000087277fe8) 
thrown [s\open\src\hotspot\share\prims\jni.cpp, line 535]
Event: 2095.219 Thread 0x0000017447057090 Exception <a 'java/net/SocketException'{0x0000000087278320}: Socket is not connected: shutdown> (0x0000000087278320) 
thrown [s\open\src\hotspot\share\prims\jni.cpp, line 535]
Event: 2096.226 Thread 0x0000017447057090 Exception <a 'java/net/ConnectException'{0x000000008727bb18}: Connection refused: no further information> (0x000000008727bb18) 
thrown [s\open\src\hotspot\share\prims\jni.cpp, line 535]
Event: 2096.226 Thread 0x0000017447057090 Exception <a 'java/net/SocketException'{0x000000008727be50}: Socket is not connected: shutdown> (0x000000008727be50) 
thrown [s\open\src\hotspot\share\prims\jni.cpp, line 535]
Event: 2097.228 Thread 0x0000017447057090 Exception <a 'java/net/ConnectException'{0x000000008727f568}: Connection refused: no further information> (0x000000008727f568) 
thrown [s\open\src\hotspot\share\prims\jni.cpp, line 535]
Event: 2097.228 Thread 0x0000017447057090 Exception <a 'java/net/SocketException'{0x000000008727f8a0}: Socket is not connected: shutdown> (0x000000008727f8a0) 
thrown [s\open\src\hotspot\share\prims\jni.cpp, line 535]
Event: 2098.237 Thread 0x0000017447057090 Exception <a 'java/net/ConnectException'{0x00000000872b3c20}: Connection refused: no further information> (0x00000000872b3c20) 
thrown [s\open\src\hotspot\share\prims\jni.cpp, line 535]
Event: 2098.237 Thread 0x0000017447057090 Exception <a 'java/net/SocketException'{0x00000000872b3f58}: Socket is not connected: shutdown> (0x00000000872b3f58) 
thrown [s\open\src\hotspot\share\prims\jni.cpp, line 535]
Event: 2154.827 Thread 0x0000017447057090 Exception <a 'java/net/ConnectException'{0x00000000872b7f00}: Connection refused: no further information> (0x00000000872b7f00) 
thrown [s\open\src\hotspot\share\prims\jni.cpp, line 535]
Event: 2154.828 Thread 0x0000017447057090 Exception <a 'java/net/SocketException'{0x00000000872b8238}: Socket is not connected: shutdown> (0x00000000872b8238) 
thrown [s\open\src\hotspot\share\prims\jni.cpp, line 535]

VM Operations (20 events):
Event: 2078.195 Executing VM operation: Cleanup done
Event: 2081.229 Executing VM operation: Cleanup
Event: 2081.230 Executing VM operation: Cleanup done
Event: 2082.241 Executing VM operation: Cleanup
Event: 2082.241 Executing VM operation: Cleanup done
Event: 2084.254 Executing VM operation: Cleanup
Event: 2084.254 Executing VM operation: Cleanup done
Event: 2086.271 Executing VM operation: Cleanup
Event: 2086.271 Executing VM operation: Cleanup done
Event: 2087.275 Executing VM operation: Cleanup
Event: 2087.275 Executing VM operation: Cleanup done
Event: 2092.316 Executing VM operation: Cleanup
Event: 2092.316 Executing VM operation: Cleanup done
Event: 2126.624 Executing VM operation: Cleanup
Event: 2126.624 Executing VM operation: Cleanup done
Event: 2154.843 Executing VM operation: Cleanup
Event: 2154.844 Executing VM operation: Cleanup done
Event: 2156.864 Executing VM operation: Cleanup
Event: 2156.864 Executing VM operation: Cleanup done
Event: 2156.961 Executing VM operation: G1CollectForAllocation

Events (20 events):
Event: 1807.829 Thread 0x000001744705b8c0 Thread added: 0x000001744705b8c0
Event: 1814.529 Thread 0x000001744705a580 Thread exited: 0x000001744705a580
Event: 1814.545 Thread 0x000001744705b8c0 Thread exited: 0x000001744705b8c0
Event: 2066.121 Thread 0x0000017445ae54c0 Thread added: 0x0000017445ae54c0
Event: 2066.122 Thread 0x0000017445ae5ee0 Thread added: 0x0000017445ae5ee0
Event: 2071.158 Thread 0x0000017445ae5ee0 Thread exited: 0x0000017445ae5ee0
Event: 2076.169 Thread 0x0000017445ae54c0 Thread exited: 0x0000017445ae54c0
Event: 2080.975 Thread 0x0000017445ae54c0 Thread added: 0x0000017445ae54c0
Event: 2080.976 Thread 0x0000017445ae6900 Thread added: 0x0000017445ae6900
Event: 2082.044 Thread 0x0000017445ae6900 Thread exited: 0x0000017445ae6900
Event: 2082.044 Thread 0x0000017445ae54c0 Thread exited: 0x0000017445ae54c0
Event: 2083.763 Thread 0x0000017445ae7830 Thread added: 0x0000017445ae7830
Event: 2083.764 Thread 0x0000017445ae6900 Thread added: 0x0000017445ae6900
Event: 2087.137 Thread 0x0000017445ae6900 Thread exited: 0x0000017445ae6900
Event: 2087.137 Thread 0x0000017445ae7830 Thread exited: 0x0000017445ae7830
Event: 2096.042 Thread 0x0000017445ae54c0 Thread added: 0x0000017445ae54c0
Event: 2097.555 Thread 0x0000017445ae54c0 Thread exited: 0x0000017445ae54c0
Event: 2126.063 Thread 0x0000017445ae54c0 Thread added: 0x0000017445ae54c0
Event: 2131.076 Thread 0x0000017445ae54c0 Thread exited: 0x0000017445ae54c0
Event: 2156.951 Thread 0x0000017445ae54c0 Thread added: 0x0000017445ae54c0


Dynamic libraries:
0x00007ff6a9140000 - 0x00007ff6a914e000 	C:\Users\Admin\.jdks\openjdk-18.0.2\bin\java.exe
0x00007ffa81450000 - 0x00007ffa81664000 	C:\WINDOWS\SYSTEM32\ntdll.dll
0x00007ffa80160000 - 0x00007ffa80222000 	C:\WINDOWS\System32\KERNEL32.DLL
0x00007ffa7ea30000 - 0x00007ffa7edcc000 	C:\WINDOWS\System32\KERNELBASE.dll
0x00007ffa7e910000 - 0x00007ffa7ea21000 	C:\WINDOWS\System32\ucrtbase.dll
0x00007ffa543b0000 - 0x00007ffa543c7000 	C:\Users\Admin\.jdks\openjdk-18.0.2\bin\jli.dll
0x00007ffa7ffb0000 - 0x00007ffa8015b000 	C:\WINDOWS\System32\USER32.dll
0x00007ffa7f230000 - 0x00007ffa7f256000 	C:\WINDOWS\System32\win32u.dll
0x00007ffa813e0000 - 0x00007ffa81409000 	C:\WINDOWS\System32\GDI32.dll
0x00007ffa7f0a0000 - 0x00007ffa7f1b2000 	C:\WINDOWS\System32\gdi32full.dll
0x00007ffa7edd0000 - 0x00007ffa7ee6a000 	C:\WINDOWS\System32\msvcp_win.dll
0x00007ffa543d0000 - 0x00007ffa543ea000 	C:\Users\Admin\.jdks\openjdk-18.0.2\bin\VCRUNTIME140.dll
0x00007ffa6f180000 - 0x00007ffa6f40e000 	C:\WINDOWS\WinSxS\amd64_microsoft.windows.common-controls_6595b64144ccf1df_6.0.22621.436_none_a94247dbc10d8414\COMCTL32.dll
0x00007ffa7f550000 - 0x00007ffa7f5f7000 	C:\WINDOWS\System32\msvcrt.dll
0x00007ffa7f260000 - 0x00007ffa7f291000 	C:\WINDOWS\System32\IMM32.DLL
0x00007ffa79f10000 - 0x00007ffa79f1c000 	C:\Users\Admin\.jdks\openjdk-18.0.2\bin\vcruntime140_1.dll
0x00007ffa4b860000 - 0x00007ffa4b8ed000 	C:\Users\Admin\.jdks\openjdk-18.0.2\bin\msvcp140.dll
0x00007ff9f8560000 - 0x00007ff9f9171000 	C:\Users\Admin\.jdks\openjdk-18.0.2\bin\server\jvm.dll
0x00007ffa7fa80000 - 0x00007ffa7fb2e000 	C:\WINDOWS\System32\ADVAPI32.dll
0x00007ffa7f4a0000 - 0x00007ffa7f544000 	C:\WINDOWS\System32\sechost.dll
0x00007ffa7fcb0000 - 0x00007ffa7fdc5000 	C:\WINDOWS\System32\RPCRT4.dll
0x00007ffa81230000 - 0x00007ffa81238000 	C:\WINDOWS\System32\PSAPI.DLL
0x00007ffa67dd0000 - 0x00007ffa67dd9000 	C:\WINDOWS\SYSTEM32\WSOCK32.dll
0x00007ffa81250000 - 0x00007ffa812c1000 	C:\WINDOWS\System32\WS2_32.dll
0x00007ffa6c3a0000 - 0x00007ffa6c3d4000 	C:\WINDOWS\SYSTEM32\WINMM.dll
0x00007ffa6bfc0000 - 0x00007ffa6bfca000 	C:\WINDOWS\SYSTEM32\VERSION.dll
0x00007ffa7d8d0000 - 0x00007ffa7d8e8000 	C:\WINDOWS\SYSTEM32\kernel.appcore.dll
0x00007ffa6c3e0000 - 0x00007ffa6c3ea000 	C:\Users\Admin\.jdks\openjdk-18.0.2\bin\jimage.dll
0x00007ffa6a4e0000 - 0x00007ffa6a70e000 	C:\WINDOWS\SYSTEM32\DBGHELP.DLL
0x00007ffa806b0000 - 0x00007ffa80a39000 	C:\WINDOWS\System32\combase.dll
0x00007ffa7f6f0000 - 0x00007ffa7f7c7000 	C:\WINDOWS\System32\OLEAUT32.dll
0x00007ffa69d10000 - 0x00007ffa69d42000 	C:\WINDOWS\SYSTEM32\dbgcore.DLL
0x00007ffa7e890000 - 0x00007ffa7e90b000 	C:\WINDOWS\System32\bcryptPrimitives.dll
0x00007ffa67de0000 - 0x00007ffa67dee000 	C:\Users\Admin\.jdks\openjdk-18.0.2\bin\instrument.dll
0x00007ffa52700000 - 0x00007ffa52725000 	C:\Users\Admin\.jdks\openjdk-18.0.2\bin\java.dll
0x00007ffa13090000 - 0x00007ffa13166000 	C:\Users\Admin\.jdks\openjdk-18.0.2\bin\jsvml.dll
0x00007ffa80a50000 - 0x00007ffa8122c000 	C:\WINDOWS\System32\SHELL32.dll
0x00007ffa7c8a0000 - 0x00007ffa7d155000 	C:\WINDOWS\SYSTEM32\windows.storage.dll
0x00007ffa7c760000 - 0x00007ffa7c89d000 	C:\WINDOWS\SYSTEM32\wintypes.dll
0x00007ffa7f3a0000 - 0x00007ffa7f491000 	C:\WINDOWS\System32\SHCORE.dll
0x00007ffa812d0000 - 0x00007ffa8132e000 	C:\WINDOWS\System32\shlwapi.dll
0x00007ffa7e7c0000 - 0x00007ffa7e7e1000 	C:\WINDOWS\SYSTEM32\profapi.dll
0x00007ffa4f250000 - 0x00007ffa4f268000 	C:\Users\Admin\.jdks\openjdk-18.0.2\bin\zip.dll
0x00007ffa4fe50000 - 0x00007ffa4fe63000 	C:\Users\Admin\.jdks\openjdk-18.0.2\bin\net.dll
0x00007ffa778f0000 - 0x00007ffa77a1f000 	C:\WINDOWS\SYSTEM32\WINHTTP.dll
0x00007ffa7dd20000 - 0x00007ffa7dd89000 	C:\WINDOWS\system32\mswsock.dll
0x00007ffa4f270000 - 0x00007ffa4f286000 	C:\Users\Admin\.jdks\openjdk-18.0.2\bin\nio.dll
0x00007ffa4ea70000 - 0x00007ffa4ea8a000 	C:\Program Files\JetBrains\IntelliJ IDEA 2021.2.3\bin\breakgen64.dll
0x00007ffa7d420000 - 0x00007ffa7d512000 	C:\WINDOWS\SYSTEM32\DNSAPI.dll
0x00007ffa7d3b0000 - 0x00007ffa7d3dd000 	C:\WINDOWS\SYSTEM32\IPHLPAPI.DLL
0x00007ffa80a40000 - 0x00007ffa80a49000 	C:\WINDOWS\System32\NSI.dll
0x00007ffa6f900000 - 0x00007ffa6f90a000 	C:\Windows\System32\rasadhlp.dll
0x00007ffa75b10000 - 0x00007ffa75b93000 	C:\WINDOWS\System32\fwpuclnt.dll
0x00007ffa67840000 - 0x00007ffa67849000 	C:\Users\Admin\.jdks\openjdk-18.0.2\bin\management.dll
0x00007ffa677e0000 - 0x00007ffa677eb000 	C:\Users\Admin\.jdks\openjdk-18.0.2\bin\management_ext.dll
0x00007ffa7e030000 - 0x00007ffa7e04b000 	C:\WINDOWS\SYSTEM32\CRYPTSP.dll
0x00007ffa7d840000 - 0x00007ffa7d875000 	C:\WINDOWS\system32\rsaenh.dll
0x00007ffa7ddc0000 - 0x00007ffa7dde8000 	C:\WINDOWS\SYSTEM32\USERENV.dll
0x00007ffa7e150000 - 0x00007ffa7e178000 	C:\WINDOWS\SYSTEM32\bcrypt.dll
0x00007ffa7e010000 - 0x00007ffa7e01c000 	C:\WINDOWS\SYSTEM32\CRYPTBASE.dll
0x00007ffa772b0000 - 0x00007ffa772c9000 	C:\WINDOWS\SYSTEM32\dhcpcsvc6.DLL
0x00007ffa77290000 - 0x00007ffa772af000 	C:\WINDOWS\SYSTEM32\dhcpcsvc.DLL
0x00007ffa5e240000 - 0x00007ffa5e257000 	C:\WINDOWS\system32\napinsp.dll
0x00007ffa5e220000 - 0x00007ffa5e23b000 	C:\WINDOWS\system32\pnrpnsp.dll
0x00007ffa5e460000 - 0x00007ffa5e471000 	C:\WINDOWS\System32\winrnr.dll
0x00007ffa66f30000 - 0x00007ffa66f45000 	C:\WINDOWS\system32\wshbth.dll
0x00007ffa5e1f0000 - 0x00007ffa5e211000 	C:\WINDOWS\system32\nlansp_c.dll
0x00007ffa79f20000 - 0x00007ffa79f2e000 	C:\Users\Admin\.jdks\openjdk-18.0.2\bin\sunmscapi.dll
0x00007ffa7ee70000 - 0x00007ffa7efd6000 	C:\WINDOWS\System32\CRYPT32.dll
0x00007ffa7e120000 - 0x00007ffa7e14d000 	C:\WINDOWS\SYSTEM32\ncrypt.dll
0x00007ffa7e0e0000 - 0x00007ffa7e117000 	C:\WINDOWS\SYSTEM32\NTASN1.dll

dbghelp: loaded successfully - version: 4.0.5 - missing functions: none
symbol engine: initialized successfully - sym options: 0x614 - pdb path: .;C:\Users\Admin\.jdks\openjdk-18.0.2\bin;C:\WINDOWS\SYSTEM32;C:\WINDOWS\WinSxS\amd64_microsoft.windows.common-controls_6595b64144ccf1df_6.0.22621.436_none_a94247dbc10d8414;C:\Users\Admin\.jdks\openjdk-18.0.2\bin\server;C:\Program Files\JetBrains\IntelliJ IDEA 2021.2.3\bin

VM Arguments:
jvm_args: -XX:TieredStopAtLevel=1 -Xverify:none -Dspring.output.ansi.enabled=always -javaagent:C:\Program Files\JetBrains\IntelliJ IDEA 2021.2.3\lib\idea_rt.jar=59660:C:\Program Files\JetBrains\IntelliJ IDEA 2021.2.3\bin -Dcom.sun.management.jmxremote -Dspring.jmx.enabled=true -Dspring.liveBeansView.mbeanDomain -Dspring.application.admin.enabled=true -Dfile.encoding=UTF-8 
java_command: com.tc.TravelingCrewApiApplication
java_class_path (initial): C:\Development\traveling-crew-social\server\spring-tc-social\tcapi\target\classes;C:\Users\Admin\.m2\repository\mysql\mysql-connector-java\8.0.27\mysql-connector-java-8.0.27.jar;C:\Users\Admin\.m2\repository\org\springframework\boot\spring-boot-starter-data-jpa\2.5.7\spring-boot-starter-data-jpa-2.5.7.jar;C:\Users\Admin\.m2\repository\org\springframework\boot\spring-boot-starter-aop\2.5.7\spring-boot-starter-aop-2.5.7.jar;C:\Users\Admin\.m2\repository\org\aspectj\aspectjweaver\1.9.7\aspectjweaver-1.9.7.jar;C:\Users\Admin\.m2\repository\org\springframework\boot\spring-boot-starter-jdbc\2.5.7\spring-boot-starter-jdbc-2.5.7.jar;C:\Users\Admin\.m2\repository\com\zaxxer\HikariCP\4.0.3\HikariCP-4.0.3.jar;C:\Users\Admin\.m2\repository\org\springframework\spring-jdbc\5.3.13\spring-jdbc-5.3.13.jar;C:\Users\Admin\.m2\repository\jakarta\transaction\jakarta.transaction-api\1.3.3\jakarta.transaction-api-1.3.3.jar;C:\Users\Admin\.m2\repository\jakarta\persistence\jakarta.persistence-api\2.2.3\jakarta.persistence-api-2.2.3.jar;C:\Users\Admin\.m2\repository\org\hibernate\hibernate-core\5.4.32.Final\hibernate-core-5.4.32.Final.jar;C:\Users\Admin\.m2\repository\org\jboss\logging\jboss-logging\3.4.2.Final\jboss-logging-3.4.2.Final.jar;C:\Users\Admin\.m2\repository\org\javassist\javassist\3.27.0-GA\javassist-3.27.0-GA.jar;C:\Users\Admin\.m2\repository\net\bytebuddy\byte-buddy\1.10.22\byte-buddy-1.10.22.jar;C:\Users\Admin\.m2\repository\antlr\antlr\2.7.7\antlr-2.7.7.jar;C:\Users\Admin\.m2\repository\org\jboss\jandex\2.2.3.Final\jandex-2.2.3.Final.jar;C:\Users\Admin\.m2\repository\com\fasterxml\classmate\1.5.1\classmate-1.5.1.jar;C:\Users\Admin\.m2\repository\org\dom4j\dom4j\2.1.3\dom4j-2.1.3.jar;C:\Users\Admin\.m2\repository\org\hibernate\common\hibernate-commons-annotations\5.1.2.Final\hibernate-commons-annotations-5.1.2.Final.jar;C:\Users\Admin\.m2\repository\org\glassfish\jaxb\jaxb-runtime\2.3.5\jaxb-runtime-2.3.5.jar;C:\Users\Admin\.m2\repository\org\glassfish\jaxb\txw2\2.3.5\txw2-2.3.5.jar;C:\Users\Admin\.m2\repository\com\sun\istack\istack-commons-runtime\3.0.12\istack-commons-runtime-3.0.12.jar;C:\Users\Admin\.m2\repository\org\springframework\data\spring-data-jpa\2.5.7\spring-data-jpa-2.5.7.jar;C:\Users\Admin\.m2\repository\org\springframework\data\spring-data-commons\2.5.7\spring-data-commons-2.5.7.jar;C:\Users\Admin\.m2\repository\org\springframework\spring-orm\5.3.13\spring-orm-5.3.13.jar;C:\Users\Admin\.m2\repository\org\springframework\spring-tx\5.3.13\spring-tx-5.3.13.jar;C:\Users\Admin\.m2\repository\org\slf4j\slf4j-api\1.7.32\slf4j-api-1.7.32.jar;C:\Users\Admin\.m2\repository\org\springframework\spring-aspects\5.3.13\spring-aspects-5.3.13.jar;C:\Development\traveling-crew-social\server\spring-tc-social\core\target\classes;C:\Users\Admin\.m2\repository\javax\validation\validation-api\2.0.1.Final\validation-api-2.0.1.Final.jar;C:\Users\Admin\.m2\repository\org\springframework\boot\spring-boot-starter-web\2.5.7\spring-boot-starter-web-2.5.7.jar;C:\Users\Admin\.m2\repository\org\springframework\boot\spring-boot-starter\2.5.7\spring-boot-starter-2.5.7.jar;C:\Users\Admin\.m2\repository\org\springframework\boot\spring-boot-starter-logging\2.5.7\spring-boot-starter-logging-2.5.7.jar;C:\Users\Admin\.m2\repository\ch\qos\logback\logback-classic\1.2.7\logback-classic-1.2.7.jar;C:\Users\Admin\.m2\repository\ch\qos\logback\logback-core\1.2.7\logback-core-1.2.7.jar;C:\Users\Admin\.m2\repository\org\apache\logging\log4j\log4j-to-slf4j\2.14.1\log4j-to-slf4j-2.14.1.jar;C:\Users\Admin\.m2\repository\org\apache\logging\log4j\log4j-api\2.14.1\log4j-api-2.14.1.jar;C:\Users\Admin\.m2\repository\org\slf4j\jul-to-slf4j\1.7.32\jul-to-slf4j-1.7.32.jar;C:\Users\Admin\.m2\repository\jakarta\annotation\jakarta.annotation-api\1.3.5\jakarta.annotation-api-1.3.5.jar;C:\Users\Admin\.m2\repository\org\springframework\boot\spring-boot-starter-json\2.5.7\spring-boot-starter-json-2.5.7.jar;C:\Users\Admin\.m2\repository\com\fasterxml\jackson\datatype\jackson-datatype-jdk8\2.12.5\jackson-datatype-jdk8-2.12.5.jar;C:\Users\Admin\.m2\repository\com\fasterxml\jackson\module\jackson-module-parameter-names\2.12.5\jackson-module-parameter-names-2.12.5.jar;C:\Users\Admin\.m2\repository\org\springframework\boot\spring-boot-starter-tomcat\2.5.7\spring-boot-starter-tomcat-2.5.7.jar;C:\Users\Admin\.m2\repository\org\apache\tomcat\embed\tomcat-embed-core\9.0.55\tomcat-embed-core-9.0.55.jar;C:\Users\Admin\.m2\repository\org\apache\tomcat\embed\tomcat-embed-el\9.0.55\tomcat-embed-el-9.0.55.jar;C:\Users\Admin\.m2\repository\org\apache\tomcat\embed\tomcat-embed-websocket\9.0.55\tomcat-embed-websocket-9.0.55.jar;C:\Users\Admin\.m2\repository\org\springframework\spring-web\5.3.13\spring-web-5.3.13.jar;C:\Users\Admin\.m2\repository\org\springframework\spring-webmvc\5.3.13\spring-webmvc-5.3.13.jar;C:\Users\Admin\.m2\repository\org\springframework\spring-expression\5.3.13\spring-expression-5.3.13.jar;C:\Users\Admin\.m2\repository\org\springframework\cloud\spring-cloud-starter-netflix-eureka-client\3.0.3\spring-cloud-starter-netflix-eureka-client-3.0.3.jar;C:\Users\Admin\.m2\repository\org\springframework\cloud\spring-cloud-starter\3.0.3\spring-cloud-starter-3.0.3.jar;C:\Users\Admin\.m2\repository\org\springframework\cloud\spring-cloud-context\3.0.3\spring-cloud-context-3.0.3.jar;C:\Users\Admin\.m2\repository\org\springframework\security\spring-security-rsa\1.0.10.RELEASE\spring-security-rsa-1.0.10.RELEASE.jar;C:\Users\Admin\.m2\repository\org\springframework\cloud\spring-cloud-netflix-eureka-client\3.0.3\spring-cloud-netflix-eureka-client-3.0.3.jar;C:\Users\Admin\.m2\repository\com\netflix\eureka\eureka-client\1.10.14\eureka-client-1.10.14.jar;C:\Users\Admin\.m2\repository\com\netflix\netflix-commons\netflix-eventbus\0.3.0\netflix-eventbus-0.3.0.jar;C:\Users\Admin\.m2\repository\com\netflix\netflix-commons\netflix-infix\0.3.0\netflix-infix-0.3.0.jar;C:\Users\Admin\.m2\repository\commons-jxpath\commons-jxpath\1.3\commons-jxpath-1.3.jar;C:\Users\Admin\.m2\repository\joda-time\joda-time\2.3\joda-time-2.3.jar;C:\Users\Admin\.m2\repository\org\antlr\antlr-runtime\3.4\antlr-runtime-3.4.jar;C:\Users\Admin\.m2\repository\org\antlr\stringtemplate\3.2.1\stringtemplate-3.2.1.jar;C:\Users\Admin\.m2\repository\com\google\code\gson\gson\2.8.9\gson-2.8.9.jar;C:\Users\Admin\.m2\repository\org\apache\commons\commons-math\2.2\commons-math-2.2.jar;C:\Users\Admin\.m2\repository\com\thoughtworks\xstream\xstream\1.4.16\xstream-1.4.16.jar;C:\Users\Admin\.m2\repository\io\github\x-stream\mxparser\1.2.1\mxparser-1.2.1.jar;C:\Users\Admin\.m2\repository\xmlpull\xmlpull\1.1.3.1\xmlpull-1.1.3.1.jar;C:\Users\Admin\.m2\repository\javax\ws\rs\jsr311-api\1.1.1\jsr311-api-1.1.1.jar;C:\Users\Admin\.m2\repository\com\netflix\servo\servo-core\0.12.21\servo-core-0.12.21.jar;C:\Users\Admin\.m2\repository\com\google\guava\guava\19.0\guava-19.0.jar;C:\Users\Admin\.m2\repository\commons-configuration\commons-configuration\1.10\commons-configuration-1.10.jar;C:\Users\Admin\.m2\repository\commons-lang\commons-lang\2.6\commons-lang-2.6.jar;C:\Users\Admin\.m2\repository\com\google\inject\guice\4.1.0\guice-4.1.0.jar;C:\Users\Admin\.m2\repository\javax\inject\javax.inject\1\javax.inject-1.jar;C:\Users\Admin\.m2\repository\aopalliance\aopalliance\1.0\aopalliance-1.0.jar;C:\Users\Admin\.m2\repository\com\fasterxml\jackson\core\jackson-annotations\2.12.5\jackson-annotations-2.12.5.jar;C:\Users\Admin\.m2\repository\com\fasterxml\jackson\core\jackson-core\2.12.5\jackson-core-2.12.5.jar;C:\Users\Admin\.m2\repository\org\codehaus\jettison\jettison\1.4.0\jettison-1.4.0.jar;C:\Users\Admin\.m2\repository\com\netflix\eureka\eureka-core\1.10.14\eureka-core-1.10.14.jar;C:\Users\Admin\.m2\repository\com\fasterxml\woodstox\woodstox-core\6.2.1\woodstox-core-6.2.1.jar;C:\Users\Admin\.m2\repository\org\codehaus\woodstox\stax2-api\4.2.1\stax2-api-4.2.1.jar;C:\Users\Admin\.m2\repository\org\springframework\cloud\spring-cloud-starter-loadbalancer\3.0.3\spring-cloud-starter-loadbalancer-3.0.3.jar;C:\Users\Admin\.m2\repository\org\springframework\cloud\spring-cloud-loadbalancer\3.0.3\spring-cloud-loadbalancer-3.0.3.jar;C:\Users\Admin\.m2\repository\org\springframework\boot\spring-boot-starter-validation\2.5.7\spring-boot-starter-validation-2.5.7.jar;C:\Users\Admin\.m2\repository\org\hibernate\validator\hibernate-validator\6.2.0.Final\hibernate-validator-6.2.0.Final.jar;C:\Users\Admin\.m2\repository\jakarta\validation\jakarta.validation-api\2.0.2\jakarta.validation-api-2.0.2.jar;C:\Users\Admin\.m2\repository\io\projectreactor\reactor-core\3.4.12\reactor-core-3.4.12.jar;C:\Users\Admin\.m2\repository\org\reactivestreams\reactive-streams\1.0.3\reactive-streams-1.0.3.jar;C:\Users\Admin\.m2\repository\io\projectreactor\addons\reactor-extra\3.4.5\reactor-extra-3.4.5.jar;C:\Users\Admin\.m2\repository\org\springframework\boot\spring-boot-starter-cache\2.5.7\spring-boot-starter-cache-2.5.7.jar;C:\Users\Admin\.m2\repository\com\stoyanr\evictor\1.0.0\evictor-1.0.0.jar;C:\Users\Admin\.m2\repository\org\springframework\boot\spring-boot-starter-mail\2.5.7\spring-boot-starter-mail-2.5.7.jar;C:\Users\Admin\.m2\repository\org\springframework\spring-context-support\5.3.13\spring-context-support-5.3.13.jar;C:\Users\Admin\.m2\repository\com\sun\mail\jakarta.mail\1.6.7\jakarta.mail-1.6.7.jar;C:\Users\Admin\.m2\repository\com\sun\activation\jakarta.activation\1.2.2\jakarta.activation-1.2.2.jar;C:\Users\Admin\.m2\repository\org\modelmapper\modelmapper\2.4.5\modelmapper-2.4.5.jar;C:\Users\Admin\.m2\repository\com\auth0\java-jwt\3.18.1\java-jwt-3.18.1.jar;C:\Users\Admin\.m2\repository\com\fasterxml\jackson\core\jackson-databind\2.12.5\jackson-databind-2.12.5.jar;C:\Users\Admin\.m2\repository\org\springframework\boot\spring-boot-actuator-autoconfigure\2.5.7\spring-boot-actuator-autoconfigure-2.5.7.jar;C:\Users\Admin\.m2\repository\org\springframework\boot\spring-boot-actuator\2.5.7\spring-boot-actuator-2.5.7.jar;C:\Users\Admin\.m2\repository\org\springframework\boot\spring-boot\2.5.7\spring-boot-2.5.7.jar;C:\Users\Admin\.m2\repository\org\springframework\boot\spring-boot-autoconfigure\2.5.7\spring-boot-autoconfigure-2.5.7.jar;C:\Users\Admin\.m2\repository\com\fasterxml\jackson\datatype\jackson-datatype-jsr310\2.12.5\jackson-datatype-jsr310-2.12.5.jar;C:\Users\Admin\.m2\repository\org\springframework\boot\spring-boot-starter-security\2.5.7\spring-boot-starter-security-2.5.7.jar;C:\Users\Admin\.m2\repository\org\springframework\spring-aop\5.3.13\spring-aop-5.3.13.jar;C:\Users\Admin\.m2\repository\org\springframework\security\spring-security-config\5.5.3\spring-security-config-5.5.3.jar;C:\Users\Admin\.m2\repository\org\springframework\security\spring-security-web\5.5.3\spring-security-web-5.5.3.jar;C:\Users\Admin\.m2\repository\org\springframework\security\spring-security-jwt\1.1.1.RELEASE\spring-security-jwt-1.1.1.RELEASE.jar;C:\Users\Admin\.m2\repository\org\bouncycastle\bcpkix-jdk15on\1.64\bcpkix-jdk15on-1.64.jar;C:\Users\Admin\.m2\repository\org\bouncycastle\bcprov-jdk15on\1.64\bcprov-jdk15on-1.64.jar;C:\Users\Admin\.m2\repository\org\springframework\security\oauth\spring-security-oauth2\2.3.4.RELEASE\spring-security-oauth2-2.3.4.RELEASE.jar;C:\Users\Admin\.m2\repository\org\springframework\spring-beans\5.3.13\spring-beans-5.3.13.jar;C:\Users\Admin\.m2\repository\org\springframework\spring-core\5.3.13\spring-core-5.3.13.jar;C:\Users\Admin\.m2\repository\org\springframework\spring-jcl\5.3.13\spring-jcl-5.3.13.jar;C:\Users\Admin\.m2\repository\org\springframework\spring-context\5.3.13\spring-context-5.3.13.jar;C:\Users\Admin\.m2\repository\org\springframework\security\spring-security-core\5.5.3\spring-security-core-5.5.3.jar;C:\Users\Admin\.m2\repository\org\springframework\security\spring-security-crypto\5.5.3\spring-security-crypto-5.5.3.jar;C:\Users\Admin\.m2\repository\commons-codec\commons-codec\1.15\commons-codec-1.15.jar;C:\Users\Admin\.m2\repository\org\codehaus\jackson\jackson-mapper-asl\1.9.13\jackson-mapper-asl-1.9.13.jar;C:\Users\Admin\.m2\repository\org\codehaus\jackson\jackson-core-asl\1.9.13\jackson-core-asl-1.9.13.jar;C:\Users\Admin\.m2\repository\org\springframework\boot\spring-boot-starter-oauth2-client\2.3.3.RELEASE\spring-boot-starter-oauth2-client-2.3.3.RELEASE.jar;C:\Users\Admin\.m2\repository\org\springframework\security\spring-security-oauth2-client\5.5.3\spring-security-oauth2-client-5.5.3.jar;C:\Users\Admin\.m2\repository\com\nimbusds\oauth2-oidc-sdk\9.9.1\oauth2-oidc-sdk-9.9.1.jar;C:\Users\Admin\.m2\repository\com\nimbusds\content-type\2.1\content-type-2.1.jar;C:\Users\Admin\.m2\repository\com\nimbusds\lang-tag\1.5\lang-tag-1.5.jar;C:\Users\Admin\.m2\repository\org\springframework\security\spring-security-oauth2-jose\5.3.4.RELEASE\spring-security-oauth2-jose-5.3.4.RELEASE.jar;C:\Users\Admin\.m2\repository\com\nimbusds\nimbus-jose-jwt\9.10.1\nimbus-jose-jwt-9.10.1.jar;C:\Users\Admin\.m2\repository\com\github\stephenc\jcip\jcip-annotations\1.0-1\jcip-annotations-1.0-1.jar;C:\Users\Admin\.m2\repository\org\springframework\security\spring-security-oauth2-core\5.5.3\spring-security-oauth2-core-5.5.3.jar;C:\Users\Admin\.m2\repository\com\github\ua-parser\uap-java\1.5.3\uap-java-1.5.3.jar;C:\Users\Admin\.m2\repository\org\yaml\snakeyaml\1.28\snakeyaml-1.28.jar;C:\Users\Admin\.m2\repository\org\apache\commons\commons-collections4\4.1\commons-collections4-4.1.jar;C:\Users\Admin\.m2\repository\com\maxmind\geoip2\geoip2\2.8.0\geoip2-2.8.0.jar;C:\Users\Admin\.m2\repository\com\maxmind\db\maxmind-db\1.2.1\maxmind-db-1.2.1.jar;C:\Users\Admin\.m2\repository\org\apache\httpcomponents\httpclient\4.5.13\httpclient-4.5.13.jar;C:\Users\Admin\.m2\repository\org\apache\httpcomponents\httpcore\4.4.14\httpcore-4.4.14.jar;C:\Users\Admin\.m2\repository\org\jetbrains\annotations\23.0.0\annotations-23.0.0.jar;C:\Users\Admin\.m2\repository\org\projectlombok\lombok\1.18.22\lombok-1.18.22.jar;C:\Users\Admin\.m2\repository\org\springframework\boot\spring-boot-starter-test\2.5.7\spring-boot-starter-test-2.5.7.jar;C:\Users\Admin\.m2\repository\org\springframework\boot\spring-boot-test\2.5.7\spring-boot-test-2.5.7.jar;C:\Users\Admin\.m2\repository\org\springframework\boot\spring-boot-test-autoconfigure\2.5.7\spring-boot-test-autoconfigure-2.5.7.jar;C:\Users\Admin\.m2\repository\com\jayway\jsonpath\json-path\2.5.0\json-path-2.5.0.jar;C:\Users\Admin\.m2\repository\net\minidev\json-smart\2.4.7\json-smart-2.4.7.jar;C:\Users\Admin\.m2\repository\net\minidev\accessors-smart\2.4.7\accessors-smart-2.4.7.jar;C:\Users\Admin\.m2\repository\org\ow2\asm\asm\9.1\asm-9.1.jar;C:\Users\Admin\.m2\repository\jakarta\xml\bind\jakarta.xml.bind-api\2.3.3\jakarta.xml.bind-api-2.3.3.jar;C:\Users\Admin\.m2\repository\jakarta\activation\jakarta.activation-api\1.2.2\jakarta.activation-api-1.2.2.jar;C:\Users\Admin\.m2\repository\org\assertj\assertj-core\3.19.0\assertj-core-3.19.0.jar;C:\Users\Admin\.m2\repository\org\hamcrest\hamcrest\2.2\hamcrest-2.2.jar;C:\Users\Admin\.m2\repository\org\junit\jupiter\junit-jupiter\5.7.2\junit-jupiter-5.7.2.jar;C:\Users\Admin\.m2\repository\org\junit\jupiter\junit-jupiter-api\5.7.2\junit-jupiter-api-5.7.2.jar;C:\Users\Admin\.m2\repository\org\apiguardian\apiguardian-api\1.1.0\apiguardian-api-1.1.0.jar;C:\Users\Admin\.m2\repository\org\opentest4j\opentest4j\1.2.0\opentest4j-1.2.0.jar;C:\Users\Admin\.m2\repository\org\junit\platform\junit-platform-commons\1.7.2\junit-platform-commons-1.7.2.jar;C:\Users\Admin\.m2\repository\org\junit\jupiter\junit-jupiter-params\5.7.2\junit-jupiter-params-5.7.2.jar;C:\Users\Admin\.m2\repository\org\junit\jupiter\junit-jupiter-engine\5.7.2\junit-jupiter-engine-5.7.2.jar;C:\Users\Admin\.m2\repository\org\junit\platform\junit-platform-engine\1.7.2\junit-platform-engine-1.7.2.jar;C:\Users\Admin\.m2\repository\org\mockito\mockito-core\3.9.0\mockito-core-3.9.0.jar;C:\Users\Admin\.m2\repository\net\bytebuddy\byte-buddy-agent\1.10.22\byte-buddy-agent-1.10.22.jar;C:\Users\Admin\.m2\repository\org\objenesis\objenesis\3.2\objenesis-3.2.jar;C:\Users\Admin\.m2\repository\org\mockito\mockito-junit-jupiter\3.9.0\mockito-junit-jupiter-3.9.0.jar;C:\Users\Admin\.m2\repository\org\skyscreamer\jsonassert\1.5.0\jsonassert-1.5.0.jar;C:\Users\Admin\.m2\repository\com\vaadin\external\google\android-json\0.0.20131108.vaadin1\android-json-0.0.20131108.vaadin1.jar;C:\Users\Admin\.m2\repository\org\springframework\spring-test\5.3.13\spring-test-5.3.13.jar;C:\Users\Admin\.m2\repository\org\xmlunit\xmlunit-core\2.8.3\xmlunit-core-2.8.3.jar;C:\Users\Admin\.m2\repository\org\springframework\cloud\spring-cloud-starter-openfeign\3.0.3\spring-cloud-starter-openfeign-3.0.3.jar;C:\Users\Admin\.m2\repository\org\springframework\cloud\spring-cloud-openfeign-core\3.0.3\spring-cloud-openfeign-core-3.0.3.jar;C:\Users\Admin\.m2\repository\io\github\openfeign\form\feign-form-spring\3.8.0\feign-form-spring-3.8.0.jar;C:\Users\Admin\.m2\repository\io\github\openfeign\form\feign-form\3.8.0\feign-form-3.8.0.jar;C:\Users\Admin\.m2\repository\commons-fileupload\commons-fileupload\1.4\commons-fileupload-1.4.jar;C:\Users\Admin\.m2\repository\commons-io\commons-io\2.2\commons-io-2.2.jar;C:\Users\Admin\.m2\repository\org\springframework\cloud\spring-cloud-commons\3.0.3\spring-cloud-commons-3.0.3.jar;C:\Users\Admin\.m2\repository\io\github\openfeign\feign-core\10.12\feign-core-10.12.jar;C:\Users\Admin\.m2\repository\io\github\openfeign\feign-slf4j\10.12\feign-slf4j-10.12.jar;C:\Users\Admin\.m2\repository\org\springframework\cloud\spring-cloud-starter-sleuth\3.0.3\spring-cloud-starter-sleuth-3.0.3.jar;C:\Users\Admin\.m2\repository\org\springframework\cloud\spring-cloud-sleuth-autoconfigure\3.0.3\spring-cloud-sleuth-autoconfigure-3.0.3.jar;C:\Users\Admin\.m2\repository\org\aspectj\aspectjrt\1.9.7\aspectjrt-1.9.7.jar;C:\Users\Admin\.m2\repository\org\springframework\cloud\spring-cloud-sleuth-brave\3.0.3\spring-cloud-sleuth-brave-3.0.3.jar;C:\Users\Admin\.m2\repository\io\zipkin\brave\brave\5.13.2\brave-5.13.2.jar;C:\Users\Admin\.m2\repository\io\zipkin\brave\brave-context-slf4j\5.13.2\brave-context-slf4j-5.13.2.jar;C:\Users\Admin\.m2\repository\io\zipkin\brave\brave-instrumentation-messaging\5.13.2\brave-instrumentation-messaging-5.13.2.jar;C:\Users\Admin\.m2\repository\io\zipkin\brave\brave-instrumentation-rpc\5.13.2\brave-instrumentation-rpc-5.13.2.jar;C:\Users\Admin\.m2\repository\io\zipkin\brave\brave-instrumentation-spring-rabbit\5.13.2\brave-instrumentation-spring-rabbit-5.13.2.jar;C:\Users\Admin\.m2\repository\io\zipkin\brave\brave-instrumentation-kafka-clients\5.13.2\brave-instrumentation-kafka-clients-5.13.2.jar;C:\Users\Admin\.m2\repository\io\zipkin\brave\brave-instrumentation-kafka-streams\5.13.2\brave-instrumentation-kafka-streams-5.13.2.jar;C:\Users\Admin\.m2\repository\io\zipkin\brave\brave-instrumentation-httpclient\5.13.2\brave-instrumentation-httpclient-5.13.2.jar;C:\Users\Admin\.m2\repository\io\zipkin\brave\brave-instrumentation-http\5.13.2\brave-instrumentation-http-5.13.2.jar;C:\Users\Admin\.m2\repository\io\zipkin\brave\brave-instrumentation-httpasyncclient\5.13.2\brave-instrumentation-httpasyncclient-5.13.2.jar;C:\Users\Admin\.m2\repository\io\zipkin\brave\brave-instrumentation-jms\5.13.2\brave-instrumentation-jms-5.13.2.jar;C:\Users\Admin\.m2\repository\io\zipkin\brave\brave-instrumentation-mongodb\5.13.2\brave-instrumentation-mongodb-5.13.2.jar;C:\Users\Admin\.m2\repository\io\zipkin\aws\brave-propagation-aws\0.21.3\brave-propagation-aws-0.21.3.jar;C:\Users\Admin\.m2\repository\io\zipkin\reporter2\zipkin-reporter-metrics-micrometer\2.16.1\zipkin-reporter-metrics-micrometer-2.16.1.jar;C:\Users\Admin\.m2\repository\org\springframework\cloud\spring-cloud-sleuth-zipkin\3.0.3\spring-cloud-sleuth-zipkin-3.0.3.jar;C:\Users\Admin\.m2\repository\org\springframework\cloud\spring-cloud-sleuth-instrumentation\3.0.3\spring-cloud-sleuth-instrumentation-3.0.3.jar;C:\Users\Admin\.m2\repository\org\springframework\cloud\spring-cloud-sleuth-api\3.0.3\spring-cloud-sleuth-api-3.0.3.jar;C:\Users\Admin\.m2\repository\io\zipkin\zipkin2\zipkin\2.23.0\zipkin-2.23.0.jar;C:\Users\Admin\.m2\repository\io\zipkin\reporter2\zipkin-reporter\2.16.1\zipkin-reporter-2.16.1.jar;C:\Users\Admin\.m2\repository\io\zipkin\reporter2\zipkin-reporter-brave\2.16.1\zipkin-reporter-brave-2.16.1.jar;C:\Users\Admin\.m2\repository\io\zipkin\reporter2\zipkin-sender-kafka\2.16.1\zipkin-sender-kafka-2.16.1.jar;C:\Users\Admin\.m2\repository\io\zipkin\reporter2\zipkin-sender-activemq-client\2.16.1\zipkin-sender-activemq-client-2.16.1.jar;C:\Users\Admin\.m2\repository\io\zipkin\reporter2\zipkin-sender-amqp-client\2.16.1\zipkin-sender-amqp-client-2.16.1.jar
Launcher Type: SUN_STANDARD

[Global flags]
     intx CICompilerCount                          = 3                                         {product} {ergonomic}
     uint ConcGCThreads                            = 1                                         {product} {ergonomic}
     uint G1ConcRefinementThreads                  = 4                                         {product} {ergonomic}
   size_t G1HeapRegionSize                         = 1048576                                   {product} {ergonomic}
    uintx GCDrainStackTargetSize                   = 64                                        {product} {ergonomic}
   size_t InitialHeapSize                          = 134217728                                 {product} {ergonomic}
     bool ManagementServer                         = true                                      {product} {command line}
   size_t MarkStackSize                            = 4194304                                   {product} {ergonomic}
   size_t MaxHeapSize                              = 2120220672                                {product} {ergonomic}
   size_t MaxNewSize                               = 1271922688                                {product} {ergonomic}
   size_t MinHeapDeltaBytes                        = 1048576                                   {product} {ergonomic}
   size_t MinHeapSize                              = 8388608                                   {product} {ergonomic}
    uintx NonProfiledCodeHeapSize                  = 0                                      {pd product} {ergonomic}
     bool ProfileInterpreter                       = false                                  {pd product} {command line}
    uintx ProfiledCodeHeapSize                     = 0                                      {pd product} {ergonomic}
   size_t SoftMaxHeapSize                          = 2120220672                             {manageable} {ergonomic}
     intx TieredStopAtLevel                        = 1                                         {product} {command line}
     bool UseCompressedClassPointers               = true                           {product lp64_product} {ergonomic}
     bool UseCompressedOops                        = true                           {product lp64_product} {ergonomic}
     bool UseG1GC                                  = true                                      {product} {ergonomic}
     bool UseLargePagesIndividualAllocation        = false                                  {pd product} {ergonomic}

Logging:
Log output configuration:
 #0: stdout all=warning uptime,level,tags foldmultilines=false
 #1: stderr all=off uptime,level,tags foldmultilines=false

Environment Variables:
JAVA_HOME=C:\Program Files\Java\jdk-17.0.1
PATH=C:\Program Files\Eclipse Foundation\jdk-8.0.302.8-hotspot\bin;C:\Users\Admin\AppData\Roaming\npm;C:\Program Files\Common Files\Oracle\Java\javapath;C:\WINDOWS\system32;C:\WINDOWS;C:\WINDOWS\System32\Wbem;C:\WINDOWS\System32\WindowsPowerShell\v1.0\;C:\WINDOWS\System32\OpenSSH\;C:\Program Files\nodejs\;D:\flutter_windows_2.8.1-stable\flutter\bin;C:\Users\Admin\AppData\Local\Android\Sdk\emulator;C:\Program Files\apache-maven-3.8.4\bin;C:\Program Files\Docker\Docker\resources\bin;C:\ProgramData\DockerDesktop\version-bin;C:\Program Files\Git\cmd;C:\Program Files\Cloudflare\Cloudflare WARP\;C:\Users\Admin\AppData\Local\Pub\Cache\bin;C:\Users\Admin\AppData\Roaming\npm;C:\Program Files\Java\jdk-17.0.1\bin;C:\Users\Admin\AppData\Local\Microsoft\WindowsApps;C:\Users\Admin\AppData\Local\Programs\Microsoft VS Code\bin;C:\Users\Admin\AppData\Local\Pub\Cache\bin;
USERNAME=Admin
OS=Windows_NT
PROCESSOR_IDENTIFIER=Intel64 Family 6 Model 61 Stepping 4, GenuineIntel



---------------  S Y S T E M  ---------------

OS:
 Windows 11 , 64 bit Build 22621 (10.0.22621.580)
OS uptime: 1 days 6:58 hours
Hyper-V role detected

CPU: total 4 (initial active 4) (2 cores per cpu, 2 threads per core) family 6 model 61 stepping 4 microcode 0x2f, cx8, cmov, fxsr, ht, mmx, 3dnowpref, sse, sse2, sse3, ssse3, sse4.1, sse4.2, popcnt, lzcnt, tsc, tscinvbit, avx, avx2, aes, erms, clmul, bmi1, bmi2, rtm, adx, fma, vzeroupper, clflush, hv

Memory: 4k page, system-wide physical 8087M (865M free)
TotalPageFile size 21399M (AvailPageFile size 5336M)
current process WorkingSet (physical memory assigned to process): 144M, peak: 325M
current process commit charge ("private bytes"): 370M, peak: 370M

vm_info: OpenJDK 64-Bit Server VM (18.0.2+9-61) for windows-amd64 JRE (18.0.2+9-61), built on Jun  7 2022 13:05:59 by "mach5one" with MS VC++ 16.8 / 16.9 (VS2019)

END.
