#
# A fatal error has been detected by the Java Runtime Environment:
#
#  EXCEPTION_ACCESS_VIOLATION (0xc0000005) at pc=0x00007ffeb3a44f51, pid=2756, tid=9360
#
# JRE version: OpenJDK Runtime Environment (18.0.2+9) (build 18.0.2+9-61)
# Java VM: OpenJDK 64-Bit Server VM (18.0.2+9-61, mixed mode, emulated-client, sharing, tiered, compressed oops, compressed class ptrs, g1 gc, windows-amd64)
# Problematic frame:
# V  [jvm.dll+0x1c4f51]
#
# No core dump will be written. Minidumps are not enabled by default on client versions of Windows
#
# If you would like to submit a bug report, please visit:
#   https://bugreport.java.com/bugreport/crash.jsp
#

---------------  S U M M A R Y ------------

Command Line: -XX:TieredStopAtLevel=1 -Xverify:none -Dspring.output.ansi.enabled=always -javaagent:C:\Program Files\JetBrains\IntelliJ IDEA 2021.2.3\lib\idea_rt.jar=50284:C:\Program Files\JetBrains\IntelliJ IDEA 2021.2.3\bin -Dcom.sun.management.jmxremote -Dspring.jmx.enabled=true -Dspring.liveBeansView.mbeanDomain -Dspring.application.admin.enabled=true -Dfile.encoding=UTF-8 com.tc.TravelingCrewApiApplication

Host: Intel(R) Core(TM) i5-5300U CPU @ 2.30GHz, 4 cores, 7G,  Windows 11 , 64 bit Build 22621 (10.0.22621.436)
Time: Sun Aug 14 23:05:26 2022 SE Asia Standard Time elapsed time: 6693.196664 seconds (0d 1h 51m 33s)

---------------  T H R E A D  ---------------

Current thread (0x0000023097becdf0):  WorkerThread "G1 Conc#0" [stack: 0x00000072b4100000,0x00000072b4200000] [id=9360]

Stack: [0x00000072b4100000,0x00000072b4200000],  sp=0x00000072b41ff4f8,  free space=1021k
Native frames: (J=compiled Java code, j=interpreted, Vv=VM code, C=native code)
V  [jvm.dll+0x1c4f51]


siginfo: EXCEPTION_ACCESS_VIOLATION (0xc0000005), reading address 0x0000000000000100


Register to memory mapping:

RIP=0x00007ffeb3a44f51 jvm.dll
RAX=0x0 is NULL
RBX=0x0000023097bd8c01 points into unknown readable memory: 00 00 00 00 00 00 00
RCX=0x0000000800000000 is pointing into metadata
RDX=0x00000000842ec070 points into unknown readable memory: 0x0000000000000011 | 11 00 00 00 00 00 00 00
RSP=0x00000072b41ff4f8 points into unknown readable memory: 0x00007ffeb3b76ca8 | a8 6c b7 b3 fe 7f 00 00
RBP=0x0 is NULL
RSI=0x0000023097bd8c80 points into unknown readable memory: 0x0000023097beb290 | 90 b2 be 97 30 02 00 00
RDI=0x00000000842ec070 points into unknown readable memory: 0x0000000000000011 | 11 00 00 00 00 00 00 00
R8 =0x0000000800000000 is pointing into metadata
R9 =0x0 is NULL
R10=0x0000000000000024 is an unknown value
R11=0x0000000000000004 is an unknown value
R12=0x0 is NULL
R13=0xaaaaaaaaaaaaaaab is an unknown value
R14=0x0000000000000001 is an unknown value
R15=0x00000072b41ff680 points into unknown readable memory: 0x0000023097bd8c80 | 80 8c bd 97 30 02 00 00


Registers:
RAX=0x0000000000000000, RBX=0x0000023097bd8c01, RCX=0x0000000800000000, RDX=0x00000000842ec070
RSP=0x00000072b41ff4f8, RBP=0x0000000000000000, RSI=0x0000023097bd8c80, RDI=0x00000000842ec070
R8 =0x0000000800000000, R9 =0x0000000000000000, R10=0x0000000000000024, R11=0x0000000000000004
R12=0x0000000000000000, R13=0xaaaaaaaaaaaaaaab, R14=0x0000000000000001, R15=0x00000072b41ff680
RIP=0x00007ffeb3a44f51, EFLAGS=0x0000000000010246

Top of Stack: (sp=0x00000072b41ff4f8)
0x00000072b41ff4f8:   00007ffeb3b76ca8 0000023097beda60
0x00000072b41ff508:   00000072b41ff6c0 00000000842e6680
0x00000072b41ff518:   00007ffeb3b7692f 00000000842ec070
0x00000072b41ff528:   00007ffeb3b7692f 0000023097beda60
0x00000072b41ff538:   00000072b41ff6c0 00000000842e7948
0x00000072b41ff548:   00007ffeb3b74aa2 00000072b41ff6c0
0x00000072b41ff558:   00007ffeb3b7516d 00000000842e782c
0x00000072b41ff568:   00007ffeb3b74772 00000072b41ff680
0x00000072b41ff578:   0000000000000001 000000080017a750
0x00000072b41ff588:   00007ffeb3b74772 0000000000000202
0x00000072b41ff598:   00000000842e6938 00000072b41ff6c0
0x00000072b41ff5a8:   0000000000000040 0000023097beda60
0x00000072b41ff5b8:   00007ffeb3b87910 00000000842e6938
0x00000072b41ff5c8:   0000023097bd8c90 00000072b41ff680
0x00000072b41ff5d8:   0000023097bd8c90 00000000842e6938
0x00000072b41ff5e8:   00007ffeb3b83f81 000000000051cd27 

Instructions: (pc=0x00007ffeb3a44f51)
0x00007ffeb3a44e51:   74 32 0f 10 83 d8 02 00 00 48 8b 07 48 8d 54 24
0x00007ffeb3a44e61:   20 48 8b cf 0f 29 44 24 20 ff 50 40 33 c0 48 89
0x00007ffeb3a44e71:   44 24 20 48 89 44 24 28 0f 10 44 24 20 0f 11 83
0x00007ffeb3a44e81:   d8 02 00 00 48 8b 5c 24 40 48 83 c4 30 5f c3 48
0x00007ffeb3a44e91:   8b 49 40 48 8b 01 48 ff 60 28 cc cc cc cc cc 80
0x00007ffeb3a44ea1:   3d 92 ec 96 00 00 48 8b c1 74 1b 8b 51 08 8b 0d
0x00007ffeb3a44eb1:   eb aa 8f 00 48 d3 e2 48 8b c8 48 03 15 d6 aa 8f
0x00007ffeb3a44ec1:   00 e9 19 00 00 00 48 8b 51 08 48 8b c8 e9 0d 00
0x00007ffeb3a44ed1:   00 00 cc cc cc cc cc cc cc cc cc cc cc cc cc 4c
0x00007ffeb3a44ee1:   8b c2 48 8b d1 45 8b 48 08 45 85 c9 7e 0e 41 f6
0x00007ffeb3a44ef1:   c1 01 75 56 41 c1 f9 03 49 63 c1 c3 79 4c 80 3d
0x00007ffeb3a44f01:   33 ec 96 00 00 b8 0c 00 00 00 b9 10 00 00 00 0f
0x00007ffeb3a44f11:   45 c8 8b 05 8b d0 8f 00 ff c8 4c 63 c0 41 8b c1
0x00007ffeb3a44f21:   48 c1 f8 10 48 63 14 11 41 8b c9 83 e1 3f 0f b6
0x00007ffeb3a44f31:   c0 48 d3 e2 49 8d 0c 10 49 f7 d0 48 03 c1 49 c1
0x00007ffeb3a44f41:   e8 03 48 c1 e8 03 49 23 c0 c3 49 8b 00 49 8b c8
0x00007ffeb3a44f51:   48 ff a0 00 01 00 00 cc cc cc cc cc cc cc cc 48
0x00007ffeb3a44f61:   8b c2 c3 cc cc cc cc cc cc cc cc cc cc cc cc 48
0x00007ffeb3a44f71:   83 ec 38 0f 10 02 48 8b 49 40 48 8d 54 24 20 0f
0x00007ffeb3a44f81:   29 44 24 20 e8 06 f2 ff ff 48 83 c4 38 c3 cc 48
0x00007ffeb3a44f91:   83 ec 38 0f 10 02 48 8b 01 48 8d 54 24 20 0f 29
0x00007ffeb3a44fa1:   44 24 20 ff 50 38 48 83 c4 38 c3 cc cc cc cc 8b
0x00007ffeb3a44fb1:   05 22 00 96 00 c3 cc cc cc cc cc cc cc cc cc 48
0x00007ffeb3a44fc1:   89 5c 24 08 55 56 57 41 54 41 55 41 56 41 57 48
0x00007ffeb3a44fd1:   8d 6c 24 e0 48 81 ec 20 01 00 00 48 8b 05 c5 40
0x00007ffeb3a44fe1:   93 00 48 33 c4 48 89 45 10 48 8b 05 9f d7 95 00
0x00007ffeb3a44ff1:   45 33 ed 4c 8b b5 80 00 00 00 4c 8b fa 48 8b bd
0x00007ffeb3a45001:   88 00 00 00 4d 8b c6 49 8b d6 49 8b f1 48 8b 48
0x00007ffeb3a45011:   40 48 8b 59 40 49 8b cf c7 45 c0 ff ff ff ff 44
0x00007ffeb3a45021:   89 6d d4 4c 89 6d d8 44 88 6d e0 c7 45 e8 ff ff
0x00007ffeb3a45031:   ff ff 44 89 6d fc 4c 89 6d 00 44 88 6d 08 e8 4c
0x00007ffeb3a45041:   20 f4 ff 41 b1 01 4c 8d 45 e8 41 8d 55 04 49 8b 


Stack slot to memory mapping:
stack at sp + 0 slots: 0x00007ffeb3b76ca8 jvm.dll
stack at sp + 1 slots: 0x0000023097beda60 points into unknown readable memory: 0x00007ffeb419fe10 | 10 fe 19 b4 fe 7f 00 00
stack at sp + 2 slots: 0x00000072b41ff6c0 points into unknown readable memory: 0x00007ffeb419fe30 | 30 fe 19 b4 fe 7f 00 00
stack at sp + 3 slots: 0x00000000842e6680 is an oop: java.util.LinkedHashMap 
{0x00000000842e6680} - klass: 'java/util/LinkedHashMap'
 - ---- fields (total size 7 words):
 - transient 'keySet' 'Ljava/util/Set;' @12  NULL (0)
 - transient 'values' 'Ljava/util/Collection;' @16  NULL (0)
 - transient 'size' 'I' @20  0
 - transient 'modCount' 'I' @24  0
 - 'threshold' 'I' @28  1
 - final 'loadFactor' 'F' @32  0.750000 (3f400000)
 - transient 'table' '[Ljava/util/HashMap$Node;' @36  NULL (0)
 - transient 'entrySet' 'Ljava/util/Set;' @40  NULL (0)
 - final 'accessOrder' 'Z' @44  false
 - transient 'head' 'Ljava/util/LinkedHashMap$Entry;' @48  NULL (0)
 - transient 'tail' 'Ljava/util/LinkedHashMap$Entry;' @52  NULL (0)
stack at sp + 4 slots: 0x00007ffeb3b7692f jvm.dll
stack at sp + 5 slots: 0x00000000842ec070 points into unknown readable memory: 0x0000000000000011 | 11 00 00 00 00 00 00 00
stack at sp + 6 slots: 0x00007ffeb3b7692f jvm.dll
stack at sp + 7 slots: 0x0000023097beda60 points into unknown readable memory: 0x00007ffeb419fe10 | 10 fe 19 b4 fe 7f 00 00


---------------  P R O C E S S  ---------------

Threads class SMR info:
_java_thread_list=0x00000230b036fc90, length=39, elements={
0x00000230a9345230, 0x00000230a9349be0, 0x00000230a9362690, 0x00000230a9362f40,
0x00000230a93658f0, 0x00000230a9366290, 0x00000230a9366c30, 0x00000230a9399cd0,
0x00000230ad528250, 0x00000230add112d0, 0x00000230add11790, 0x00000230ade37a50,
0x00000230adea3120, 0x00000230af18b990, 0x00000230af408320, 0x00000230af604a10,
0x00000230af604ee0, 0x00000230af604070, 0x00000230af6053b0, 0x00000230af6066f0,
0x00000230af606220, 0x00000230af607560, 0x00000230af605880, 0x00000230af605d50,
0x00000230af606bc0, 0x00000230af607090, 0x00000230afed4060, 0x00000230afed2380,
0x00000230afed5870, 0x00000230afed31f0, 0x00000230afed5d40, 0x00000230afed2850,
0x00000230afed2d20, 0x00000230afed36c0, 0x00000230afed4ed0, 0x00000230b0441e20,
0x00000230b0443160, 0x00000230b0441480, 0x00000230b04474c0
}

Java Threads: ( => current thread )
  0x00000230a9345230 JavaThread "Reference Handler" daemon [_thread_blocked, id=6652, stack(0x00000072b4500000,0x00000072b4600000)]
  0x00000230a9349be0 JavaThread "Finalizer" daemon [_thread_blocked, id=3204, stack(0x00000072b4600000,0x00000072b4700000)]
  0x00000230a9362690 JavaThread "Signal Dispatcher" daemon [_thread_blocked, id=17812, stack(0x00000072b4700000,0x00000072b4800000)]
  0x00000230a9362f40 JavaThread "Attach Listener" daemon [_thread_blocked, id=1804, stack(0x00000072b4800000,0x00000072b4900000)]
  0x00000230a93658f0 JavaThread "Service Thread" daemon [_thread_blocked, id=13996, stack(0x00000072b4900000,0x00000072b4a00000)]
  0x00000230a9366290 JavaThread "Monitor Deflation Thread" daemon [_thread_blocked, id=6568, stack(0x00000072b4a00000,0x00000072b4b00000)]
  0x00000230a9366c30 JavaThread "C1 CompilerThread0" daemon [_thread_blocked, id=18264, stack(0x00000072b4b00000,0x00000072b4c00000)]
  0x00000230a9399cd0 JavaThread "Sweeper thread" daemon [_thread_blocked, id=10948, stack(0x00000072b4c00000,0x00000072b4d00000)]
  0x00000230ad528250 JavaThread "Common-Cleaner" daemon [_thread_blocked, id=12988, stack(0x00000072b4d00000,0x00000072b4e00000)]
  0x00000230add112d0 JavaThread "Monitor Ctrl-Break" daemon [_thread_in_native, id=17492, stack(0x00000072b5000000,0x00000072b5100000)]
  0x00000230add11790 JavaThread "Notification Thread" daemon [_thread_blocked, id=5128, stack(0x00000072b5100000,0x00000072b5200000)]
  0x00000230ade37a50 JavaThread "RMI TCP Accept-0" daemon [_thread_in_native, id=18052, stack(0x00000072b5400000,0x00000072b5500000)]
  0x00000230adea3120 JavaThread "RMI Scheduler(0)" daemon [_thread_blocked, id=16792, stack(0x00000072b5700000,0x00000072b5800000)]
  0x00000230af18b990 JavaThread "mysql-cj-abandoned-connection-cleanup" daemon [_thread_blocked, id=17336, stack(0x00000072b5a00000,0x00000072b5b00000)]
  0x00000230af408320 JavaThread "HikariPool-1 housekeeper" daemon [_thread_blocked, id=7320, stack(0x00000072b5d00000,0x00000072b5e00000)]
  0x00000230af604a10 JavaThread "Catalina-utility-1" [_thread_blocked, id=13632, stack(0x00000072b5f00000,0x00000072b6000000)]
  0x00000230af604ee0 JavaThread "Catalina-utility-2" [_thread_blocked, id=12672, stack(0x00000072b6000000,0x00000072b6100000)]
  0x00000230af604070 JavaThread "container-0" [_thread_blocked, id=18036, stack(0x00000072b6100000,0x00000072b6200000)]
  0x00000230af6053b0 JavaThread "spring.cloud.inetutils" daemon [_thread_blocked, id=10680, stack(0x00000072b5e00000,0x00000072b5f00000)]
  0x00000230af6066f0 JavaThread "AsyncResolver-bootstrap-0" daemon [_thread_blocked, id=18196, stack(0x00000072b6200000,0x00000072b6300000)]
  0x00000230af606220 JavaThread "DiscoveryClient-0" daemon [_thread_blocked, id=10956, stack(0x00000072b6300000,0x00000072b6400000)]
  0x00000230af607560 JavaThread "DiscoveryClient-1" daemon [_thread_blocked, id=17588, stack(0x00000072b6400000,0x00000072b6500000)]
  0x00000230af605880 JavaThread "DiscoveryClient-InstanceInfoReplicator-0" daemon [_thread_blocked, id=416, stack(0x00000072b6500000,0x00000072b6600000)]
  0x00000230af605d50 JavaThread "http-nio-8080-Poller" daemon [_thread_in_native, id=15140, stack(0x00000072b6600000,0x00000072b6700000)]
  0x00000230af606bc0 JavaThread "http-nio-8080-Acceptor" daemon [_thread_in_native, id=16988, stack(0x00000072b6700000,0x00000072b6800000)]
  0x00000230af607090 JavaThread "DestroyJavaVM" [_thread_blocked, id=9648, stack(0x00000072b3e00000,0x00000072b3f00000)]
  0x00000230afed4060 JavaThread "DiscoveryClient-HeartbeatExecutor-0" daemon [_thread_blocked, id=14708, stack(0x00000072b6a00000,0x00000072b6b00000)]
  0x00000230afed2380 JavaThread "DiscoveryClient-CacheRefreshExecutor-0" daemon [_thread_blocked, id=5544, stack(0x00000072b6b00000,0x00000072b6c00000)]
  0x00000230afed5870 JavaThread "AsyncResolver-bootstrap-executor-0" daemon [_thread_blocked, id=14952, stack(0x00000072b3c00000,0x00000072b3d00000)]
  0x00000230afed31f0 JavaThread "http-nio-8080-exec-1" daemon [_thread_blocked, id=7040, stack(0x00000072b3d00000,0x00000072b3e00000)]
  0x00000230afed5d40 JavaThread "http-nio-8080-exec-3" daemon [_thread_blocked, id=9652, stack(0x00000072b5600000,0x00000072b5700000)]
  0x00000230afed2850 JavaThread "http-nio-8080-exec-4" daemon [_thread_blocked, id=5808, stack(0x00000072b5900000,0x00000072b5a00000)]
  0x00000230afed2d20 JavaThread "http-nio-8080-exec-5" daemon [_thread_blocked, id=14124, stack(0x00000072b5b00000,0x00000072b5c00000)]
  0x00000230afed36c0 JavaThread "http-nio-8080-exec-7" daemon [_thread_blocked, id=3512, stack(0x00000072b6900000,0x00000072b6a00000)]
  0x00000230afed4ed0 JavaThread "http-nio-8080-exec-9" daemon [_thread_blocked, id=11020, stack(0x00000072b6d00000,0x00000072b6e00000)]
  0x00000230b0441e20 JavaThread "http-nio-8080-exec-11" daemon [_thread_blocked, id=9300, stack(0x00000072b6800000,0x00000072b6900000)]
  0x00000230b0443160 JavaThread "http-nio-8080-exec-13" daemon [_thread_blocked, id=512, stack(0x00000072b7100000,0x00000072b7200000)]
  0x00000230b0441480 JavaThread "http-nio-8080-exec-14" daemon [_thread_in_vm, id=16580, stack(0x00000072b7200000,0x00000072b7300000)]
  0x00000230b04474c0 JavaThread "http-nio-8080-exec-15" daemon [_thread_blocked, id=8912, stack(0x00000072b7300000,0x00000072b7400000)]

Other Threads:
  0x00000230a9341220 VMThread "VM Thread" [stack: 0x00000072b4400000,0x00000072b4500000] [id=1408]
  0x0000023097b7bf00 WatcherThread "VM Periodic Task Thread" [stack: 0x00000072b5500000,0x00000072b5600000] [id=15292]
  0x0000023097bd8690 WorkerThread "GC Thread#0" [stack: 0x00000072b3f00000,0x00000072b4000000] [id=17916]
  0x00000230add394f0 WorkerThread "GC Thread#1" [stack: 0x00000072b4e00000,0x00000072b4f00000] [id=16652]
  0x00000230add39790 WorkerThread "GC Thread#2" [stack: 0x00000072b5200000,0x00000072b5300000] [id=4108]
  0x00000230add4c700 WorkerThread "GC Thread#3" [stack: 0x00000072b5300000,0x00000072b5400000] [id=12524]
  0x0000023097beb290 ConcurrentGCThread "G1 Main Marker" [stack: 0x00000072b4000000,0x00000072b4100000] [id=11280]
=>0x0000023097becdf0 WorkerThread "G1 Conc#0" [stack: 0x00000072b4100000,0x00000072b4200000] [id=9360]
  0x0000023097c1e5d0 ConcurrentGCThread "G1 Refine#0" [stack: 0x00000072b4200000,0x00000072b4300000] [id=13392]
  0x00000230af0fc000 ConcurrentGCThread "G1 Refine#1" [stack: 0x00000072b5800000,0x00000072b5900000] [id=14988]
  0x00000230a91fc0d0 ConcurrentGCThread "G1 Service" [stack: 0x00000072b4300000,0x00000072b4400000] [id=2312]

Threads with active compile tasks:

VM state: not at safepoint (normal execution)

VM Mutex/Monitor currently owned by a thread: None

Heap address: 0x0000000081a00000, size: 2022 MB, Compressed Oops mode: 32-bit

CDS archive(s) mapped at: [0x0000000800000000-0x0000000800ba0000-0x0000000800ba0000), size 12189696, SharedBaseAddress: 0x0000000800000000, ArchiveRelocationMode: 0.
Compressed class space mapped at: 0x0000000800c00000-0x0000000840c00000, reserved size: 1073741824
Narrow klass base: 0x0000000800000000, Narrow klass shift: 0, Narrow klass range: 0x100000000

GC Precious Log:
 CardTable entry size: 512
 Card Set container configuration: InlinePtr #cards 5 size 8 Array Of Cards #cards 12 size 40 Howl #buckets 4 coarsen threshold 1843 Howl Bitmap #cards 512 size 80 coarsen threshold 460 Card regions per heap region 1 cards per card region 2048
 CPUs: 4 total, 4 available
 Memory: 8087M
 Large Page Support: Disabled
 NUMA Support: Disabled
 Compressed Oops: Enabled (32-bit)
 Heap Region Size: 1M
 Heap Min Capacity: 8M
 Heap Initial Capacity: 128M
 Heap Max Capacity: 2022M
 Pre-touch: Disabled
 Parallel Workers: 4
 Concurrent Workers: 1
 Concurrent Refinement Workers: 4
 Periodic GC: Disabled

Heap:
 garbage-first heap   total 120832K, used 68011K [0x0000000081a00000, 0x0000000100000000)
  region size 1024K, 4 young (4096K), 3 survivors (3072K)
 Metaspace       used 74655K, committed 75520K, reserved 1179648K
  class space    used 10401K, committed 10816K, reserved 1048576K

Heap Regions: E=young(eden), S=young(survivor), O=old, HS=humongous(starts), HC=humongous(continues), CS=collection set, F=free, OA=open archive, CA=closed archive, TAMS=top-at-mark-start (previous, next)
|   0|0x0000000081a00000, 0x0000000081b00000, 0x0000000081b00000|100%|HS|  |TAMS 0x0000000081b00000, 0x0000000081b00000| Complete 
|   1|0x0000000081b00000, 0x0000000081c00000, 0x0000000081c00000|100%| O|  |TAMS 0x0000000081c00000, 0x0000000081c00000| Untracked 
|   2|0x0000000081c00000, 0x0000000081d00000, 0x0000000081d00000|100%| O|  |TAMS 0x0000000081d00000, 0x0000000081d00000| Untracked 
|   3|0x0000000081d00000, 0x0000000081e00000, 0x0000000081e00000|100%| O|  |TAMS 0x0000000081e00000, 0x0000000081e00000| Untracked 
|   4|0x0000000081e00000, 0x0000000081f00000, 0x0000000081f00000|100%| O|  |TAMS 0x0000000081f00000, 0x0000000081f00000| Untracked 
|   5|0x0000000081f00000, 0x0000000082000000, 0x0000000082000000|100%| O|  |TAMS 0x0000000082000000, 0x0000000082000000| Untracked 
|   6|0x0000000082000000, 0x0000000082100000, 0x0000000082100000|100%| O|  |TAMS 0x0000000082100000, 0x0000000082100000| Untracked 
|   7|0x0000000082100000, 0x0000000082200000, 0x0000000082200000|100%| O|  |TAMS 0x0000000082200000, 0x0000000082200000| Untracked 
|   8|0x0000000082200000, 0x0000000082300000, 0x0000000082300000|100%| O|  |TAMS 0x0000000082300000, 0x0000000082300000| Untracked 
|   9|0x0000000082300000, 0x0000000082400000, 0x0000000082400000|100%| O|  |TAMS 0x0000000082400000, 0x0000000082400000| Untracked 
|  10|0x0000000082400000, 0x0000000082500000, 0x0000000082500000|100%| O|  |TAMS 0x0000000082500000, 0x0000000082500000| Untracked 
|  11|0x0000000082500000, 0x0000000082600000, 0x0000000082600000|100%| O|  |TAMS 0x0000000082600000, 0x0000000082600000| Untracked 
|  12|0x0000000082600000, 0x00000000826fdc00, 0x0000000082700000| 99%| O|  |TAMS 0x00000000826fdc00, 0x00000000826fdc00| Untracked 
|  13|0x0000000082700000, 0x0000000082800000, 0x0000000082800000|100%| O|  |TAMS 0x0000000082800000, 0x0000000082800000| Untracked 
|  14|0x0000000082800000, 0x0000000082900000, 0x0000000082900000|100%| O|  |TAMS 0x0000000082900000, 0x0000000082900000| Untracked 
|  15|0x0000000082900000, 0x0000000082a00000, 0x0000000082a00000|100%| O|  |TAMS 0x0000000082a00000, 0x0000000082a00000| Untracked 
|  16|0x0000000082a00000, 0x0000000082b00000, 0x0000000082b00000|100%| O|  |TAMS 0x0000000082b00000, 0x0000000082b00000| Untracked 
|  17|0x0000000082b00000, 0x0000000082c00000, 0x0000000082c00000|100%| O|  |TAMS 0x0000000082c00000, 0x0000000082c00000| Untracked 
|  18|0x0000000082c00000, 0x0000000082d00000, 0x0000000082d00000|100%| O|  |TAMS 0x0000000082d00000, 0x0000000082d00000| Untracked 
|  19|0x0000000082d00000, 0x0000000082e00000, 0x0000000082e00000|100%| O|  |TAMS 0x0000000082e00000, 0x0000000082e00000| Untracked 
|  20|0x0000000082e00000, 0x0000000082f00000, 0x0000000082f00000|100%| O|  |TAMS 0x0000000082f00000, 0x0000000082f00000| Untracked 
|  21|0x0000000082f00000, 0x0000000083000000, 0x0000000083000000|100%| O|  |TAMS 0x0000000083000000, 0x0000000083000000| Untracked 
|  22|0x0000000083000000, 0x0000000083100000, 0x0000000083100000|100%| O|  |TAMS 0x0000000083100000, 0x0000000083100000| Untracked 
|  23|0x0000000083100000, 0x0000000083200000, 0x0000000083200000|100%| O|  |TAMS 0x0000000083200000, 0x0000000083200000| Untracked 
|  24|0x0000000083200000, 0x0000000083300000, 0x0000000083300000|100%| O|  |TAMS 0x0000000083300000, 0x0000000083300000| Untracked 
|  25|0x0000000083300000, 0x0000000083400000, 0x0000000083400000|100%| O|  |TAMS 0x0000000083400000, 0x0000000083400000| Untracked 
|  26|0x0000000083400000, 0x0000000083500000, 0x0000000083500000|100%| O|  |TAMS 0x0000000083500000, 0x0000000083500000| Untracked 
|  27|0x0000000083500000, 0x0000000083600000, 0x0000000083600000|100%| O|  |TAMS 0x0000000083600000, 0x0000000083600000| Untracked 
|  28|0x0000000083600000, 0x0000000083700000, 0x0000000083700000|100%| O|  |TAMS 0x0000000083600000, 0x0000000083700000| Untracked 
|  29|0x0000000083700000, 0x0000000083800000, 0x0000000083800000|100%| O|  |TAMS 0x0000000083800000, 0x0000000083800000| Untracked 
|  30|0x0000000083800000, 0x0000000083900000, 0x0000000083900000|100%| O|  |TAMS 0x0000000083900000, 0x0000000083900000| Untracked 
|  31|0x0000000083900000, 0x0000000083a00000, 0x0000000083a00000|100%| O|  |TAMS 0x0000000083a00000, 0x0000000083a00000| Untracked 
|  32|0x0000000083a00000, 0x0000000083b00000, 0x0000000083b00000|100%| O|  |TAMS 0x0000000083b00000, 0x0000000083b00000| Untracked 
|  33|0x0000000083b00000, 0x0000000083c00000, 0x0000000083c00000|100%| O|  |TAMS 0x0000000083c00000, 0x0000000083c00000| Untracked 
|  34|0x0000000083c00000, 0x0000000083d00000, 0x0000000083d00000|100%| O|  |TAMS 0x0000000083d00000, 0x0000000083d00000| Untracked 
|  35|0x0000000083d00000, 0x0000000083e00000, 0x0000000083e00000|100%| O|  |TAMS 0x0000000083e00000, 0x0000000083e00000| Untracked 
|  36|0x0000000083e00000, 0x0000000083f00000, 0x0000000083f00000|100%| O|  |TAMS 0x0000000083f00000, 0x0000000083f00000| Untracked 
|  37|0x0000000083f00000, 0x0000000084000000, 0x0000000084000000|100%| O|  |TAMS 0x0000000083f64200, 0x0000000084000000| Untracked 
|  38|0x0000000084000000, 0x0000000084100000, 0x0000000084100000|100%| O|  |TAMS 0x0000000084000000, 0x0000000084100000| Untracked 
|  39|0x0000000084100000, 0x0000000084200000, 0x0000000084200000|100%| O|  |TAMS 0x0000000084100000, 0x0000000084200000| Untracked 
|  40|0x0000000084200000, 0x0000000084300000, 0x0000000084300000|100%| O|  |TAMS 0x0000000084200000, 0x0000000084300000| Untracked 
|  41|0x0000000084300000, 0x0000000084400000, 0x0000000084400000|100%| O|  |TAMS 0x0000000084300000, 0x0000000084400000| Untracked 
|  42|0x0000000084400000, 0x0000000084500000, 0x0000000084500000|100%| O|  |TAMS 0x0000000084400000, 0x0000000084500000| Untracked 
|  43|0x0000000084500000, 0x0000000084600000, 0x0000000084600000|100%| O|  |TAMS 0x0000000084500000, 0x0000000084600000| Untracked 
|  44|0x0000000084600000, 0x0000000084700000, 0x0000000084700000|100%| O|  |TAMS 0x0000000084600000, 0x0000000084700000| Untracked 
|  45|0x0000000084700000, 0x0000000084800000, 0x0000000084800000|100%| O|  |TAMS 0x0000000084700000, 0x0000000084800000| Untracked 
|  46|0x0000000084800000, 0x0000000084900000, 0x0000000084900000|100%| O|  |TAMS 0x0000000084800000, 0x0000000084900000| Untracked 
|  47|0x0000000084900000, 0x0000000084a00000, 0x0000000084a00000|100%| O|  |TAMS 0x0000000084900000, 0x0000000084a00000| Untracked 
|  48|0x0000000084a00000, 0x0000000084b00000, 0x0000000084b00000|100%| O|  |TAMS 0x0000000084a00000, 0x0000000084b00000| Untracked 
|  49|0x0000000084b00000, 0x0000000084c00000, 0x0000000084c00000|100%| O|  |TAMS 0x0000000084b00000, 0x0000000084c00000| Untracked 
|  50|0x0000000084c00000, 0x0000000084d00000, 0x0000000084d00000|100%| O|  |TAMS 0x0000000084c00000, 0x0000000084d00000| Untracked 
|  51|0x0000000084d00000, 0x0000000084e00000, 0x0000000084e00000|100%| O|  |TAMS 0x0000000084d00000, 0x0000000084e00000| Untracked 
|  52|0x0000000084e00000, 0x0000000084f00000, 0x0000000084f00000|100%| O|  |TAMS 0x0000000084e00000, 0x0000000084edce00| Untracked 
|  53|0x0000000084f00000, 0x0000000085000000, 0x0000000085000000|100%|HS|  |TAMS 0x0000000084f00000, 0x0000000085000000| Complete 
|  54|0x0000000085000000, 0x0000000085100000, 0x0000000085100000|100%| O|  |TAMS 0x0000000085000000, 0x0000000085000000| Untracked 
|  55|0x0000000085100000, 0x0000000085181800, 0x0000000085200000| 50%| O|  |TAMS 0x0000000085100000, 0x0000000085100000| Untracked 
|  56|0x0000000085200000, 0x0000000085300000, 0x0000000085300000|100%|HS|  |TAMS 0x0000000085200000, 0x0000000085200000| Complete 
|  57|0x0000000085300000, 0x0000000085400000, 0x0000000085400000|100%|HC|  |TAMS 0x0000000085300000, 0x0000000085300000| Complete 
|  58|0x0000000085400000, 0x0000000085500000, 0x0000000085500000|100%|HS|  |TAMS 0x0000000085400000, 0x0000000085400000| Complete 
|  59|0x0000000085500000, 0x0000000085600000, 0x0000000085600000|100%|HC|  |TAMS 0x0000000085500000, 0x0000000085500000| Complete 
|  60|0x0000000085600000, 0x0000000085700000, 0x0000000085700000|100%|HC|  |TAMS 0x0000000085600000, 0x0000000085600000| Complete 
|  61|0x0000000085700000, 0x0000000085800000, 0x0000000085800000|100%|HS|  |TAMS 0x0000000085700000, 0x0000000085700000| Complete 
|  62|0x0000000085800000, 0x0000000085900000, 0x0000000085900000|100%|HC|  |TAMS 0x0000000085800000, 0x0000000085800000| Complete 
|  63|0x0000000085900000, 0x0000000085a00000, 0x0000000085a00000|100%|HC|  |TAMS 0x0000000085900000, 0x0000000085900000| Complete 
|  64|0x0000000085a00000, 0x0000000085a00000, 0x0000000085b00000|  0%| F|  |TAMS 0x0000000085a00000, 0x0000000085a00000| Untracked 
|  65|0x0000000085b00000, 0x0000000085b00000, 0x0000000085c00000|  0%| F|  |TAMS 0x0000000085b00000, 0x0000000085b00000| Untracked 
|  66|0x0000000085c00000, 0x0000000085c00000, 0x0000000085d00000|  0%| F|  |TAMS 0x0000000085c00000, 0x0000000085c00000| Untracked 
|  67|0x0000000085d00000, 0x0000000085d00000, 0x0000000085e00000|  0%| F|  |TAMS 0x0000000085d00000, 0x0000000085d00000| Untracked 
|  68|0x0000000085e00000, 0x0000000085e00000, 0x0000000085f00000|  0%| F|  |TAMS 0x0000000085e00000, 0x0000000085e00000| Untracked 
|  69|0x0000000085f00000, 0x0000000085f00000, 0x0000000086000000|  0%| F|  |TAMS 0x0000000085f00000, 0x0000000085f00000| Untracked 
|  70|0x0000000086000000, 0x0000000086000000, 0x0000000086100000|  0%| F|  |TAMS 0x0000000086000000, 0x0000000086000000| Untracked 
|  71|0x0000000086100000, 0x0000000086100000, 0x0000000086200000|  0%| F|  |TAMS 0x0000000086100000, 0x0000000086100000| Untracked 
|  72|0x0000000086200000, 0x0000000086200000, 0x0000000086300000|  0%| F|  |TAMS 0x0000000086200000, 0x0000000086200000| Untracked 
|  73|0x0000000086300000, 0x0000000086300000, 0x0000000086400000|  0%| F|  |TAMS 0x0000000086300000, 0x0000000086300000| Untracked 
|  74|0x0000000086400000, 0x0000000086400000, 0x0000000086500000|  0%| F|  |TAMS 0x0000000086400000, 0x0000000086400000| Untracked 
|  75|0x0000000086500000, 0x0000000086500000, 0x0000000086600000|  0%| F|  |TAMS 0x0000000086500000, 0x0000000086500000| Untracked 
|  76|0x0000000086600000, 0x0000000086600000, 0x0000000086700000|  0%| F|  |TAMS 0x0000000086600000, 0x0000000086600000| Untracked 
|  77|0x0000000086700000, 0x0000000086700000, 0x0000000086800000|  0%| F|  |TAMS 0x0000000086700000, 0x0000000086700000| Untracked 
|  78|0x0000000086800000, 0x0000000086800000, 0x0000000086900000|  0%| F|  |TAMS 0x0000000086800000, 0x0000000086800000| Untracked 
|  79|0x0000000086900000, 0x0000000086900000, 0x0000000086a00000|  0%| F|  |TAMS 0x0000000086900000, 0x0000000086900000| Untracked 
|  80|0x0000000086a00000, 0x0000000086a00000, 0x0000000086b00000|  0%| F|  |TAMS 0x0000000086a00000, 0x0000000086a00000| Untracked 
|  81|0x0000000086b00000, 0x0000000086b00000, 0x0000000086c00000|  0%| F|  |TAMS 0x0000000086b00000, 0x0000000086b00000| Untracked 
|  82|0x0000000086c00000, 0x0000000086c00000, 0x0000000086d00000|  0%| F|  |TAMS 0x0000000086c00000, 0x0000000086c00000| Untracked 
|  83|0x0000000086d00000, 0x0000000086d00000, 0x0000000086e00000|  0%| F|  |TAMS 0x0000000086d00000, 0x0000000086d00000| Untracked 
|  84|0x0000000086e00000, 0x0000000086e00000, 0x0000000086f00000|  0%| F|  |TAMS 0x0000000086e00000, 0x0000000086e00000| Untracked 
|  85|0x0000000086f00000, 0x0000000086f00000, 0x0000000087000000|  0%| F|  |TAMS 0x0000000086f00000, 0x0000000086f00000| Untracked 
|  86|0x0000000087000000, 0x0000000087000000, 0x0000000087100000|  0%| F|  |TAMS 0x0000000087000000, 0x0000000087000000| Untracked 
|  87|0x0000000087100000, 0x0000000087100000, 0x0000000087200000|  0%| F|  |TAMS 0x0000000087100000, 0x0000000087100000| Untracked 
|  88|0x0000000087200000, 0x0000000087200000, 0x0000000087300000|  0%| F|  |TAMS 0x0000000087200000, 0x0000000087200000| Untracked 
|  89|0x0000000087300000, 0x0000000087300000, 0x0000000087400000|  0%| F|  |TAMS 0x0000000087300000, 0x0000000087300000| Untracked 
|  90|0x0000000087400000, 0x0000000087400000, 0x0000000087500000|  0%| F|  |TAMS 0x0000000087400000, 0x0000000087400000| Untracked 
|  91|0x0000000087500000, 0x0000000087500000, 0x0000000087600000|  0%| F|  |TAMS 0x0000000087500000, 0x0000000087500000| Untracked 
|  92|0x0000000087600000, 0x0000000087600000, 0x0000000087700000|  0%| F|  |TAMS 0x0000000087600000, 0x0000000087600000| Untracked 
|  93|0x0000000087700000, 0x0000000087700000, 0x0000000087800000|  0%| F|  |TAMS 0x0000000087700000, 0x0000000087700000| Untracked 
|  94|0x0000000087800000, 0x0000000087800000, 0x0000000087900000|  0%| F|  |TAMS 0x0000000087800000, 0x0000000087800000| Untracked 
|  95|0x0000000087900000, 0x0000000087900000, 0x0000000087a00000|  0%| F|  |TAMS 0x0000000087900000, 0x0000000087900000| Untracked 
|  96|0x0000000087a00000, 0x0000000087a00000, 0x0000000087b00000|  0%| F|  |TAMS 0x0000000087a00000, 0x0000000087a00000| Untracked 
|  97|0x0000000087b00000, 0x0000000087b00000, 0x0000000087c00000|  0%| F|  |TAMS 0x0000000087b00000, 0x0000000087b00000| Untracked 
|  98|0x0000000087c00000, 0x0000000087c00000, 0x0000000087d00000|  0%| F|  |TAMS 0x0000000087c00000, 0x0000000087c00000| Untracked 
|  99|0x0000000087d00000, 0x0000000087d00000, 0x0000000087e00000|  0%| F|  |TAMS 0x0000000087d00000, 0x0000000087d00000| Untracked 
| 100|0x0000000087e00000, 0x0000000087e00000, 0x0000000087f00000|  0%| F|  |TAMS 0x0000000087e00000, 0x0000000087e00000| Untracked 
| 101|0x0000000087f00000, 0x0000000087f00000, 0x0000000088000000|  0%| F|  |TAMS 0x0000000087f00000, 0x0000000087f00000| Untracked 
| 102|0x0000000088000000, 0x0000000088000000, 0x0000000088100000|  0%| F|  |TAMS 0x0000000088000000, 0x0000000088000000| Untracked 
| 103|0x0000000088100000, 0x0000000088100000, 0x0000000088200000|  0%| F|  |TAMS 0x0000000088100000, 0x0000000088100000| Untracked 
| 104|0x0000000088200000, 0x0000000088200000, 0x0000000088300000|  0%| F|  |TAMS 0x0000000088200000, 0x0000000088200000| Untracked 
| 105|0x0000000088300000, 0x0000000088300000, 0x0000000088400000|  0%| F|  |TAMS 0x0000000088300000, 0x0000000088300000| Untracked 
| 106|0x0000000088400000, 0x0000000088400000, 0x0000000088500000|  0%| F|  |TAMS 0x0000000088400000, 0x0000000088400000| Untracked 
| 107|0x0000000088500000, 0x0000000088500000, 0x0000000088600000|  0%| F|  |TAMS 0x0000000088500000, 0x0000000088500000| Untracked 
| 108|0x0000000088600000, 0x0000000088600000, 0x0000000088700000|  0%| F|  |TAMS 0x0000000088600000, 0x0000000088600000| Untracked 
| 109|0x0000000088700000, 0x0000000088700000, 0x0000000088800000|  0%| F|  |TAMS 0x0000000088700000, 0x0000000088700000| Untracked 
| 110|0x0000000088800000, 0x0000000088800000, 0x0000000088900000|  0%| F|  |TAMS 0x0000000088800000, 0x0000000088800000| Untracked 
| 111|0x0000000088900000, 0x0000000088900000, 0x0000000088a00000|  0%| F|  |TAMS 0x0000000088900000, 0x0000000088900000| Untracked 
| 112|0x0000000088a00000, 0x0000000088a00000, 0x0000000088b00000|  0%| F|  |TAMS 0x0000000088a00000, 0x0000000088a00000| Untracked 
| 113|0x0000000088b00000, 0x0000000088b00000, 0x0000000088c00000|  0%| F|  |TAMS 0x0000000088b00000, 0x0000000088b00000| Untracked 
| 114|0x0000000088c00000, 0x0000000088cebae0, 0x0000000088d00000| 92%| S|CS|TAMS 0x0000000088c00000, 0x0000000088c00000| Complete 
| 115|0x0000000088d00000, 0x0000000088e00000, 0x0000000088e00000|100%| S|CS|TAMS 0x0000000088d00000, 0x0000000088d00000| Complete 
| 116|0x0000000088e00000, 0x0000000088f00000, 0x0000000088f00000|100%| S|CS|TAMS 0x0000000088e00000, 0x0000000088e00000| Complete 
| 127|0x0000000089900000, 0x000000008996e188, 0x0000000089a00000| 43%| E|  |TAMS 0x0000000089900000, 0x0000000089900000| Complete 

Card table byte_map: [0x00000230a2890000,0x00000230a2c90000] _byte_map_base: 0x00000230a2483000

Marking Bits (Prev, Next): (CMBitMap*) 0x0000023097bd8cd0, (CMBitMap*) 0x0000023097bd8c90
 Prev Bits: [0x00000230a5030000, 0x00000230a6fc8000)
 Next Bits: [0x00000230a3090000, 0x00000230a5028000)

Polling page: 0x0000023095cd0000

Metaspace:

Usage:
  Non-class:     62.75 MB used.
      Class:     10.16 MB used.
       Both:     72.91 MB used.

Virtual space:
  Non-class space:      128.00 MB reserved,      63.19 MB ( 49%) committed,  2 nodes.
      Class space:        1.00 GB reserved,      10.56 MB (  1%) committed,  1 nodes.
             Both:        1.12 GB reserved,      73.75 MB (  6%) committed. 

Chunk freelists:
   Non-Class:  3.97 MB
       Class:  1.38 MB
        Both:  5.34 MB

MaxMetaspaceSize: unlimited
CompressedClassSpaceSize: 1.00 GB
Initial GC threshold: 21.00 MB
Current GC threshold: 100.56 MB
CDS: on
MetaspaceReclaimPolicy: balanced
 - commit_granule_bytes: 65536.
 - commit_granule_words: 8192.
 - virtual_space_node_default_size: 8388608.
 - enlarge_chunks_in_place: 1.
 - new_chunks_are_fully_committed: 0.
 - uncommit_free_chunks: 1.
 - use_allocation_guard: 0.


Internal statistics:

num_allocs_failed_limit: 15.
num_arena_births: 1362.
num_arena_deaths: 0.
num_vsnodes_births: 3.
num_vsnodes_deaths: 0.
num_space_committed: 1180.
num_space_uncommitted: 0.
num_chunks_returned_to_freelist: 15.
num_chunks_taken_from_freelist: 3932.
num_chunk_merges: 12.
num_chunk_splits: 2866.
num_chunks_enlarged: 2258.
num_inconsistent_stats: 0.

CodeCache: size=49152Kb used=24578Kb max_used=24861Kb free=24573Kb
 bounds [0x000002309f490000, 0x00000230a0d10000, 0x00000230a2490000]
 total_blobs=15057 nmethods=14341 adapters=640
 compilation: enabled
              stopped_count=0, restarted_count=0
 full_count=0

Compilation events (20 events):
Event: 6692.042 Thread 0x00000230a9366c30 14511       1       org.apache.catalina.connector.InputBuffer::isBlocking (16 bytes)
Event: 6692.042 Thread 0x00000230a9366c30 nmethod 14511 0x00000230a0d04110 code [0x00000230a0d042a0, 0x00000230a0d04398]
Event: 6692.042 Thread 0x00000230a9366c30 14512       1       org.apache.catalina.connector.InputBuffer::read (41 bytes)
Event: 6692.042 Thread 0x00000230a9366c30 nmethod 14512 0x00000230a0d03a10 code [0x00000230a0d03be0, 0x00000230a0d03ef8]
Event: 6692.053 Thread 0x00000230a9366c30 14515   !   1       org.apache.tomcat.util.http.fileupload.ByteArrayOutputStream::write (151 bytes)
Event: 6692.053 Thread 0x00000230a9366c30 nmethod 14515 0x00000230a0d03210 code [0x00000230a0d033e0, 0x00000230a0d037c8]
Event: 6692.053 Thread 0x00000230a9366c30 14513       1       org.apache.tomcat.util.http.fileupload.ThresholdingOutputStream::write (27 bytes)
Event: 6692.053 Thread 0x00000230a9366c30 nmethod 14513 0x00000230a0d02e10 code [0x00000230a0d02fc0, 0x00000230a0d03138]
Event: 6692.054 Thread 0x00000230a9366c30 14514       1       org.apache.tomcat.util.http.fileupload.ThresholdingOutputStream::checkThreshold (33 bytes)
Event: 6692.054 Thread 0x00000230a9366c30 nmethod 14514 0x00000230a0d02a90 code [0x00000230a0d02c20, 0x00000230a0d02d28]
Event: 6692.514 Thread 0x00000230a9366c30 14516   !   1       org.apache.catalina.connector.InputBuffer::realReadBytes (57 bytes)
Event: 6692.514 Thread 0x00000230a9366c30 nmethod 14516 0x00000230a0d02490 code [0x00000230a0d02660, 0x00000230a0d02918]
Event: 6692.514 Thread 0x00000230a9366c30 14517       1       org.apache.coyote.Request::doRead (57 bytes)
Event: 6692.514 Thread 0x00000230a9366c30 nmethod 14517 0x00000230a0d02090 code [0x00000230a0d02240, 0x00000230a0d023b8]
Event: 6692.514 Thread 0x00000230a9366c30 14518       1       org.apache.coyote.http11.Http11InputBuffer::doRead (35 bytes)
Event: 6692.514 Thread 0x00000230a9366c30 nmethod 14518 0x00000230a0d01c90 code [0x00000230a0d01e40, 0x00000230a0d01fb8]
Event: 6692.514 Thread 0x00000230a9366c30 14519       1       org.apache.coyote.http11.filters.IdentityInputFilter::doRead (123 bytes)
Event: 6692.515 Thread 0x00000230a9366c30 nmethod 14519 0x00000230a0d01610 code [0x00000230a0d01800, 0x00000230a0d01ad8]
Event: 6692.529 Thread 0x00000230a9366c30 14520       1       org.apache.coyote.http11.Http11InputBuffer$SocketInputBuffer::doRead (111 bytes)
Event: 6692.529 Thread 0x00000230a9366c30 nmethod 14520 0x00000230a0d00f10 code [0x00000230a0d01100, 0x00000230a0d01378]

GC Heap History (20 events):
Event: 18.150 GC heap before
{Heap before GC invocations=19 (full 0):
 garbage-first heap   total 120832K, used 99181K [0x0000000081a00000, 0x0000000100000000)
  region size 1024K, 60 young (61440K), 3 survivors (3072K)
 Metaspace       used 58345K, committed 59008K, reserved 1114112K
  class space    used 8055K, committed 8384K, reserved 1048576K
}
Event: 18.161 GC heap after
{Heap after GC invocations=20 (full 0):
 garbage-first heap   total 120832K, used 44675K [0x0000000081a00000, 0x0000000100000000)
  region size 1024K, 7 young (7168K), 7 survivors (7168K)
 Metaspace       used 58345K, committed 59008K, reserved 1114112K
  class space    used 8055K, committed 8384K, reserved 1048576K
}
Event: 19.173 GC heap before
{Heap before GC invocations=20 (full 0):
 garbage-first heap   total 120832K, used 82563K [0x0000000081a00000, 0x0000000100000000)
  region size 1024K, 45 young (46080K), 7 survivors (7168K)
 Metaspace       used 60488K, committed 61120K, reserved 1114112K
  class space    used 8411K, committed 8704K, reserved 1048576K
}
Event: 19.196 GC heap after
{Heap after GC invocations=21 (full 0):
 garbage-first heap   total 120832K, used 47481K [0x0000000081a00000, 0x0000000100000000)
  region size 1024K, 7 young (7168K), 7 survivors (7168K)
 Metaspace       used 60488K, committed 61120K, reserved 1114112K
  class space    used 8411K, committed 8704K, reserved 1048576K
}
Event: 2276.432 GC heap before
{Heap before GC invocations=22 (full 0):
 garbage-first heap   total 120832K, used 97657K [0x0000000081a00000, 0x0000000100000000)
  region size 1024K, 57 young (58368K), 7 survivors (7168K)
 Metaspace       used 66059K, committed 66752K, reserved 1114112K
  class space    used 9161K, committed 9472K, reserved 1048576K
}
Event: 2276.473 GC heap after
{Heap after GC invocations=23 (full 0):
 garbage-first heap   total 120832K, used 51696K [0x0000000081a00000, 0x0000000100000000)
  region size 1024K, 8 young (8192K), 8 survivors (8192K)
 Metaspace       used 66059K, committed 66752K, reserved 1114112K
  class space    used 9161K, committed 9472K, reserved 1048576K
}
Event: 2280.358 GC heap before
{Heap before GC invocations=23 (full 0):
 garbage-first heap   total 120832K, used 52720K [0x0000000081a00000, 0x0000000100000000)
  region size 1024K, 9 young (9216K), 8 survivors (8192K)
 Metaspace       used 66063K, committed 66752K, reserved 1114112K
  class space    used 9162K, committed 9472K, reserved 1048576K
}
Event: 2280.370 GC heap after
{Heap after GC invocations=24 (full 0):
 garbage-first heap   total 120832K, used 51911K [0x0000000081a00000, 0x0000000100000000)
  region size 1024K, 1 young (1024K), 1 survivors (1024K)
 Metaspace       used 66063K, committed 66752K, reserved 1114112K
  class space    used 9162K, committed 9472K, reserved 1048576K
}
Event: 2669.806 GC heap before
{Heap before GC invocations=24 (full 0):
 garbage-first heap   total 120832K, used 97991K [0x0000000081a00000, 0x0000000100000000)
  region size 1024K, 47 young (48128K), 1 survivors (1024K)
 Metaspace       used 72810K, committed 73600K, reserved 1114112K
  class space    used 10039K, committed 10432K, reserved 1048576K
}
Event: 2669.814 GC heap after
{Heap after GC invocations=25 (full 0):
 garbage-first heap   total 120832K, used 54569K [0x0000000081a00000, 0x0000000100000000)
  region size 1024K, 4 young (4096K), 4 survivors (4096K)
 Metaspace       used 72810K, committed 73600K, reserved 1114112K
  class space    used 10039K, committed 10432K, reserved 1048576K
}
Event: 2727.362 GC heap before
{Heap before GC invocations=25 (full 0):
 garbage-first heap   total 120832K, used 98601K [0x0000000081a00000, 0x0000000100000000)
  region size 1024K, 47 young (48128K), 4 survivors (4096K)
 Metaspace       used 74192K, committed 75072K, reserved 1114112K
  class space    used 10316K, committed 10752K, reserved 1048576K
}
Event: 2727.368 GC heap after
{Heap after GC invocations=26 (full 0):
 garbage-first heap   total 120832K, used 55435K [0x0000000081a00000, 0x0000000100000000)
  region size 1024K, 2 young (2048K), 2 survivors (2048K)
 Metaspace       used 74192K, committed 75072K, reserved 1114112K
  class space    used 10316K, committed 10752K, reserved 1048576K
}
Event: 6319.679 GC heap before
{Heap before GC invocations=26 (full 0):
 garbage-first heap   total 120832K, used 99467K [0x0000000081a00000, 0x0000000100000000)
  region size 1024K, 45 young (46080K), 2 survivors (2048K)
 Metaspace       used 74205K, committed 75072K, reserved 1114112K
  class space    used 10319K, committed 10752K, reserved 1048576K
}
Event: 6319.697 GC heap after
{Heap after GC invocations=27 (full 0):
 garbage-first heap   total 120832K, used 56711K [0x0000000081a00000, 0x0000000100000000)
  region size 1024K, 3 young (3072K), 3 survivors (3072K)
 Metaspace       used 74205K, committed 75072K, reserved 1114112K
  class space    used 10319K, committed 10752K, reserved 1048576K
}
Event: 6386.507 GC heap before
{Heap before GC invocations=27 (full 0):
 garbage-first heap   total 120832K, used 100743K [0x0000000081a00000, 0x0000000100000000)
  region size 1024K, 46 young (47104K), 3 survivors (3072K)
 Metaspace       used 74386K, committed 75328K, reserved 1114112K
  class space    used 10361K, committed 10816K, reserved 1048576K
}
Event: 6386.513 GC heap after
{Heap after GC invocations=28 (full 0):
 garbage-first heap   total 120832K, used 56795K [0x0000000081a00000, 0x0000000100000000)
  region size 1024K, 3 young (3072K), 3 survivors (3072K)
 Metaspace       used 74386K, committed 75328K, reserved 1114112K
  class space    used 10361K, committed 10816K, reserved 1048576K
}
Event: 6692.314 GC heap before
{Heap before GC invocations=28 (full 0):
 garbage-first heap   total 120832K, used 90587K [0x0000000081a00000, 0x0000000100000000)
  region size 1024K, 38 young (38912K), 3 survivors (3072K)
 Metaspace       used 74610K, committed 75456K, reserved 1114112K
  class space    used 10396K, committed 10816K, reserved 1048576K
}
Event: 6692.322 GC heap after
{Heap after GC invocations=29 (full 0):
 garbage-first heap   total 120832K, used 58218K [0x0000000081a00000, 0x0000000100000000)
  region size 1024K, 4 young (4096K), 4 survivors (4096K)
 Metaspace       used 74610K, committed 75456K, reserved 1114112K
  class space    used 10396K, committed 10816K, reserved 1048576K
}
Event: 6693.030 GC heap before
{Heap before GC invocations=29 (full 0):
 garbage-first heap   total 120832K, used 59242K [0x0000000081a00000, 0x0000000100000000)
  region size 1024K, 5 young (5120K), 4 survivors (4096K)
 Metaspace       used 74610K, committed 75456K, reserved 1114112K
  class space    used 10396K, committed 10816K, reserved 1048576K
}
Event: 6693.040 GC heap after
{Heap after GC invocations=30 (full 0):
 garbage-first heap   total 120832K, used 59819K [0x0000000081a00000, 0x0000000100000000)
  region size 1024K, 3 young (3072K), 3 survivors (3072K)
 Metaspace       used 74610K, committed 75456K, reserved 1114112K
  class space    used 10396K, committed 10816K, reserved 1048576K
}

Deoptimization events (16 events):
Event: 5.165 Thread 0x0000023097b7ae90 DEOPT PACKING pc=0x000002309f9f7c19 sp=0x00000072b3efd140
Event: 5.165 Thread 0x0000023097b7ae90 DEOPT UNPACKING pc=0x000002309f4e2b43 sp=0x00000072b3efc620 mode 3
Event: 8.684 Thread 0x0000023097b7ae90 DEOPT PACKING pc=0x000002309f9f3a24 sp=0x00000072b3efd9e0
Event: 8.684 Thread 0x0000023097b7ae90 DEOPT UNPACKING pc=0x000002309f4e2b43 sp=0x00000072b3efcf38 mode 0
Event: 10.304 Thread 0x0000023097b7ae90 DEOPT PACKING pc=0x000002309fd66f5d sp=0x00000072b3efd450
Event: 10.304 Thread 0x0000023097b7ae90 DEOPT UNPACKING pc=0x000002309f4e2b43 sp=0x00000072b3efc9b8 mode 3
Event: 15.351 Thread 0x0000023097b7ae90 DEOPT PACKING pc=0x000002309f9cadaa sp=0x00000072b3ef9820
Event: 15.351 Thread 0x0000023097b7ae90 DEOPT UNPACKING pc=0x000002309f4e2b43 sp=0x00000072b3ef8d28 mode 3
Event: 15.405 Thread 0x0000023097b7ae90 DEOPT PACKING pc=0x00000230a0279899 sp=0x00000072b3efc410
Event: 15.405 Thread 0x0000023097b7ae90 DEOPT UNPACKING pc=0x000002309f4e2b43 sp=0x00000072b3efb8f0 mode 3
Event: 17.094 Thread 0x0000023097b7ae90 DEOPT PACKING pc=0x000002309fcc7a6c sp=0x00000072b3efe0e0
Event: 17.094 Thread 0x0000023097b7ae90 DEOPT UNPACKING pc=0x000002309f4e2b43 sp=0x00000072b3efd670 mode 0
Event: 2669.505 Thread 0x00000230afed31f0 DEOPT PACKING pc=0x00000230a070f07e sp=0x00000072b3dfb010
Event: 2669.505 Thread 0x00000230afed31f0 DEOPT UNPACKING pc=0x000002309f4e2b43 sp=0x00000072b3dfa518 mode 3
Event: 6382.807 Thread 0x00000230afed53a0 DEOPT PACKING pc=0x00000230a0ad8f25 sp=0x00000072b6ef84b0
Event: 6382.807 Thread 0x00000230afed53a0 DEOPT UNPACKING pc=0x000002309f4e2b43 sp=0x00000072b6ef79b8 mode 3

Classes loaded (20 events):
Event: 2654.984 Loading class com/sun/crypto/provider/HmacCore$HmacSHA256
Event: 2654.984 Loading class com/sun/crypto/provider/HmacCore$HmacSHA256 done
Event: 2655.018 Loading class jdk/internal/reflect/AccessorUtils
Event: 2655.018 Loading class jdk/internal/reflect/AccessorUtils done
Event: 2655.035 Loading class sun/reflect/Reflection
Event: 2655.035 Loading class sun/reflect/Reflection done
Event: 2668.469 Loading class java/io/EOFException
Event: 2668.470 Loading class java/io/EOFException done
Event: 2669.134 Loading class javax/xml/datatype/XMLGregorianCalendar
Event: 2669.134 Loading class javax/xml/datatype/XMLGregorianCalendar done
Event: 2669.287 Loading class java/util/concurrent/locks/ReentrantReadWriteLock$Sync$HoldCounter
Event: 2669.288 Loading class java/util/concurrent/locks/ReentrantReadWriteLock$Sync$HoldCounter done
Event: 2669.699 Loading class java/io/Console
Event: 2669.700 Loading class java/io/Console done
Event: 2669.714 Loading class jdk/internal/vm/annotation/ForceInline
Event: 2669.715 Loading class jdk/internal/vm/annotation/ForceInline done
Event: 2718.419 Loading class java/util/concurrent/ConcurrentLinkedQueue$Itr
Event: 2718.420 Loading class java/util/concurrent/ConcurrentLinkedQueue$Itr done
Event: 6382.834 Loading class jdk/internal/reflect/MethodHandleDoubleFieldAccessorImpl
Event: 6382.836 Loading class jdk/internal/reflect/MethodHandleDoubleFieldAccessorImpl done

Classes unloaded (0 events):
No events

Classes redefined (0 events):
No events

Internal exceptions (20 events):
Event: 4383.467 Thread 0x00000230b0441950 Exception <a 'java/io/IOException'{0x000000008888f700}> (0x000000008888f700) 
thrown [s\open\src\hotspot\share\prims\jni.cpp, line 516]
Event: 4383.467 Thread 0x00000230b0441950 Exception <a 'java/io/IOException'{0x0000000088890240}> (0x0000000088890240) 
thrown [s\open\src\hotspot\share\prims\jni.cpp, line 516]
Event: 4383.468 Thread 0x00000230b0441950 Exception <a 'java/io/IOException'{0x0000000088892598}> (0x0000000088892598) 
thrown [s\open\src\hotspot\share\prims\jni.cpp, line 516]
Event: 4383.469 Thread 0x00000230b0441950 Exception <a 'java/io/IOException'{0x00000000888948f0}> (0x00000000888948f0) 
thrown [s\open\src\hotspot\share\prims\jni.cpp, line 516]
Event: 6154.597 Thread 0x00000230b0441480 Exception <a 'java/net/SocketException'{0x00000000875e9640}: Connection reset by peer: shutdown> (0x00000000875e9640) 
thrown [s\open\src\hotspot\share\prims\jni.cpp, line 535]
Event: 6162.594 Thread 0x00000230b04474c0 Exception <a 'java/io/IOException'{0x0000000087161c98}> (0x0000000087161c98) 
thrown [s\open\src\hotspot\share\prims\jni.cpp, line 516]
Event: 6166.866 Thread 0x00000230b04474c0 Exception <a 'java/io/IOException'{0x0000000087167b78}> (0x0000000087167b78) 
thrown [s\open\src\hotspot\share\prims\jni.cpp, line 516]
Event: 6173.181 Thread 0x00000230b0441e20 Exception <a 'java/io/IOException'{0x0000000086de2c98}> (0x0000000086de2c98) 
thrown [s\open\src\hotspot\share\prims\jni.cpp, line 516]
Event: 6319.697 Thread 0x00000230a9349be0 Exception <a 'java/net/SocketException'{0x000000008990e0f8}: Connection reset by peer: shutdown> (0x000000008990e0f8) 
thrown [s\open\src\hotspot\share\prims\jni.cpp, line 535]
Event: 6319.698 Thread 0x00000230a9349be0 Exception <a 'java/net/SocketException'{0x000000008990e600}: Connection reset by peer: shutdown> (0x000000008990e600) 
thrown [s\open\src\hotspot\share\prims\jni.cpp, line 535]
Event: 6319.698 Thread 0x00000230a9349be0 Exception <a 'java/net/SocketException'{0x000000008990eb08}: Connection reset by peer: shutdown> (0x000000008990eb08) 
thrown [s\open\src\hotspot\share\prims\jni.cpp, line 535]
Event: 6319.698 Thread 0x00000230a9349be0 Exception <a 'java/net/SocketException'{0x000000008990f170}: Connection reset by peer: shutdown> (0x000000008990f170) 
thrown [s\open\src\hotspot\share\prims\jni.cpp, line 535]
Event: 6319.699 Thread 0x00000230a9349be0 Exception <a 'java/net/SocketException'{0x000000008990f678}: Connection reset by peer: shutdown> (0x000000008990f678) 
thrown [s\open\src\hotspot\share\prims\jni.cpp, line 535]
Event: 6319.699 Thread 0x00000230a9349be0 Exception <a 'java/net/SocketException'{0x000000008990fb80}: Connection reset by peer: shutdown> (0x000000008990fb80) 
thrown [s\open\src\hotspot\share\prims\jni.cpp, line 535]
Event: 6382.807 Thread 0x00000230afed53a0 Implicit null exception at 0x00000230a0ad8c61 to 0x00000230a0ad8f20
Event: 6382.837 Thread 0x00000230afed4a00 Exception <a 'java/lang/NoSuchMethodError'{0x0000000086ed0e38}: 'double java.lang.invoke.DelegatingMethodHandle$Holder.reinvoke_L(java.lang.Object, java.lang.Object)'> (0x0000000086ed0e38) 
thrown [s\open\src\hotspot\share\interpreter\linkResolver.cpp, line 759]
Event: 6382.838 Thread 0x00000230afed4a00 Exception <a 'java/lang/NoSuchMethodError'{0x0000000086edc120}: 'void java.lang.invoke.DelegatingMethodHandle$Holder.reinvoke_L(java.lang.Object, java.lang.Object, double)'> (0x0000000086edc120) 
thrown [s\open\src\hotspot\share\interpreter\linkResolver.cpp, line 759]
Event: 6414.022 Thread 0x00000230afed31f0 Exception <a 'java/lang/NoSuchMethodError'{0x00000000887fc9f0}: 'double java.lang.invoke.DirectMethodHandle$Holder.invokeVirtual(java.lang.Object, java.lang.Object)'> (0x00000000887fc9f0) 
thrown [s\open\src\hotspot\share\interpreter\linkResolver.cpp, line 759]
Event: 6414.023 Thread 0x00000230afed31f0 Exception <a 'java/lang/NoSuchMethodError'{0x0000000088605d48}: 'void java.lang.invoke.DirectMethodHandle$Holder.invokeVirtual(java.lang.Object, java.lang.Object, double)'> (0x0000000088605d48) 
thrown [s\open\src\hotspot\share\interpreter\linkResolver.cpp, line 759]
Event: 6414.024 Thread 0x00000230afed31f0 Exception <a 'java/lang/NoSuchMethodError'{0x0000000088610f88}: 'double java.lang.invoke.DelegatingMethodHandle$Holder.reinvoke_L(java.lang.Object, java.lang.Object, int)'> (0x0000000088610f88) 
thrown [s\open\src\hotspot\share\interpreter\linkResolver.cpp, line 759]

VM Operations (20 events):
Event: 6445.045 Executing VM operation: Cleanup
Event: 6445.045 Executing VM operation: Cleanup done
Event: 6458.167 Executing VM operation: Cleanup
Event: 6458.167 Executing VM operation: Cleanup done
Event: 6479.421 Executing VM operation: Cleanup
Event: 6479.421 Executing VM operation: Cleanup done
Event: 6483.456 Executing VM operation: Cleanup
Event: 6483.456 Executing VM operation: Cleanup done
Event: 6543.297 Executing VM operation: Cleanup
Event: 6543.297 Executing VM operation: Cleanup done
Event: 6550.345 Executing VM operation: Cleanup
Event: 6550.345 Executing VM operation: Cleanup done
Event: 6556.357 Executing VM operation: Cleanup
Event: 6556.358 Executing VM operation: Cleanup done
Event: 6692.086 Executing VM operation: Cleanup
Event: 6692.086 Executing VM operation: Cleanup done
Event: 6692.313 Executing VM operation: G1TryInitiateConcMark
Event: 6692.322 Executing VM operation: G1TryInitiateConcMark done
Event: 6693.030 Executing VM operation: G1TryInitiateConcMark
Event: 6693.040 Executing VM operation: G1TryInitiateConcMark done

Events (20 events):
Event: 6364.489 Thread 0x00000230b0294490 Thread added: 0x00000230b0294490
Event: 6365.359 Thread 0x00000230b0294990 Thread added: 0x00000230b0294990
Event: 6372.794 Thread 0x00000230b0294490 Thread exited: 0x00000230b0294490
Event: 6372.794 Thread 0x00000230b0294990 Thread exited: 0x00000230b0294990
Event: 6378.065 Thread 0x00000230b0294490 Thread added: 0x00000230b0294490
Event: 6378.065 Thread 0x00000230b0294990 Thread added: 0x00000230b0294990
Event: 6378.951 Thread 0x00000230b0294990 Thread exited: 0x00000230b0294990
Event: 6386.303 Thread 0x00000230b0294490 Thread exited: 0x00000230b0294490
Event: 6386.786 Thread 0x00000230ae084960 Thread added: 0x00000230ae084960
Event: 6392.155 Thread 0x00000230ae084960 Thread exited: 0x00000230ae084960
Event: 6435.349 Thread 0x00000230b0441e20 Thread added: 0x00000230b0441e20
Event: 6435.349 Thread 0x00000230b0444970 Thread added: 0x00000230b0444970
Event: 6435.349 Thread 0x00000230b0443160 Thread added: 0x00000230b0443160
Event: 6435.349 Thread 0x00000230b0441480 Thread added: 0x00000230b0441480
Event: 6435.350 Thread 0x00000230b04474c0 Thread added: 0x00000230b04474c0
Event: 6552.124 Thread 0x00000230b0444970 Thread exited: 0x00000230b0444970
Event: 6552.570 Thread 0x00000230afed4530 Thread exited: 0x00000230afed4530
Event: 6552.586 Thread 0x00000230afed4a00 Thread exited: 0x00000230afed4a00
Event: 6552.650 Thread 0x00000230afed53a0 Thread exited: 0x00000230afed53a0
Event: 6600.427 Thread 0x00000230afed3b90 Thread exited: 0x00000230afed3b90


Dynamic libraries:
0x00007ff7416a0000 - 0x00007ff7416ae000 	C:\Users\Admin\.jdks\openjdk-18.0.2\bin\java.exe
0x00007fff2bb50000 - 0x00007fff2bd64000 	C:\WINDOWS\SYSTEM32\ntdll.dll
0x00007fff29ff0000 - 0x00007fff2a0b2000 	C:\WINDOWS\System32\KERNEL32.DLL
0x00007fff290b0000 - 0x00007fff2944c000 	C:\WINDOWS\System32\KERNELBASE.dll
0x00007fff28f90000 - 0x00007fff290a1000 	C:\WINDOWS\System32\ucrtbase.dll
0x00007fff0d6c0000 - 0x00007fff0d6d7000 	C:\Users\Admin\.jdks\openjdk-18.0.2\bin\jli.dll
0x00007fff29a60000 - 0x00007fff29c0b000 	C:\WINDOWS\System32\USER32.dll
0x00007fff295c0000 - 0x00007fff295e6000 	C:\WINDOWS\System32\win32u.dll
0x00007fff29a30000 - 0x00007fff29a59000 	C:\WINDOWS\System32\GDI32.dll
0x00007fff29840000 - 0x00007fff29952000 	C:\WINDOWS\System32\gdi32full.dll
0x00007fff297a0000 - 0x00007fff2983a000 	C:\WINDOWS\System32\msvcp_win.dll
0x00007fff06e10000 - 0x00007fff06e2a000 	C:\Users\Admin\.jdks\openjdk-18.0.2\bin\VCRUNTIME140.dll
0x00007fff18a80000 - 0x00007fff18d0e000 	C:\WINDOWS\WinSxS\amd64_microsoft.windows.common-controls_6595b64144ccf1df_6.0.22621.436_none_a94247dbc10d8414\COMCTL32.dll
0x00007fff2b4d0000 - 0x00007fff2b577000 	C:\WINDOWS\System32\msvcrt.dll
0x00007fff2b2e0000 - 0x00007fff2b311000 	C:\WINDOWS\System32\IMM32.DLL
0x00007fff183b0000 - 0x00007fff183bc000 	C:\Users\Admin\.jdks\openjdk-18.0.2\bin\vcruntime140_1.dll
0x00007ffec8eb0000 - 0x00007ffec8f3d000 	C:\Users\Admin\.jdks\openjdk-18.0.2\bin\msvcp140.dll
0x00007ffeb3880000 - 0x00007ffeb4491000 	C:\Users\Admin\.jdks\openjdk-18.0.2\bin\server\jvm.dll
0x00007fff2b5f0000 - 0x00007fff2b69e000 	C:\WINDOWS\System32\ADVAPI32.dll
0x00007fff2b420000 - 0x00007fff2b4c4000 	C:\WINDOWS\System32\sechost.dll
0x00007fff2ae20000 - 0x00007fff2af35000 	C:\WINDOWS\System32\RPCRT4.dll
0x00007fff2ba00000 - 0x00007fff2ba08000 	C:\WINDOWS\System32\PSAPI.DLL
0x00007ffecd470000 - 0x00007ffecd479000 	C:\WINDOWS\SYSTEM32\WSOCK32.dll
0x00007fff29db0000 - 0x00007fff29e21000 	C:\WINDOWS\System32\WS2_32.dll
0x00007fff201d0000 - 0x00007fff20204000 	C:\WINDOWS\SYSTEM32\WINMM.dll
0x00007fff148c0000 - 0x00007fff148ca000 	C:\WINDOWS\SYSTEM32\VERSION.dll
0x00007fff27fd0000 - 0x00007fff27fe8000 	C:\WINDOWS\SYSTEM32\kernel.appcore.dll
0x00007fff17bd0000 - 0x00007fff17bda000 	C:\Users\Admin\.jdks\openjdk-18.0.2\bin\jimage.dll
0x00007fff0f380000 - 0x00007fff0f5ae000 	C:\WINDOWS\SYSTEM32\DBGHELP.DLL
0x00007fff2af50000 - 0x00007fff2b2d9000 	C:\WINDOWS\System32\combase.dll
0x00007fff2b340000 - 0x00007fff2b417000 	C:\WINDOWS\System32\OLEAUT32.dll
0x00007fff0e280000 - 0x00007fff0e2b2000 	C:\WINDOWS\SYSTEM32\dbgcore.DLL
0x00007fff295f0000 - 0x00007fff2966b000 	C:\WINDOWS\System32\bcryptPrimitives.dll
0x00007fff16fd0000 - 0x00007fff16fde000 	C:\Users\Admin\.jdks\openjdk-18.0.2\bin\instrument.dll
0x00007fff06de0000 - 0x00007fff06e05000 	C:\Users\Admin\.jdks\openjdk-18.0.2\bin\java.dll
0x00007ffec8dd0000 - 0x00007ffec8ea6000 	C:\Users\Admin\.jdks\openjdk-18.0.2\bin\jsvml.dll
0x00007fff2a640000 - 0x00007fff2ae1b000 	C:\WINDOWS\System32\SHELL32.dll
0x00007fff26fa0000 - 0x00007fff27855000 	C:\WINDOWS\SYSTEM32\windows.storage.dll
0x00007fff26e60000 - 0x00007fff26f9d000 	C:\WINDOWS\SYSTEM32\wintypes.dll
0x00007fff2ba10000 - 0x00007fff2bb01000 	C:\WINDOWS\System32\SHCORE.dll
0x00007fff29c10000 - 0x00007fff29c6e000 	C:\WINDOWS\System32\shlwapi.dll
0x00007fff28ec0000 - 0x00007fff28ee1000 	C:\WINDOWS\SYSTEM32\profapi.dll
0x00007ffefd900000 - 0x00007ffefd918000 	C:\Users\Admin\.jdks\openjdk-18.0.2\bin\zip.dll
0x00007fff00680000 - 0x00007fff00693000 	C:\Users\Admin\.jdks\openjdk-18.0.2\bin\net.dll
0x00007fff207f0000 - 0x00007fff2091f000 	C:\WINDOWS\SYSTEM32\WINHTTP.dll
0x00007fff28420000 - 0x00007fff28489000 	C:\WINDOWS\system32\mswsock.dll
0x00007ffeffbf0000 - 0x00007ffeffc06000 	C:\Users\Admin\.jdks\openjdk-18.0.2\bin\nio.dll
0x00007ffefd8e0000 - 0x00007ffefd8fa000 	C:\Program Files\JetBrains\IntelliJ IDEA 2021.2.3\bin\breakgen64.dll
0x00007fff27b20000 - 0x00007fff27c12000 	C:\WINDOWS\SYSTEM32\DNSAPI.dll
0x00007fff27ab0000 - 0x00007fff27add000 	C:\WINDOWS\SYSTEM32\IPHLPAPI.DLL
0x00007fff29ec0000 - 0x00007fff29ec9000 	C:\WINDOWS\System32\NSI.dll
0x00007fff16530000 - 0x00007fff1653a000 	C:\Windows\System32\rasadhlp.dll
0x00007fff1df10000 - 0x00007fff1df93000 	C:\WINDOWS\System32\fwpuclnt.dll
0x00007fff16db0000 - 0x00007fff16db9000 	C:\Users\Admin\.jdks\openjdk-18.0.2\bin\management.dll
0x00007fff16aa0000 - 0x00007fff16aab000 	C:\Users\Admin\.jdks\openjdk-18.0.2\bin\management_ext.dll
0x00007fff28730000 - 0x00007fff2874b000 	C:\WINDOWS\SYSTEM32\CRYPTSP.dll
0x00007fff27f40000 - 0x00007fff27f75000 	C:\WINDOWS\system32\rsaenh.dll
0x00007fff284c0000 - 0x00007fff284e8000 	C:\WINDOWS\SYSTEM32\USERENV.dll
0x00007fff28850000 - 0x00007fff28878000 	C:\WINDOWS\SYSTEM32\bcrypt.dll
0x00007fff28710000 - 0x00007fff2871c000 	C:\WINDOWS\SYSTEM32\CRYPTBASE.dll
0x00007fff21b90000 - 0x00007fff21ba9000 	C:\WINDOWS\SYSTEM32\dhcpcsvc6.DLL
0x00007fff20f50000 - 0x00007fff20f6f000 	C:\WINDOWS\SYSTEM32\dhcpcsvc.DLL
0x00007fff097d0000 - 0x00007fff097e7000 	C:\WINDOWS\system32\napinsp.dll
0x00007fff097b0000 - 0x00007fff097cb000 	C:\WINDOWS\system32\pnrpnsp.dll
0x00007fff09770000 - 0x00007fff09781000 	C:\WINDOWS\System32\winrnr.dll
0x00007fff1ead0000 - 0x00007fff1eae5000 	C:\WINDOWS\system32\wshbth.dll
0x00007fff09740000 - 0x00007fff09761000 	C:\WINDOWS\system32\nlansp_c.dll
0x00007fff15800000 - 0x00007fff1580e000 	C:\Users\Admin\.jdks\openjdk-18.0.2\bin\sunmscapi.dll
0x00007fff29450000 - 0x00007fff295b6000 	C:\WINDOWS\System32\CRYPT32.dll
0x00007fff28820000 - 0x00007fff2884d000 	C:\WINDOWS\SYSTEM32\ncrypt.dll
0x00007fff287e0000 - 0x00007fff28817000 	C:\WINDOWS\SYSTEM32\NTASN1.dll

dbghelp: loaded successfully - version: 4.0.5 - missing functions: none
symbol engine: initialized successfully - sym options: 0x614 - pdb path: .;C:\Users\Admin\.jdks\openjdk-18.0.2\bin;C:\WINDOWS\SYSTEM32;C:\WINDOWS\WinSxS\amd64_microsoft.windows.common-controls_6595b64144ccf1df_6.0.22621.436_none_a94247dbc10d8414;C:\Users\Admin\.jdks\openjdk-18.0.2\bin\server;C:\Program Files\JetBrains\IntelliJ IDEA 2021.2.3\bin

VM Arguments:
jvm_args: -XX:TieredStopAtLevel=1 -Xverify:none -Dspring.output.ansi.enabled=always -javaagent:C:\Program Files\JetBrains\IntelliJ IDEA 2021.2.3\lib\idea_rt.jar=50284:C:\Program Files\JetBrains\IntelliJ IDEA 2021.2.3\bin -Dcom.sun.management.jmxremote -Dspring.jmx.enabled=true -Dspring.liveBeansView.mbeanDomain -Dspring.application.admin.enabled=true -Dfile.encoding=UTF-8 
java_command: com.tc.TravelingCrewApiApplication
java_class_path (initial): C:\Users\Admin\Desktop\Traveling Crew Social\server\spring-tc-social\tcapi\target\classes;C:\Users\Admin\Desktop\Traveling Crew Social\server\spring-tc-social\core\target\classes;C:\Users\Admin\.m2\repository\javax\validation\validation-api\2.0.1.Final\validation-api-2.0.1.Final.jar;C:\Users\Admin\.m2\repository\mysql\mysql-connector-java\8.0.27\mysql-connector-java-8.0.27.jar;C:\Users\Admin\.m2\repository\org\springframework\boot\spring-boot-starter-data-jpa\2.5.7\spring-boot-starter-data-jpa-2.5.7.jar;C:\Users\Admin\.m2\repository\org\springframework\boot\spring-boot-starter-aop\2.5.7\spring-boot-starter-aop-2.5.7.jar;C:\Users\Admin\.m2\repository\org\aspectj\aspectjweaver\1.9.7\aspectjweaver-1.9.7.jar;C:\Users\Admin\.m2\repository\org\springframework\boot\spring-boot-starter-jdbc\2.5.7\spring-boot-starter-jdbc-2.5.7.jar;C:\Users\Admin\.m2\repository\com\zaxxer\HikariCP\4.0.3\HikariCP-4.0.3.jar;C:\Users\Admin\.m2\repository\org\springframework\spring-jdbc\5.3.13\spring-jdbc-5.3.13.jar;C:\Users\Admin\.m2\repository\jakarta\transaction\jakarta.transaction-api\1.3.3\jakarta.transaction-api-1.3.3.jar;C:\Users\Admin\.m2\repository\jakarta\persistence\jakarta.persistence-api\2.2.3\jakarta.persistence-api-2.2.3.jar;C:\Users\Admin\.m2\repository\org\hibernate\hibernate-core\5.4.32.Final\hibernate-core-5.4.32.Final.jar;C:\Users\Admin\.m2\repository\org\jboss\logging\jboss-logging\3.4.2.Final\jboss-logging-3.4.2.Final.jar;C:\Users\Admin\.m2\repository\org\javassist\javassist\3.27.0-GA\javassist-3.27.0-GA.jar;C:\Users\Admin\.m2\repository\antlr\antlr\2.7.7\antlr-2.7.7.jar;C:\Users\Admin\.m2\repository\org\jboss\jandex\2.2.3.Final\jandex-2.2.3.Final.jar;C:\Users\Admin\.m2\repository\com\fasterxml\classmate\1.5.1\classmate-1.5.1.jar;C:\Users\Admin\.m2\repository\org\dom4j\dom4j\2.1.3\dom4j-2.1.3.jar;C:\Users\Admin\.m2\repository\org\hibernate\common\hibernate-commons-annotations\5.1.2.Final\hibernate-commons-annotations-5.1.2.Final.jar;C:\Users\Admin\.m2\repository\org\glassfish\jaxb\jaxb-runtime\2.3.5\jaxb-runtime-2.3.5.jar;C:\Users\Admin\.m2\repository\org\glassfish\jaxb\txw2\2.3.5\txw2-2.3.5.jar;C:\Users\Admin\.m2\repository\com\sun\istack\istack-commons-runtime\3.0.12\istack-commons-runtime-3.0.12.jar;C:\Users\Admin\.m2\repository\org\springframework\data\spring-data-jpa\2.5.7\spring-data-jpa-2.5.7.jar;C:\Users\Admin\.m2\repository\org\springframework\data\spring-data-commons\2.5.7\spring-data-commons-2.5.7.jar;C:\Users\Admin\.m2\repository\org\springframework\spring-orm\5.3.13\spring-orm-5.3.13.jar;C:\Users\Admin\.m2\repository\org\springframework\spring-tx\5.3.13\spring-tx-5.3.13.jar;C:\Users\Admin\.m2\repository\org\springframework\spring-aspects\5.3.13\spring-aspects-5.3.13.jar;C:\Users\Admin\.m2\repository\org\springframework\boot\spring-boot-starter-web\2.5.7\spring-boot-starter-web-2.5.7.jar;C:\Users\Admin\.m2\repository\org\springframework\boot\spring-boot-starter\2.5.7\spring-boot-starter-2.5.7.jar;C:\Users\Admin\.m2\repository\org\springframework\boot\spring-boot-starter-logging\2.5.7\spring-boot-starter-logging-2.5.7.jar;C:\Users\Admin\.m2\repository\ch\qos\logback\logback-classic\1.2.7\logback-classic-1.2.7.jar;C:\Users\Admin\.m2\repository\ch\qos\logback\logback-core\1.2.7\logback-core-1.2.7.jar;C:\Users\Admin\.m2\repository\org\apache\logging\log4j\log4j-to-slf4j\2.14.1\log4j-to-slf4j-2.14.1.jar;C:\Users\Admin\.m2\repository\org\apache\logging\log4j\log4j-api\2.14.1\log4j-api-2.14.1.jar;C:\Users\Admin\.m2\repository\org\slf4j\jul-to-slf4j\1.7.32\jul-to-slf4j-1.7.32.jar;C:\Users\Admin\.m2\repository\jakarta\annotation\jakarta.annotation-api\1.3.5\jakarta.annotation-api-1.3.5.jar;C:\Users\Admin\.m2\repository\org\springframework\boot\spring-boot-starter-json\2.5.7\spring-boot-starter-json-2.5.7.jar;C:\Users\Admin\.m2\repository\com\fasterxml\jackson\datatype\jackson-datatype-jdk8\2.12.5\jackson-datatype-jdk8-2.12.5.jar;C:\Users\Admin\.m2\repository\com\fasterxml\jackson\module\jackson-module-parameter-names\2.12.5\jackson-module-parameter-names-2.12.5.jar;C:\Users\Admin\.m2\repository\org\springframework\boot\spring-boot-starter-tomcat\2.5.7\spring-boot-starter-tomcat-2.5.7.jar;C:\Users\Admin\.m2\repository\org\apache\tomcat\embed\tomcat-embed-core\9.0.55\tomcat-embed-core-9.0.55.jar;C:\Users\Admin\.m2\repository\org\apache\tomcat\embed\tomcat-embed-el\9.0.55\tomcat-embed-el-9.0.55.jar;C:\Users\Admin\.m2\repository\org\apache\tomcat\embed\tomcat-embed-websocket\9.0.55\tomcat-embed-websocket-9.0.55.jar;C:\Users\Admin\.m2\repository\org\springframework\spring-web\5.3.13\spring-web-5.3.13.jar;C:\Users\Admin\.m2\repository\org\springframework\spring-webmvc\5.3.13\spring-webmvc-5.3.13.jar;C:\Users\Admin\.m2\repository\org\springframework\spring-expression\5.3.13\spring-expression-5.3.13.jar;C:\Users\Admin\.m2\repository\org\springframework\cloud\spring-cloud-starter-netflix-eureka-client\3.0.3\spring-cloud-starter-netflix-eureka-client-3.0.3.jar;C:\Users\Admin\.m2\repository\org\springframework\cloud\spring-cloud-starter\3.0.3\spring-cloud-starter-3.0.3.jar;C:\Users\Admin\.m2\repository\org\springframework\cloud\spring-cloud-context\3.0.3\spring-cloud-context-3.0.3.jar;C:\Users\Admin\.m2\repository\org\springframework\security\spring-security-rsa\1.0.10.RELEASE\spring-security-rsa-1.0.10.RELEASE.jar;C:\Users\Admin\.m2\repository\org\springframework\cloud\spring-cloud-netflix-eureka-client\3.0.3\spring-cloud-netflix-eureka-client-3.0.3.jar;C:\Users\Admin\.m2\repository\com\netflix\eureka\eureka-client\1.10.14\eureka-client-1.10.14.jar;C:\Users\Admin\.m2\repository\com\netflix\netflix-commons\netflix-eventbus\0.3.0\netflix-eventbus-0.3.0.jar;C:\Users\Admin\.m2\repository\com\netflix\netflix-commons\netflix-infix\0.3.0\netflix-infix-0.3.0.jar;C:\Users\Admin\.m2\repository\commons-jxpath\commons-jxpath\1.3\commons-jxpath-1.3.jar;C:\Users\Admin\.m2\repository\joda-time\joda-time\2.3\joda-time-2.3.jar;C:\Users\Admin\.m2\repository\org\antlr\antlr-runtime\3.4\antlr-runtime-3.4.jar;C:\Users\Admin\.m2\repository\org\antlr\stringtemplate\3.2.1\stringtemplate-3.2.1.jar;C:\Users\Admin\.m2\repository\com\google\code\gson\gson\2.8.9\gson-2.8.9.jar;C:\Users\Admin\.m2\repository\org\apache\commons\commons-math\2.2\commons-math-2.2.jar;C:\Users\Admin\.m2\repository\com\thoughtworks\xstream\xstream\1.4.16\xstream-1.4.16.jar;C:\Users\Admin\.m2\repository\io\github\x-stream\mxparser\1.2.1\mxparser-1.2.1.jar;C:\Users\Admin\.m2\repository\xmlpull\xmlpull\1.1.3.1\xmlpull-1.1.3.1.jar;C:\Users\Admin\.m2\repository\javax\ws\rs\jsr311-api\1.1.1\jsr311-api-1.1.1.jar;C:\Users\Admin\.m2\repository\com\netflix\servo\servo-core\0.12.21\servo-core-0.12.21.jar;C:\Users\Admin\.m2\repository\com\google\guava\guava\19.0\guava-19.0.jar;C:\Users\Admin\.m2\repository\commons-configuration\commons-configuration\1.10\commons-configuration-1.10.jar;C:\Users\Admin\.m2\repository\commons-lang\commons-lang\2.6\commons-lang-2.6.jar;C:\Users\Admin\.m2\repository\com\google\inject\guice\4.1.0\guice-4.1.0.jar;C:\Users\Admin\.m2\repository\javax\inject\javax.inject\1\javax.inject-1.jar;C:\Users\Admin\.m2\repository\aopalliance\aopalliance\1.0\aopalliance-1.0.jar;C:\Users\Admin\.m2\repository\com\fasterxml\jackson\core\jackson-annotations\2.12.5\jackson-annotations-2.12.5.jar;C:\Users\Admin\.m2\repository\com\fasterxml\jackson\core\jackson-core\2.12.5\jackson-core-2.12.5.jar;C:\Users\Admin\.m2\repository\org\codehaus\jettison\jettison\1.4.0\jettison-1.4.0.jar;C:\Users\Admin\.m2\repository\com\netflix\eureka\eureka-core\1.10.14\eureka-core-1.10.14.jar;C:\Users\Admin\.m2\repository\com\fasterxml\woodstox\woodstox-core\6.2.1\woodstox-core-6.2.1.jar;C:\Users\Admin\.m2\repository\org\codehaus\woodstox\stax2-api\4.2.1\stax2-api-4.2.1.jar;C:\Users\Admin\.m2\repository\org\springframework\cloud\spring-cloud-starter-loadbalancer\3.0.3\spring-cloud-starter-loadbalancer-3.0.3.jar;C:\Users\Admin\.m2\repository\org\springframework\cloud\spring-cloud-loadbalancer\3.0.3\spring-cloud-loadbalancer-3.0.3.jar;C:\Users\Admin\.m2\repository\org\springframework\boot\spring-boot-starter-validation\2.5.7\spring-boot-starter-validation-2.5.7.jar;C:\Users\Admin\.m2\repository\org\hibernate\validator\hibernate-validator\6.2.0.Final\hibernate-validator-6.2.0.Final.jar;C:\Users\Admin\.m2\repository\jakarta\validation\jakarta.validation-api\2.0.2\jakarta.validation-api-2.0.2.jar;C:\Users\Admin\.m2\repository\io\projectreactor\reactor-core\3.4.12\reactor-core-3.4.12.jar;C:\Users\Admin\.m2\repository\org\reactivestreams\reactive-streams\1.0.3\reactive-streams-1.0.3.jar;C:\Users\Admin\.m2\repository\io\projectreactor\addons\reactor-extra\3.4.5\reactor-extra-3.4.5.jar;C:\Users\Admin\.m2\repository\org\springframework\boot\spring-boot-starter-cache\2.5.7\spring-boot-starter-cache-2.5.7.jar;C:\Users\Admin\.m2\repository\com\stoyanr\evictor\1.0.0\evictor-1.0.0.jar;C:\Users\Admin\.m2\repository\org\springframework\boot\spring-boot-starter-mail\2.5.7\spring-boot-starter-mail-2.5.7.jar;C:\Users\Admin\.m2\repository\org\springframework\spring-context-support\5.3.13\spring-context-support-5.3.13.jar;C:\Users\Admin\.m2\repository\com\sun\mail\jakarta.mail\1.6.7\jakarta.mail-1.6.7.jar;C:\Users\Admin\.m2\repository\com\sun\activation\jakarta.activation\1.2.2\jakarta.activation-1.2.2.jar;C:\Users\Admin\.m2\repository\org\modelmapper\modelmapper\2.4.5\modelmapper-2.4.5.jar;C:\Users\Admin\.m2\repository\com\auth0\java-jwt\3.18.1\java-jwt-3.18.1.jar;C:\Users\Admin\.m2\repository\com\fasterxml\jackson\core\jackson-databind\2.12.5\jackson-databind-2.12.5.jar;C:\Users\Admin\.m2\repository\org\springframework\boot\spring-boot-actuator-autoconfigure\2.5.7\spring-boot-actuator-autoconfigure-2.5.7.jar;C:\Users\Admin\.m2\repository\org\springframework\boot\spring-boot-actuator\2.5.7\spring-boot-actuator-2.5.7.jar;C:\Users\Admin\.m2\repository\org\springframework\boot\spring-boot\2.5.7\spring-boot-2.5.7.jar;C:\Users\Admin\.m2\repository\org\springframework\boot\spring-boot-autoconfigure\2.5.7\spring-boot-autoconfigure-2.5.7.jar;C:\Users\Admin\.m2\repository\com\fasterxml\jackson\datatype\jackson-datatype-jsr310\2.12.5\jackson-datatype-jsr310-2.12.5.jar;C:\Users\Admin\.m2\repository\org\springframework\boot\spring-boot-starter-security\2.5.7\spring-boot-starter-security-2.5.7.jar;C:\Users\Admin\.m2\repository\org\springframework\spring-aop\5.3.13\spring-aop-5.3.13.jar;C:\Users\Admin\.m2\repository\org\springframework\security\spring-security-config\5.5.3\spring-security-config-5.5.3.jar;C:\Users\Admin\.m2\repository\org\springframework\security\spring-security-web\5.5.3\spring-security-web-5.5.3.jar;C:\Users\Admin\.m2\repository\org\springframework\security\spring-security-jwt\1.1.1.RELEASE\spring-security-jwt-1.1.1.RELEASE.jar;C:\Users\Admin\.m2\repository\org\bouncycastle\bcpkix-jdk15on\1.64\bcpkix-jdk15on-1.64.jar;C:\Users\Admin\.m2\repository\org\bouncycastle\bcprov-jdk15on\1.64\bcprov-jdk15on-1.64.jar;C:\Users\Admin\.m2\repository\org\springframework\security\oauth\spring-security-oauth2\2.3.4.RELEASE\spring-security-oauth2-2.3.4.RELEASE.jar;C:\Users\Admin\.m2\repository\org\springframework\spring-beans\5.3.13\spring-beans-5.3.13.jar;C:\Users\Admin\.m2\repository\org\springframework\spring-core\5.3.13\spring-core-5.3.13.jar;C:\Users\Admin\.m2\repository\org\springframework\spring-jcl\5.3.13\spring-jcl-5.3.13.jar;C:\Users\Admin\.m2\repository\org\springframework\spring-context\5.3.13\spring-context-5.3.13.jar;C:\Users\Admin\.m2\repository\org\springframework\security\spring-security-core\5.5.3\spring-security-core-5.5.3.jar;C:\Users\Admin\.m2\repository\org\springframework\security\spring-security-crypto\5.5.3\spring-security-crypto-5.5.3.jar;C:\Users\Admin\.m2\repository\commons-codec\commons-codec\1.15\commons-codec-1.15.jar;C:\Users\Admin\.m2\repository\org\codehaus\jackson\jackson-mapper-asl\1.9.13\jackson-mapper-asl-1.9.13.jar;C:\Users\Admin\.m2\repository\org\codehaus\jackson\jackson-core-asl\1.9.13\jackson-core-asl-1.9.13.jar;C:\Users\Admin\.m2\repository\com\github\ua-parser\uap-java\1.5.3\uap-java-1.5.3.jar;C:\Users\Admin\.m2\repository\org\yaml\snakeyaml\1.28\snakeyaml-1.28.jar;C:\Users\Admin\.m2\repository\org\apache\commons\commons-collections4\4.1\commons-collections4-4.1.jar;C:\Users\Admin\.m2\repository\com\maxmind\geoip2\geoip2\2.8.0\geoip2-2.8.0.jar;C:\Users\Admin\.m2\repository\com\maxmind\db\maxmind-db\1.2.1\maxmind-db-1.2.1.jar;C:\Users\Admin\.m2\repository\org\apache\httpcomponents\httpclient\4.5.13\httpclient-4.5.13.jar;C:\Users\Admin\.m2\repository\org\apache\httpcomponents\httpcore\4.4.14\httpcore-4.4.14.jar;C:\Users\Admin\.m2\repository\org\jetbrains\annotations\23.0.0\annotations-23.0.0.jar;C:\Users\Admin\.m2\repository\org\projectlombok\lombok\1.18.22\lombok-1.18.22.jar;C:\Users\Admin\.m2\repository\org\springframework\boot\spring-boot-starter-test\2.5.7\spring-boot-starter-test-2.5.7.jar;C:\Users\Admin\.m2\repository\org\springframework\boot\spring-boot-test\2.5.7\spring-boot-test-2.5.7.jar;C:\Users\Admin\.m2\repository\org\springframework\boot\spring-boot-test-autoconfigure\2.5.7\spring-boot-test-autoconfigure-2.5.7.jar;C:\Users\Admin\.m2\repository\com\jayway\jsonpath\json-path\2.5.0\json-path-2.5.0.jar;C:\Users\Admin\.m2\repository\net\minidev\json-smart\2.4.7\json-smart-2.4.7.jar;C:\Users\Admin\.m2\repository\net\minidev\accessors-smart\2.4.7\accessors-smart-2.4.7.jar;C:\Users\Admin\.m2\repository\org\ow2\asm\asm\9.1\asm-9.1.jar;C:\Users\Admin\.m2\repository\org\slf4j\slf4j-api\1.7.32\slf4j-api-1.7.32.jar;C:\Users\Admin\.m2\repository\jakarta\xml\bind\jakarta.xml.bind-api\2.3.3\jakarta.xml.bind-api-2.3.3.jar;C:\Users\Admin\.m2\repository\jakarta\activation\jakarta.activation-api\1.2.2\jakarta.activation-api-1.2.2.jar;C:\Users\Admin\.m2\repository\org\assertj\assertj-core\3.19.0\assertj-core-3.19.0.jar;C:\Users\Admin\.m2\repository\org\hamcrest\hamcrest\2.2\hamcrest-2.2.jar;C:\Users\Admin\.m2\repository\org\junit\jupiter\junit-jupiter\5.7.2\junit-jupiter-5.7.2.jar;C:\Users\Admin\.m2\repository\org\junit\jupiter\junit-jupiter-api\5.7.2\junit-jupiter-api-5.7.2.jar;C:\Users\Admin\.m2\repository\org\apiguardian\apiguardian-api\1.1.0\apiguardian-api-1.1.0.jar;C:\Users\Admin\.m2\repository\org\opentest4j\opentest4j\1.2.0\opentest4j-1.2.0.jar;C:\Users\Admin\.m2\repository\org\junit\platform\junit-platform-commons\1.7.2\junit-platform-commons-1.7.2.jar;C:\Users\Admin\.m2\repository\org\junit\jupiter\junit-jupiter-params\5.7.2\junit-jupiter-params-5.7.2.jar;C:\Users\Admin\.m2\repository\org\junit\jupiter\junit-jupiter-engine\5.7.2\junit-jupiter-engine-5.7.2.jar;C:\Users\Admin\.m2\repository\org\junit\platform\junit-platform-engine\1.7.2\junit-platform-engine-1.7.2.jar;C:\Users\Admin\.m2\repository\org\mockito\mockito-core\3.9.0\mockito-core-3.9.0.jar;C:\Users\Admin\.m2\repository\net\bytebuddy\byte-buddy\1.10.22\byte-buddy-1.10.22.jar;C:\Users\Admin\.m2\repository\net\bytebuddy\byte-buddy-agent\1.10.22\byte-buddy-agent-1.10.22.jar;C:\Users\Admin\.m2\repository\org\objenesis\objenesis\3.2\objenesis-3.2.jar;C:\Users\Admin\.m2\repository\org\mockito\mockito-junit-jupiter\3.9.0\mockito-junit-jupiter-3.9.0.jar;C:\Users\Admin\.m2\repository\org\skyscreamer\jsonassert\1.5.0\jsonassert-1.5.0.jar;C:\Users\Admin\.m2\repository\com\vaadin\external\google\android-json\0.0.20131108.vaadin1\android-json-0.0.20131108.vaadin1.jar;C:\Users\Admin\.m2\repository\org\springframework\spring-test\5.3.13\spring-test-5.3.13.jar;C:\Users\Admin\.m2\repository\org\xmlunit\xmlunit-core\2.8.3\xmlunit-core-2.8.3.jar;C:\Users\Admin\.m2\repository\org\springframework\cloud\spring-cloud-starter-openfeign\3.0.3\spring-cloud-starter-openfeign-3.0.3.jar;C:\Users\Admin\.m2\repository\org\springframework\cloud\spring-cloud-openfeign-core\3.0.3\spring-cloud-openfeign-core-3.0.3.jar;C:\Users\Admin\.m2\repository\io\github\openfeign\form\feign-form-spring\3.8.0\feign-form-spring-3.8.0.jar;C:\Users\Admin\.m2\repository\io\github\openfeign\form\feign-form\3.8.0\feign-form-3.8.0.jar;C:\Users\Admin\.m2\repository\commons-fileupload\commons-fileupload\1.4\commons-fileupload-1.4.jar;C:\Users\Admin\.m2\repository\commons-io\commons-io\2.2\commons-io-2.2.jar;C:\Users\Admin\.m2\repository\org\springframework\cloud\spring-cloud-commons\3.0.3\spring-cloud-commons-3.0.3.jar;C:\Users\Admin\.m2\repository\io\github\openfeign\feign-core\10.12\feign-core-10.12.jar;C:\Users\Admin\.m2\repository\io\github\openfeign\feign-slf4j\10.12\feign-slf4j-10.12.jar
Launcher Type: SUN_STANDARD

[Global flags]
     intx CICompilerCount                          = 3                                         {product} {ergonomic}
     uint ConcGCThreads                            = 1                                         {product} {ergonomic}
     uint G1ConcRefinementThreads                  = 4                                         {product} {ergonomic}
   size_t G1HeapRegionSize                         = 1048576                                   {product} {ergonomic}
    uintx GCDrainStackTargetSize                   = 64                                        {product} {ergonomic}
   size_t InitialHeapSize                          = 134217728                                 {product} {ergonomic}
     bool ManagementServer                         = true                                      {product} {command line}
   size_t MarkStackSize                            = 4194304                                   {product} {ergonomic}
   size_t MaxHeapSize                              = 2120220672                                {product} {ergonomic}
   size_t MaxNewSize                               = 1271922688                                {product} {ergonomic}
   size_t MinHeapDeltaBytes                        = 1048576                                   {product} {ergonomic}
   size_t MinHeapSize                              = 8388608                                   {product} {ergonomic}
    uintx NonProfiledCodeHeapSize                  = 0                                      {pd product} {ergonomic}
     bool ProfileInterpreter                       = false                                  {pd product} {command line}
    uintx ProfiledCodeHeapSize                     = 0                                      {pd product} {ergonomic}
   size_t SoftMaxHeapSize                          = 2120220672                             {manageable} {ergonomic}
     intx TieredStopAtLevel                        = 1                                         {product} {command line}
     bool UseCompressedClassPointers               = true                           {product lp64_product} {ergonomic}
     bool UseCompressedOops                        = true                           {product lp64_product} {ergonomic}
     bool UseG1GC                                  = true                                      {product} {ergonomic}
     bool UseLargePagesIndividualAllocation        = false                                  {pd product} {ergonomic}

Logging:
Log output configuration:
 #0: stdout all=warning uptime,level,tags foldmultilines=false
 #1: stderr all=off uptime,level,tags foldmultilines=false

Environment Variables:
JAVA_HOME=C:\Program Files\Java\jdk-17.0.1
PATH=C:\Users\Admin\AppData\Roaming\npm;C:\Program Files\Common Files\Oracle\Java\javapath;C:\WINDOWS\system32;C:\WINDOWS;C:\WINDOWS\System32\Wbem;C:\WINDOWS\System32\WindowsPowerShell\v1.0\;C:\WINDOWS\System32\OpenSSH\;C:\Program Files\nodejs\;D:\flutter_windows_2.8.1-stable\flutter\bin;C:\Users\Admin\AppData\Local\Android\Sdk\emulator;C:\Program Files\apache-maven-3.8.4\bin;C:\Program Files\Docker\Docker\resources\bin;C:\ProgramData\DockerDesktop\version-bin;C:\Program Files\Git\cmd;C:\Program Files\Cloudflare\Cloudflare WARP\;C:\Users\Admin\AppData\Local\Pub\Cache\bin;C:\Users\Admin\AppData\Roaming\npm;C:\Program Files\Java\jdk-17.0.1\bin;C:\Users\Admin\AppData\Local\Microsoft\WindowsApps;C:\Users\Admin\AppData\Local\Programs\Microsoft VS Code\bin;C:\Users\Admin\AppData\Local\Pub\Cache\bin;
USERNAME=Admin
OS=Windows_NT
PROCESSOR_IDENTIFIER=Intel64 Family 6 Model 61 Stepping 4, GenuineIntel



---------------  S Y S T E M  ---------------

OS:
 Windows 11 , 64 bit Build 22621 (10.0.22621.436)
OS uptime: 0 days 13:20 hours
Hyper-V role detected

CPU: total 4 (initial active 4) (2 cores per cpu, 2 threads per core) family 6 model 61 stepping 4 microcode 0x2f, cx8, cmov, fxsr, ht, mmx, 3dnowpref, sse, sse2, sse3, ssse3, sse4.1, sse4.2, popcnt, lzcnt, tsc, tscinvbit, avx, avx2, aes, erms, clmul, bmi1, bmi2, rtm, adx, fma, vzeroupper, clflush, hv

Memory: 4k page, system-wide physical 8087M (1159M free)
TotalPageFile size 22423M (AvailPageFile size 10003M)
current process WorkingSet (physical memory assigned to process): 224M, peak: 284M
current process commit charge ("private bytes"): 330M, peak: 330M

vm_info: OpenJDK 64-Bit Server VM (18.0.2+9-61) for windows-amd64 JRE (18.0.2+9-61), built on Jun  7 2022 13:05:59 by "mach5one" with MS VC++ 16.8 / 16.9 (VS2019)

END.
